VisitDirPathVector: "/home/dzliu/Cloud/2016/Publications/goodsn-cat/plots/Plot_z_SFR_Mstar_SFR_Cosmic_SFR/Plot_Mstar_SFR"
VisitDirPathVector: "/home/dzliu/Cloud/Github/DeepFields.SuperDeblending/datarelease/201609/catalog_daddi_dzliu_goodsn_20160909"
VisitDirPathVector: chdir /home
VisitDirPathVector: chdir dzliu
VisitDirPathVector: chdir Cloud
VisitDirPathVector: chdir Github
VisitDirPathVector: chdir DeepFields.SuperDeblending
VisitDirPathVector: chdir datarelease
VisitDirPathVector: chdir 201609
VisitDirPathVector: chdir catalog_daddi_dzliu_goodsn_20160909
CatalogReader: 
prepared data array: Mgas, Mgas_Scoville2015
CatalogReader: done!

VisitDirPathVector: "/home/dzliu/Cloud/Github/DeepFields.SuperDeblending/datarelease/201609/catalog_daddi_dzliu_goodsn_20160909"
VisitDirPathVector: "/home/dzliu/Cloud/2016/Publications/goodsn-cat/plots/Plot_z_SFR_Mstar_SFR_Cosmic_SFR/Plot_Mstar_SFR"
VisitDirPathVector: chdir /home
VisitDirPathVector: chdir dzliu
VisitDirPathVector: chdir Cloud
VisitDirPathVector: chdir 2016
VisitDirPathVector: chdir Publications
VisitDirPathVector: chdir goodsn-cat
VisitDirPathVector: chdir plots
VisitDirPathVector: chdir Plot_z_SFR_Mstar_SFR_Cosmic_SFR
VisitDirPathVector: chdir Plot_Mstar_SFR
Number of goodArea detected sources without Mstar is 1 between 0 and 0.5
plt_x_MEAN = 9.914293683
plt_y_MEAN = 0.3479922358
crabPlotOpenPS: Opening "Plot_MStar_SFR_v1.eps" 
Number of MS 126
Number of SB 7
Fraction of SB 0.05263157895
crabPlotClosePS: Output to "Plot_MStar_SFR_v1.eps"! 
VisitDirPathVector: "/home/dzliu/Cloud/2016/Publications/goodsn-cat/plots/Plot_z_SFR_Mstar_SFR_Cosmic_SFR/Plot_Mstar_SFR"
VisitDirPathVector: "/home/dzliu/Cloud/Github/DeepFields.SuperDeblending/datarelease/201609/catalog_daddi_dzliu_goodsn_20160909"
VisitDirPathVector: chdir /home
VisitDirPathVector: chdir dzliu
VisitDirPathVector: chdir Cloud
VisitDirPathVector: chdir Github
VisitDirPathVector: chdir DeepFields.SuperDeblending
VisitDirPathVector: chdir datarelease
VisitDirPathVector: chdir 201609
VisitDirPathVector: chdir catalog_daddi_dzliu_goodsn_20160909
CatalogReader: 
prepared data array: Mgas, Mgas_Scoville2015
CatalogReader: done!

VisitDirPathVector: "/home/dzliu/Cloud/Github/DeepFields.SuperDeblending/datarelease/201609/catalog_daddi_dzliu_goodsn_20160909"
VisitDirPathVector: "/home/dzliu/Cloud/2016/Publications/goodsn-cat/plots/Plot_z_SFR_Mstar_SFR_Cosmic_SFR/Plot_Mstar_SFR"
VisitDirPathVector: chdir /home
VisitDirPathVector: chdir dzliu
VisitDirPathVector: chdir Cloud
VisitDirPathVector: chdir 2016
VisitDirPathVector: chdir Publications
VisitDirPathVector: chdir goodsn-cat
VisitDirPathVector: chdir plots
VisitDirPathVector: chdir Plot_z_SFR_Mstar_SFR_Cosmic_SFR
VisitDirPathVector: chdir Plot_Mstar_SFR
Number of goodArea detected sources without Mstar is 1 between 0.5 and 1
plt_x_MEAN = 10.22835625
plt_y_MEAN = 1.015211567
crabPlotOpenPS: Opening "Plot_MStar_SFR_v1.eps" 
Number of MS 293
Number of SB 23
Fraction of SB 0.07278481013
crabPlotClosePS: Output to "Plot_MStar_SFR_v1.eps"! 
VisitDirPathVector: "/home/dzliu/Cloud/2016/Publications/goodsn-cat/plots/Plot_z_SFR_Mstar_SFR_Cosmic_SFR/Plot_Mstar_SFR"
VisitDirPathVector: "/home/dzliu/Cloud/Github/DeepFields.SuperDeblending/datarelease/201609/catalog_daddi_dzliu_goodsn_20160909"
VisitDirPathVector: chdir /home
VisitDirPathVector: chdir dzliu
VisitDirPathVector: chdir Cloud
VisitDirPathVector: chdir Github
VisitDirPathVector: chdir DeepFields.SuperDeblending
VisitDirPathVector: chdir datarelease
VisitDirPathVector: chdir 201609
VisitDirPathVector: chdir catalog_daddi_dzliu_goodsn_20160909
CatalogReader: 
prepared data array: Mgas, Mgas_Scoville2015
CatalogReader: done!

VisitDirPathVector: "/home/dzliu/Cloud/Github/DeepFields.SuperDeblending/datarelease/201609/catalog_daddi_dzliu_goodsn_20160909"
VisitDirPathVector: "/home/dzliu/Cloud/2016/Publications/goodsn-cat/plots/Plot_z_SFR_Mstar_SFR_Cosmic_SFR/Plot_Mstar_SFR"
VisitDirPathVector: chdir /home
VisitDirPathVector: chdir dzliu
VisitDirPathVector: chdir Cloud
VisitDirPathVector: chdir 2016
VisitDirPathVector: chdir Publications
VisitDirPathVector: chdir goodsn-cat
VisitDirPathVector: chdir plots
VisitDirPathVector: chdir Plot_z_SFR_Mstar_SFR_Cosmic_SFR
VisitDirPathVector: chdir Plot_Mstar_SFR
Number of goodArea detected sources without Mstar is 0 between 1 and 1.5
plt_x_MEAN = 10.48203499
plt_y_MEAN = 1.537320969
crabPlotOpenPS: Opening "Plot_MStar_SFR_v1.eps" 
Number of MS 155
Number of SB 11
Fraction of SB 0.06626506024
crabPlotClosePS: Output to "Plot_MStar_SFR_v1.eps"! 
VisitDirPathVector: "/home/dzliu/Cloud/2016/Publications/goodsn-cat/plots/Plot_z_SFR_Mstar_SFR_Cosmic_SFR/Plot_Mstar_SFR"
VisitDirPathVector: "/home/dzliu/Cloud/Github/DeepFields.SuperDeblending/datarelease/201609/catalog_daddi_dzliu_goodsn_20160909"
VisitDirPathVector: chdir /home
VisitDirPathVector: chdir dzliu
VisitDirPathVector: chdir Cloud
VisitDirPathVector: chdir Github
VisitDirPathVector: chdir DeepFields.SuperDeblending
VisitDirPathVector: chdir datarelease
VisitDirPathVector: chdir 201609
VisitDirPathVector: chdir catalog_daddi_dzliu_goodsn_20160909
CatalogReader: 
prepared data array: Mgas, Mgas_Scoville2015
CatalogReader: done!

VisitDirPathVector: "/home/dzliu/Cloud/Github/DeepFields.SuperDeblending/datarelease/201609/catalog_daddi_dzliu_goodsn_20160909"
VisitDirPathVector: "/home/dzliu/Cloud/2016/Publications/goodsn-cat/plots/Plot_z_SFR_Mstar_SFR_Cosmic_SFR/Plot_Mstar_SFR"
VisitDirPathVector: chdir /home
VisitDirPathVector: chdir dzliu
VisitDirPathVector: chdir Cloud
VisitDirPathVector: chdir 2016
VisitDirPathVector: chdir Publications
VisitDirPathVector: chdir goodsn-cat
VisitDirPathVector: chdir plots
VisitDirPathVector: chdir Plot_z_SFR_Mstar_SFR_Cosmic_SFR
VisitDirPathVector: chdir Plot_Mstar_SFR
Number of goodArea detected sources without Mstar is 0 between 1.5 and 2
plt_x_MEAN = 10.58188095
plt_y_MEAN = 1.880826995
crabPlotOpenPS: Opening "Plot_MStar_SFR_v1.eps" 
Number of MS 76
Number of SB 4
Fraction of SB 0.05
crabPlotClosePS: Output to "Plot_MStar_SFR_v1.eps"! 
VisitDirPathVector: "/home/dzliu/Cloud/2016/Publications/goodsn-cat/plots/Plot_z_SFR_Mstar_SFR_Cosmic_SFR/Plot_Mstar_SFR"
VisitDirPathVector: "/home/dzliu/Cloud/Github/DeepFields.SuperDeblending/datarelease/201609/catalog_daddi_dzliu_goodsn_20160909"
VisitDirPathVector: chdir /home
VisitDirPathVector: chdir dzliu
VisitDirPathVector: chdir Cloud
VisitDirPathVector: chdir Github
VisitDirPathVector: chdir DeepFields.SuperDeblending
VisitDirPathVector: chdir datarelease
VisitDirPathVector: chdir 201609
VisitDirPathVector: chdir catalog_daddi_dzliu_goodsn_20160909
CatalogReader: 
prepared data array: Mgas, Mgas_Scoville2015
CatalogReader: done!

VisitDirPathVector: "/home/dzliu/Cloud/Github/DeepFields.SuperDeblending/datarelease/201609/catalog_daddi_dzliu_goodsn_20160909"
VisitDirPathVector: "/home/dzliu/Cloud/2016/Publications/goodsn-cat/plots/Plot_z_SFR_Mstar_SFR_Cosmic_SFR/Plot_Mstar_SFR"
VisitDirPathVector: chdir /home
VisitDirPathVector: chdir dzliu
VisitDirPathVector: chdir Cloud
VisitDirPathVector: chdir 2016
VisitDirPathVector: chdir Publications
VisitDirPathVector: chdir goodsn-cat
VisitDirPathVector: chdir plots
VisitDirPathVector: chdir Plot_z_SFR_Mstar_SFR_Cosmic_SFR
VisitDirPathVector: chdir Plot_Mstar_SFR
Number of goodArea detected sources without Mstar is 0 between 2 and 2.5
plt_x_MEAN = 10.7304401
plt_y_MEAN = 2.179038333
crabPlotOpenPS: Opening "Plot_MStar_SFR_v1.eps" 
Number of MS 66
Number of SB 9
Fraction of SB 0.12
crabPlotClosePS: Output to "Plot_MStar_SFR_v1.eps"! 
VisitDirPathVector: "/home/dzliu/Cloud/2016/Publications/goodsn-cat/plots/Plot_z_SFR_Mstar_SFR_Cosmic_SFR/Plot_Mstar_SFR"
VisitDirPathVector: "/home/dzliu/Cloud/Github/DeepFields.SuperDeblending/datarelease/201609/catalog_daddi_dzliu_goodsn_20160909"
VisitDirPathVector: chdir /home
VisitDirPathVector: chdir dzliu
VisitDirPathVector: chdir Cloud
VisitDirPathVector: chdir Github
VisitDirPathVector: chdir DeepFields.SuperDeblending
VisitDirPathVector: chdir datarelease
VisitDirPathVector: chdir 201609
VisitDirPathVector: chdir catalog_daddi_dzliu_goodsn_20160909
CatalogReader: 
prepared data array: Mgas, Mgas_Scoville2015
CatalogReader: done!

VisitDirPathVector: "/home/dzliu/Cloud/Github/DeepFields.SuperDeblending/datarelease/201609/catalog_daddi_dzliu_goodsn_20160909"
VisitDirPathVector: "/home/dzliu/Cloud/2016/Publications/goodsn-cat/plots/Plot_z_SFR_Mstar_SFR_Cosmic_SFR/Plot_Mstar_SFR"
VisitDirPathVector: chdir /home
VisitDirPathVector: chdir dzliu
VisitDirPathVector: chdir Cloud
VisitDirPathVector: chdir 2016
VisitDirPathVector: chdir Publications
VisitDirPathVector: chdir goodsn-cat
VisitDirPathVector: chdir plots
VisitDirPathVector: chdir Plot_z_SFR_Mstar_SFR_Cosmic_SFR
VisitDirPathVector: chdir Plot_Mstar_SFR
Number of goodArea detected sources without Mstar is 1 between 2.5 and 3
plt_x_MEAN = 10.73164039
plt_y_MEAN = 2.375151042
crabPlotOpenPS: Opening "Plot_MStar_SFR_v1.eps" 
Number of MS 27
Number of SB 4
Fraction of SB 0.1290322581
crabPlotClosePS: Output to "Plot_MStar_SFR_v1.eps"! 
VisitDirPathVector: "/home/dzliu/Cloud/2016/Publications/goodsn-cat/plots/Plot_z_SFR_Mstar_SFR_Cosmic_SFR/Plot_Mstar_SFR"
VisitDirPathVector: "/home/dzliu/Cloud/Github/DeepFields.SuperDeblending/datarelease/201609/catalog_daddi_dzliu_goodsn_20160909"
VisitDirPathVector: chdir /home
VisitDirPathVector: chdir dzliu
VisitDirPathVector: chdir Cloud
VisitDirPathVector: chdir Github
VisitDirPathVector: chdir DeepFields.SuperDeblending
VisitDirPathVector: chdir datarelease
VisitDirPathVector: chdir 201609
VisitDirPathVector: chdir catalog_daddi_dzliu_goodsn_20160909
CatalogReader: 
prepared data array: Mgas, Mgas_Scoville2015
CatalogReader: done!

VisitDirPathVector: "/home/dzliu/Cloud/Github/DeepFields.SuperDeblending/datarelease/201609/catalog_daddi_dzliu_goodsn_20160909"
VisitDirPathVector: "/home/dzliu/Cloud/2016/Publications/goodsn-cat/plots/Plot_z_SFR_Mstar_SFR_Cosmic_SFR/Plot_Mstar_SFR"
VisitDirPathVector: chdir /home
VisitDirPathVector: chdir dzliu
VisitDirPathVector: chdir Cloud
VisitDirPathVector: chdir 2016
VisitDirPathVector: chdir Publications
VisitDirPathVector: chdir goodsn-cat
VisitDirPathVector: chdir plots
VisitDirPathVector: chdir Plot_z_SFR_Mstar_SFR_Cosmic_SFR
VisitDirPathVector: chdir Plot_Mstar_SFR
Number of goodArea detected sources without Mstar is 3 between 3 and 4
plt_x_MEAN = 10.88137527
plt_y_MEAN = 2.58127962
crabPlotOpenPS: Opening "Plot_MStar_SFR_v1.eps" 
Number of MS 27
Number of SB 7
Fraction of SB 0.2058823529
crabPlotClosePS: Output to "Plot_MStar_SFR_v1.eps"! 
VisitDirPathVector: "/home/dzliu/Cloud/2016/Publications/goodsn-cat/plots/Plot_z_SFR_Mstar_SFR_Cosmic_SFR/Plot_Mstar_SFR"
VisitDirPathVector: "/home/dzliu/Cloud/Github/DeepFields.SuperDeblending/datarelease/201609/catalog_daddi_dzliu_goodsn_20160909"
VisitDirPathVector: chdir /home
VisitDirPathVector: chdir dzliu
VisitDirPathVector: chdir Cloud
VisitDirPathVector: chdir Github
VisitDirPathVector: chdir DeepFields.SuperDeblending
VisitDirPathVector: chdir datarelease
VisitDirPathVector: chdir 201609
VisitDirPathVector: chdir catalog_daddi_dzliu_goodsn_20160909
CatalogReader: 
prepared data array: Mgas, Mgas_Scoville2015
CatalogReader: done!

VisitDirPathVector: "/home/dzliu/Cloud/Github/DeepFields.SuperDeblending/datarelease/201609/catalog_daddi_dzliu_goodsn_20160909"
VisitDirPathVector: "/home/dzliu/Cloud/2016/Publications/goodsn-cat/plots/Plot_z_SFR_Mstar_SFR_Cosmic_SFR/Plot_Mstar_SFR"
VisitDirPathVector: chdir /home
VisitDirPathVector: chdir dzliu
VisitDirPathVector: chdir Cloud
VisitDirPathVector: chdir 2016
VisitDirPathVector: chdir Publications
VisitDirPathVector: chdir goodsn-cat
VisitDirPathVector: chdir plots
VisitDirPathVector: chdir Plot_z_SFR_Mstar_SFR_Cosmic_SFR
VisitDirPathVector: chdir Plot_Mstar_SFR
Number of goodArea detected sources without Mstar is 0 between 4 and 6
plt_x_MEAN = 11.28596762
plt_y_MEAN = 2.930330515
crabPlotOpenPS: Opening "Plot_MStar_SFR_v1.eps" 
Number of MS 10
Number of SB 2
Fraction of SB 0.1666666667
crabPlotClosePS: Output to "Plot_MStar_SFR_v1.eps"! 
VisitDirPathVector: "/home/dzliu/Cloud/2016/Publications/goodsn-cat/plots/Plot_z_SFR_Mstar_SFR_Cosmic_SFR/Plot_Mstar_SFR"
VisitDirPathVector: "/home/dzliu/Cloud/Github/DeepFields.SuperDeblending/datarelease/201609/catalog_daddi_dzliu_goodsn_20160909"
VisitDirPathVector: chdir /home
VisitDirPathVector: chdir dzliu
VisitDirPathVector: chdir Cloud
VisitDirPathVector: chdir Github
VisitDirPathVector: chdir DeepFields.SuperDeblending
VisitDirPathVector: chdir datarelease
VisitDirPathVector: chdir 201609
VisitDirPathVector: chdir catalog_daddi_dzliu_goodsn_20160909
CatalogReader: 
prepared data array: Mgas, Mgas_Scoville2015
CatalogReader: done!

VisitDirPathVector: "/home/dzliu/Cloud/Github/DeepFields.SuperDeblending/datarelease/201609/catalog_daddi_dzliu_goodsn_20160909"
VisitDirPathVector: "/home/dzliu/Cloud/2016/Publications/goodsn-cat/plots/Plot_z_SFR_Mstar_SFR_Cosmic_SFR/Plot_Mstar_SFR"
VisitDirPathVector: chdir /home
VisitDirPathVector: chdir dzliu
VisitDirPathVector: chdir Cloud
VisitDirPathVector: chdir 2016
VisitDirPathVector: chdir Publications
VisitDirPathVector: chdir goodsn-cat
VisitDirPathVector: chdir plots
VisitDirPathVector: chdir Plot_z_SFR_Mstar_SFR_Cosmic_SFR
VisitDirPathVector: chdir Plot_Mstar_SFR
Number of goodArea detected sources without Mstar is 0 between 4 and 7
plt_x_MEAN = 11.34089319
plt_y_MEAN = 2.925089016
crabPlotOpenPS: Opening "Plot_MStar_SFR_v1.eps" 
Number of MS 11
Number of SB 2
Fraction of SB 0.1538461538
crabPlotClosePS: Output to "Plot_MStar_SFR_v1.eps"! 
