\BOOKMARK [1][-]{section.1}{Abstract}{}% 1
\BOOKMARK [1][-]{section.2}{Band\04024}{}% 2
\BOOKMARK [2][-]{subsection.2.1}{Galfit\040at\040band\04024}{section.2}% 3
\BOOKMARK [2][-]{subsection.2.2}{Galsim\040at\040band\04024}{section.2}% 4
\BOOKMARK [2][-]{subsection.2.3}{Galsim\040Analysis\040at\040band\04024}{section.2}% 5
\BOOKMARK [2][-]{subsection.2.4}{Comparing\040the\040measurements\040with\040literature\040at\040band\04024}{section.2}% 6
\BOOKMARK [1][-]{section.3}{Band\04020cm\040\(Owen's\040map\)}{}% 7
\BOOKMARK [2][-]{subsection.3.1}{Galfit\040at\040band\04020cm\040\(Owen's\040map\)}{section.3}% 8
\BOOKMARK [2][-]{subsection.3.2}{Galsim\040at\040band\04020cm\040\(Owen's\040map\)}{section.3}% 9
\BOOKMARK [2][-]{subsection.3.3}{Galsim\040Analysis\040at\040band\04020cm\040\(Owen's\040map\)}{section.3}% 10
\BOOKMARK [2][-]{subsection.3.4}{Compare\040with\040literature:\040Elbaz\040et\040al.\0402013}{section.3}% 11
\BOOKMARK [1][-]{section.4}{Band\04020cm\040\(Morrison's\040map\)}{}% 12
\BOOKMARK [2][-]{subsection.4.1}{Galfit\040at\040band\04020cm\040\(Morrison's\040map\)}{section.4}% 13
\BOOKMARK [2][-]{subsection.4.2}{Galsim\040at\040band\04020cm\040\(Morrison's\040map\)}{section.4}% 14
\BOOKMARK [2][-]{subsection.4.3}{Galsim\040Analysis\040at\040band\04020cm\040\(Morrison's\040map\)}{section.4}% 15
\BOOKMARK [2][-]{subsection.4.4}{Compare\040with\040literature:\040Morrison\040et\040al.\0402010}{section.4}% 16
\BOOKMARK [1][-]{appendix.A}{Software\040Dependencies}{}% 17
\BOOKMARK [1][-]{appendix.B}{Discussed\040Issues}{}% 18
\BOOKMARK [2][-]{subsection.B.1}{Do\040we\040use\040dzliu\0402015\04024m\040measurements?}{appendix.B}% 19
\BOOKMARK [2][-]{subsection.B.2}{Do\040we\040use\040dzliu\0402015\04020cm\040measurements?}{appendix.B}% 20
\BOOKMARK [2][-]{subsection.B.3}{How\040are\040dzliu\0402015\04024m\040measurements\040affecting\04024+radio\040catalog\040selection?}{appendix.B}% 21
