\BOOKMARK [1][-]{section.1}{Abstract}{}% 1
\BOOKMARK [1][-]{section.2}{Dashboard}{}% 2
\BOOKMARK [1][-]{section.3}{Band\040100}{}% 3
\BOOKMARK [2][-]{subsection.3.1}{SED\040fitting\040before\040band\040100}{section.3}% 4
\BOOKMARK [2][-]{subsection.3.2}{SED\040prediction\040for\040band\040100}{section.3}% 5
\BOOKMARK [2][-]{subsection.3.3}{Faint\040flux\040subtraction\040at\040band\040100}{section.3}% 6
\BOOKMARK [2][-]{subsection.3.4}{Galfit\040photometry\040at\040band\040100}{section.3}% 7
\BOOKMARK [2][-]{subsection.3.5}{Residual\040image\040at\040band\040100}{section.3}% 8
\BOOKMARK [2][-]{subsection.3.6}{Monte-Carlo\040simulation\040at\040band\040100}{section.3}% 9
\BOOKMARK [2][-]{subsection.3.7}{Flux\040bias\040and\040flux\040uncertainty\040correction}{section.3}% 10
\BOOKMARK [1][-]{section.4}{Band\040160}{}% 11
\BOOKMARK [2][-]{subsection.4.1}{SED\040fitting\040before\040band\040160}{section.4}% 12
\BOOKMARK [2][-]{subsection.4.2}{SED\040prediction\040for\040band\040160}{section.4}% 13
\BOOKMARK [2][-]{subsection.4.3}{Faint\040flux\040subtraction\040at\040band\040160}{section.4}% 14
\BOOKMARK [2][-]{subsection.4.4}{Galfit\040photometry\040at\040band\040160}{section.4}% 15
\BOOKMARK [2][-]{subsection.4.5}{Residual\040image\040at\040band\040160}{section.4}% 16
\BOOKMARK [2][-]{subsection.4.6}{Monte-Carlo\040simulation\040at\040band\040160}{section.4}% 17
\BOOKMARK [2][-]{subsection.4.7}{Flux\040bias\040and\040flux\040uncertainty\040correction}{section.4}% 18
\BOOKMARK [2][-]{subsection.4.8}{Update\040catalog\040with\040the\040measurements\040of\040band\040160}{section.4}% 19
\BOOKMARK [1][-]{section.5}{Band\040250}{}% 20
\BOOKMARK [2][-]{subsection.5.1}{SED\040fitting\040before\040band\040250}{section.5}% 21
\BOOKMARK [2][-]{subsection.5.2}{SED\040prediction\040for\040band\040250}{section.5}% 22
\BOOKMARK [2][-]{subsection.5.3}{Faint\040flux\040subtraction\040at\040band\040250}{section.5}% 23
\BOOKMARK [2][-]{subsection.5.4}{Galfit\040photometry\040at\040band\040250}{section.5}% 24
\BOOKMARK [2][-]{subsection.5.5}{Residual\040image\040at\040band\040250}{section.5}% 25
\BOOKMARK [2][-]{subsection.5.6}{Monte-Carlo\040simulation\040at\040band\040250}{section.5}% 26
\BOOKMARK [2][-]{subsection.5.7}{Flux\040bias\040and\040flux\040uncertainty\040correction}{section.5}% 27
\BOOKMARK [2][-]{subsection.5.8}{Update\040catalog\040with\040new\040corrected\040measurements}{section.5}% 28
\BOOKMARK [1][-]{section.6}{Band\040350}{}% 29
\BOOKMARK [2][-]{subsection.6.1}{SED\040fitting\040before\040band\040350}{section.6}% 30
\BOOKMARK [2][-]{subsection.6.2}{SED\040prediction\040for\040band\040350}{section.6}% 31
\BOOKMARK [2][-]{subsection.6.3}{Faint\040flux\040subtraction\040at\040band\040350}{section.6}% 32
\BOOKMARK [2][-]{subsection.6.4}{Galfit\040photometry\040at\040band\040350}{section.6}% 33
\BOOKMARK [2][-]{subsection.6.5}{Residual\040image\040at\040band\040350}{section.6}% 34
\BOOKMARK [2][-]{subsection.6.6}{Monte-Carlo\040simulation\040at\040band\040350}{section.6}% 35
\BOOKMARK [2][-]{subsection.6.7}{Flux\040bias\040and\040flux\040uncertainty\040correction}{section.6}% 36
\BOOKMARK [1][-]{section.7}{Band\040500}{}% 37
\BOOKMARK [2][-]{subsection.7.1}{SED\040fitting\040before\040band\040500}{section.7}% 38
\BOOKMARK [2][-]{subsection.7.2}{SED\040prediction\040for\040band\040500}{section.7}% 39
\BOOKMARK [2][-]{subsection.7.3}{Faint\040flux\040subtraction\040at\040band\040500}{section.7}% 40
\BOOKMARK [2][-]{subsection.7.4}{Galfit\040photometry\040at\040band\040500}{section.7}% 41
\BOOKMARK [2][-]{subsection.7.5}{Residual\040image\040at\040band\040500}{section.7}% 42
\BOOKMARK [2][-]{subsection.7.6}{Monte-Carlo\040simulation\040at\040band\040500}{section.7}% 43
\BOOKMARK [2][-]{subsection.7.7}{Flux\040bias\040and\040flux\040uncertainty\040correction}{section.7}% 44
\BOOKMARK [1][-]{section.8}{Band\0401160}{}% 45
\BOOKMARK [2][-]{subsection.8.1}{SED\040fitting\040before\040band\0401160}{section.8}% 46
\BOOKMARK [2][-]{subsection.8.2}{SED\040prediction\040for\040band\0401160}{section.8}% 47
\BOOKMARK [2][-]{subsection.8.3}{Faint\040flux\040subtraction\040at\040band\0401160}{section.8}% 48
\BOOKMARK [2][-]{subsection.8.4}{Galfit\040photometry\040at\040band\0401160}{section.8}% 49
\BOOKMARK [2][-]{subsection.8.5}{Residual\040image\040at\040band\0401160}{section.8}% 50
\BOOKMARK [2][-]{subsection.8.6}{Monte-Carlo\040simulation\040at\040band\0401160}{section.8}% 51
\BOOKMARK [2][-]{subsection.8.7}{Flux\040bias\040and\040flux\040uncertainty\040correction}{section.8}% 52
\BOOKMARK [1][-]{appendix.A}{Setup\040supermongo\040in\040planer}{}% 53
\BOOKMARK [1][-]{appendix.B}{Setup\040supermongo\040in\040planer}{}% 54
