\BOOKMARK [1][-]{section.1}{Abstract}{}% 1
\BOOKMARK [1][-]{section.2}{Flow\040Chart}{}% 2
\BOOKMARK [1][-]{section.3}{Processing\040Status}{}% 3
\BOOKMARK [1][-]{section.4}{Band\040100}{}% 4
\BOOKMARK [2][-]{subsection.4.1}{SED\040fitting\040before\040band\040100}{section.4}% 5
\BOOKMARK [2][-]{subsection.4.2}{SED\040prediction\040for\040band\040100}{section.4}% 6
\BOOKMARK [2][-]{subsection.4.3}{Faint\040flux\040subtraction\040at\040band\040100}{section.4}% 7
\BOOKMARK [2][-]{subsection.4.4}{Galfit\040photometry\040at\040band\040100}{section.4}% 8
\BOOKMARK [2][-]{subsection.4.5}{Residual\040image\040at\040band\040100}{section.4}% 9
\BOOKMARK [2][-]{subsection.4.6}{Monte-Carlo\040simulation\040at\040band\040100}{section.4}% 10
\BOOKMARK [2][-]{subsection.4.7}{Flux\040bias\040and\040flux\040uncertainty\040correction}{section.4}% 11
\BOOKMARK [1][-]{section.5}{Band\040160}{}% 12
\BOOKMARK [2][-]{subsection.5.1}{SED\040fitting\040before\040band\040160}{section.5}% 13
\BOOKMARK [2][-]{subsection.5.2}{SED\040prediction\040for\040band\040160}{section.5}% 14
\BOOKMARK [2][-]{subsection.5.3}{Faint\040flux\040subtraction\040at\040band\040160}{section.5}% 15
\BOOKMARK [2][-]{subsection.5.4}{Galfit\040photometry\040at\040band\040160}{section.5}% 16
\BOOKMARK [2][-]{subsection.5.5}{Residual\040image\040at\040band\040160}{section.5}% 17
\BOOKMARK [2][-]{subsection.5.6}{Monte-Carlo\040simulation\040at\040band\040160}{section.5}% 18
\BOOKMARK [2][-]{subsection.5.7}{Flux\040bias\040and\040flux\040uncertainty\040correction}{section.5}% 19
\BOOKMARK [2][-]{subsection.5.8}{Update\040catalog\040with\040the\040measurements\040of\040band\040160}{section.5}% 20
\BOOKMARK [1][-]{section.6}{Band\040250}{}% 21
\BOOKMARK [2][-]{subsection.6.1}{SED\040fitting\040before\040band\040250}{section.6}% 22
\BOOKMARK [2][-]{subsection.6.2}{SED\040prediction\040for\040band\040250}{section.6}% 23
\BOOKMARK [2][-]{subsection.6.3}{Faint\040flux\040subtraction\040at\040band\040250}{section.6}% 24
\BOOKMARK [2][-]{subsection.6.4}{Galfit\040photometry\040at\040band\040250}{section.6}% 25
\BOOKMARK [2][-]{subsection.6.5}{Residual\040image\040at\040band\040250}{section.6}% 26
\BOOKMARK [2][-]{subsection.6.6}{Monte-Carlo\040simulation\040at\040band\040250}{section.6}% 27
\BOOKMARK [2][-]{subsection.6.7}{Flux\040bias\040and\040flux\040uncertainty\040correction}{section.6}% 28
\BOOKMARK [2][-]{subsection.6.8}{Update\040catalog\040with\040new\040corrected\040measurements}{section.6}% 29
\BOOKMARK [1][-]{section.7}{Band\040350}{}% 30
\BOOKMARK [2][-]{subsection.7.1}{SED\040fitting\040before\040band\040350}{section.7}% 31
\BOOKMARK [2][-]{subsection.7.2}{SED\040prediction\040for\040band\040350}{section.7}% 32
\BOOKMARK [2][-]{subsection.7.3}{Faint\040flux\040subtraction\040at\040band\040350}{section.7}% 33
\BOOKMARK [2][-]{subsection.7.4}{Galfit\040photometry\040at\040band\040350}{section.7}% 34
\BOOKMARK [2][-]{subsection.7.5}{Residual\040image\040at\040band\040350}{section.7}% 35
\BOOKMARK [2][-]{subsection.7.6}{Monte-Carlo\040simulation\040at\040band\040350}{section.7}% 36
\BOOKMARK [2][-]{subsection.7.7}{Flux\040bias\040and\040flux\040uncertainty\040correction}{section.7}% 37
\BOOKMARK [1][-]{section.8}{Band\040500}{}% 38
\BOOKMARK [2][-]{subsection.8.1}{SED\040fitting\040before\040band\040500}{section.8}% 39
\BOOKMARK [2][-]{subsection.8.2}{SED\040prediction\040for\040band\040500}{section.8}% 40
\BOOKMARK [2][-]{subsection.8.3}{Faint\040flux\040subtraction\040at\040band\040500}{section.8}% 41
\BOOKMARK [2][-]{subsection.8.4}{Galfit\040photometry\040at\040band\040500}{section.8}% 42
\BOOKMARK [2][-]{subsection.8.5}{Residual\040image\040at\040band\040500}{section.8}% 43
\BOOKMARK [2][-]{subsection.8.6}{Monte-Carlo\040simulation\040at\040band\040500}{section.8}% 44
\BOOKMARK [2][-]{subsection.8.7}{Flux\040bias\040and\040flux\040uncertainty\040correction}{section.8}% 45
\BOOKMARK [1][-]{section.9}{Band\0401160}{}% 46
\BOOKMARK [2][-]{subsection.9.1}{SED\040fitting\040before\040band\0401160}{section.9}% 47
\BOOKMARK [2][-]{subsection.9.2}{SED\040prediction\040for\040band\0401160}{section.9}% 48
\BOOKMARK [2][-]{subsection.9.3}{Faint\040flux\040subtraction\040at\040band\0401160}{section.9}% 49
\BOOKMARK [2][-]{subsection.9.4}{Galfit\040photometry\040at\040band\0401160}{section.9}% 50
\BOOKMARK [2][-]{subsection.9.5}{Residual\040image\040at\040band\0401160}{section.9}% 51
\BOOKMARK [2][-]{subsection.9.6}{Monte-Carlo\040simulation\040at\040band\0401160}{section.9}% 52
\BOOKMARK [2][-]{subsection.9.7}{Flux\040bias\040and\040flux\040uncertainty\040correction}{section.9}% 53
\BOOKMARK [1][-]{appendix.A}{Setup\040softwares\040in\040planer}{}% 54
\BOOKMARK [1][-]{appendix.B}{Setup\040supermongo\040in\040planer}{}% 55
