This is XeTeX, Version 3.14159265-2.6-0.99996 (TeX Live 2016) (preloaded format=xelatex 2016.11.30)  5 JAN 2017 15:02
entering extended mode
 restricted \write18 enabled.
 %&-line parsing enabled.
**A_Superdeblending_Manual.tex
(./A_Superdeblending_Manual.tex
LaTeX2e <2016/03/31> patch level 3
Babel <3.9r> and hyphenation patterns for 83 language(s) loaded.
(/usr/local/texlive/2016/texmf-dist/tex/latex/base/article.cls
Document Class: article 2014/09/29 v1.4h Standard LaTeX document class
(/usr/local/texlive/2016/texmf-dist/tex/latex/base/size11.clo
File: size11.clo 2014/09/29 v1.4h Standard LaTeX file (size option)
)
\c@part=\count79
\c@section=\count80
\c@subsection=\count81
\c@subsubsection=\count82
\c@paragraph=\count83
\c@subparagraph=\count84
\c@figure=\count85
\c@table=\count86
\abovecaptionskip=\skip41
\belowcaptionskip=\skip42
\bibindent=\dimen102
)
(/usr/local/texlive/2016/texmf-dist/tex/latex/geometry/geometry.sty
Package: geometry 2010/09/12 v5.6 Page Geometry

(/usr/local/texlive/2016/texmf-dist/tex/latex/graphics/keyval.sty
Package: keyval 2014/10/28 v1.15 key=value parser (DPC)
\KV@toks@=\toks14
)
(/usr/local/texlive/2016/texmf-dist/tex/generic/oberdiek/ifpdf.sty
Package: ifpdf 2016/05/14 v3.1 Provides the ifpdf switch
)
(/usr/local/texlive/2016/texmf-dist/tex/generic/oberdiek/ifvtex.sty
Package: ifvtex 2016/05/16 v1.6 Detect VTeX and its facilities (HO)
Package ifvtex Info: VTeX not detected.
)
(/usr/local/texlive/2016/texmf-dist/tex/generic/ifxetex/ifxetex.sty
Package: ifxetex 2010/09/12 v0.6 Provides ifxetex conditional
)
\Gm@cnth=\count87
\Gm@cntv=\count88
\c@Gm@tempcnt=\count89
\Gm@bindingoffset=\dimen103
\Gm@wd@mp=\dimen104
\Gm@odd@mp=\dimen105
\Gm@even@mp=\dimen106
\Gm@layoutwidth=\dimen107
\Gm@layoutheight=\dimen108
\Gm@layouthoffset=\dimen109
\Gm@layoutvoffset=\dimen110
\Gm@dimlist=\toks15
)
(/usr/local/texlive/2016/texmf-dist/tex/latex/base/inputenc.sty
Package: inputenc 2015/03/17 v1.2c Input encoding file
\inpenc@prehook=\toks16
\inpenc@posthook=\toks17


Package inputenc Warning: inputenc package ignored with utf8 based engines.

) (/usr/local/texlive/2016/texmf-dist/tex/latex/psnfss/courier.sty
Package: courier 2005/04/12 PSNFSS-v9.2a (WaS) 
)
(/usr/local/texlive/2016/texmf-dist/tex/latex/amsmath/amsmath.sty
Package: amsmath 2016/06/28 v2.15d AMS math features
\@mathmargin=\skip43

For additional information on amsmath, use the `?' option.
(/usr/local/texlive/2016/texmf-dist/tex/latex/amsmath/amstext.sty
Package: amstext 2000/06/29 v2.01 AMS text

(/usr/local/texlive/2016/texmf-dist/tex/latex/amsmath/amsgen.sty
File: amsgen.sty 1999/11/30 v2.0 generic functions
\@emptytoks=\toks18
\ex@=\dimen111
))
(/usr/local/texlive/2016/texmf-dist/tex/latex/amsmath/amsbsy.sty
Package: amsbsy 1999/11/29 v1.2d Bold Symbols
\pmbraise@=\dimen112
)
(/usr/local/texlive/2016/texmf-dist/tex/latex/amsmath/amsopn.sty
Package: amsopn 2016/03/08 v2.02 operator names
)
\inf@bad=\count90
LaTeX Info: Redefining \frac on input line 199.
\uproot@=\count91
\leftroot@=\count92
LaTeX Info: Redefining \overline on input line 297.
\classnum@=\count93
\DOTSCASE@=\count94
LaTeX Info: Redefining \ldots on input line 394.
LaTeX Info: Redefining \dots on input line 397.
LaTeX Info: Redefining \cdots on input line 518.
\Mathstrutbox@=\box26
\strutbox@=\box27
\big@size=\dimen113
LaTeX Font Info:    Redeclaring font encoding OML on input line 634.
LaTeX Font Info:    Redeclaring font encoding OMS on input line 635.
\macc@depth=\count95
\c@MaxMatrixCols=\count96
\dotsspace@=\muskip10
\c@parentequation=\count97
\dspbrk@lvl=\count98
\tag@help=\toks19
\row@=\count99
\column@=\count100
\maxfields@=\count101
\andhelp@=\toks20
\eqnshift@=\dimen114
\alignsep@=\dimen115
\tagshift@=\dimen116
\tagwidth@=\dimen117
\totwidth@=\dimen118
\lineht@=\dimen119
\@envbody=\toks21
\multlinegap=\skip44
\multlinetaggap=\skip45
\mathdisplay@stack=\toks22
LaTeX Info: Redefining \[ on input line 2739.
LaTeX Info: Redefining \] on input line 2740.
)
(/usr/local/texlive/2016/texmf-dist/tex/latex/amsfonts/amsfonts.sty
Package: amsfonts 2013/01/14 v3.01 Basic AMSFonts support
\symAMSa=\mathgroup4
\symAMSb=\mathgroup5
LaTeX Font Info:    Overwriting math alphabet `\mathfrak' in version `bold'
(Font)                  U/euf/m/n --> U/euf/b/n on input line 106.
)
(/usr/local/texlive/2016/texmf-dist/tex/latex/amsfonts/amssymb.sty
Package: amssymb 2013/01/14 v3.01 AMS font symbols
)
(/usr/local/texlive/2016/texmf-dist/tex/latex/base/makeidx.sty
Package: makeidx 2014/09/29 v1.0m Standard LaTeX package
)
(/usr/local/texlive/2016/texmf-dist/tex/latex/graphics/graphicx.sty
Package: graphicx 2014/10/28 v1.0g Enhanced LaTeX Graphics (DPC,SPQR)

(/usr/local/texlive/2016/texmf-dist/tex/latex/graphics/graphics.sty
Package: graphics 2016/07/10 v1.0t Standard LaTeX Graphics (DPC,SPQR)

(/usr/local/texlive/2016/texmf-dist/tex/latex/graphics/trig.sty
Package: trig 2016/01/03 v1.10 sin cos tan (DPC)
)
(/usr/local/texlive/2016/texmf-dist/tex/latex/graphics-cfg/graphics.cfg
File: graphics.cfg 2016/06/04 v1.11 sample graphics configuration
)
Package graphics Info: Driver file: xetex.def on input line 99.

(/usr/local/texlive/2016/texmf-dist/tex/latex/graphics-def/xetex.def
File: xetex.def 2016/07/11 v4.10 LaTeX color/graphics driver for XeTeX (L3/RRM/
JK)
))
\Gin@req@height=\dimen120
\Gin@req@width=\dimen121
)
(/usr/local/texlive/2016/texmf-dist/tex/latex/hyperref/hyperref.sty
Package: hyperref 2016/06/24 v6.83q Hypertext links for LaTeX

(/usr/local/texlive/2016/texmf-dist/tex/generic/oberdiek/hobsub-hyperref.sty
Package: hobsub-hyperref 2016/05/16 v1.14 Bundle oberdiek, subset hyperref (HO)


(/usr/local/texlive/2016/texmf-dist/tex/generic/oberdiek/hobsub-generic.sty
Package: hobsub-generic 2016/05/16 v1.14 Bundle oberdiek, subset generic (HO)
Package: hobsub 2016/05/16 v1.14 Construct package bundles (HO)
Package: infwarerr 2016/05/16 v1.4 Providing info/warning/error messages (HO)
Package: ltxcmds 2016/05/16 v1.23 LaTeX kernel commands for general use (HO)
Package: ifluatex 2016/05/16 v1.4 Provides the ifluatex switch (HO)
Package ifluatex Info: LuaTeX not detected.
Package hobsub Info: Skipping package `ifvtex' (already loaded).
Package: intcalc 2016/05/16 v1.2 Expandable calculations with integers (HO)
Package hobsub Info: Skipping package `ifpdf' (already loaded).
Package: etexcmds 2016/05/16 v1.6 Avoid name clashes with e-TeX commands (HO)
Package etexcmds Info: Could not find \expanded.
(etexcmds)             That can mean that you are not using pdfTeX 1.50 or
(etexcmds)             that some package has redefined \expanded.
(etexcmds)             In the latter case, load this package earlier.
Package: kvsetkeys 2016/05/16 v1.17 Key value parser (HO)
Package: kvdefinekeys 2016/05/16 v1.4 Define keys (HO)
Package: pdftexcmds 2016/05/21 v0.22 Utility functions of pdfTeX for LuaTeX (HO
)
Package pdftexcmds Info: LuaTeX not detected.
Package pdftexcmds Info: pdfTeX >= 1.30 not detected.
Package pdftexcmds Info: \pdf@primitive is available.
Package pdftexcmds Info: \pdf@ifprimitive is available.
Package pdftexcmds Info: \pdfdraftmode not found.
Package: pdfescape 2016/05/16 v1.14 Implements pdfTeX's escape features (HO)
Package: bigintcalc 2016/05/16 v1.4 Expandable calculations on big integers (HO
)
Package: bitset 2016/05/16 v1.2 Handle bit-vector datatype (HO)
Package: uniquecounter 2016/05/16 v1.3 Provide unlimited unique counter (HO)
)
Package hobsub Info: Skipping package `hobsub' (already loaded).
Package: letltxmacro 2016/05/16 v1.5 Let assignment for LaTeX macros (HO)
Package: hopatch 2016/05/16 v1.3 Wrapper for package hooks (HO)
Package: xcolor-patch 2016/05/16 xcolor patch
Package: atveryend 2016/05/16 v1.9 Hooks at the very end of document (HO)
Package atveryend Info: \enddocument detected (standard20110627).
Package: atbegshi 2016/06/09 v1.18 At begin shipout hook (HO)
Package: refcount 2016/05/16 v3.5 Data extraction from label references (HO)
Package: hycolor 2016/05/16 v1.8 Color options for hyperref/bookmark (HO)
)
(/usr/local/texlive/2016/texmf-dist/tex/latex/oberdiek/auxhook.sty
Package: auxhook 2016/05/16 v1.4 Hooks for auxiliary files (HO)
)
(/usr/local/texlive/2016/texmf-dist/tex/latex/oberdiek/kvoptions.sty
Package: kvoptions 2016/05/16 v3.12 Key value format for package options (HO)
)
\@linkdim=\dimen122
\Hy@linkcounter=\count102
\Hy@pagecounter=\count103

(/usr/local/texlive/2016/texmf-dist/tex/latex/hyperref/pd1enc.def
File: pd1enc.def 2016/06/24 v6.83q Hyperref: PDFDocEncoding definition (HO)
)
\Hy@SavedSpaceFactor=\count104

(/usr/local/texlive/2016/texmf-dist/tex/latex/latexconfig/hyperref.cfg
File: hyperref.cfg 2002/06/06 v1.2 hyperref configuration of TeXLive
)
Package hyperref Info: Hyper figures OFF on input line 4486.
Package hyperref Info: Link nesting OFF on input line 4491.
Package hyperref Info: Hyper index ON on input line 4494.
Package hyperref Info: Plain pages OFF on input line 4501.
Package hyperref Info: Backreferencing OFF on input line 4506.
Package hyperref Info: Implicit mode ON; LaTeX internals redefined.
Package hyperref Info: Bookmarks ON on input line 4735.
\c@Hy@tempcnt=\count105

(/usr/local/texlive/2016/texmf-dist/tex/latex/url/url.sty
\Urlmuskip=\muskip11
Package: url 2013/09/16  ver 3.4  Verb mode for urls, etc.
)
LaTeX Info: Redefining \url on input line 5088.
\XeTeXLinkMargin=\dimen123
\Fld@menulength=\count106
\Field@Width=\dimen124
\Fld@charsize=\dimen125
Package hyperref Info: Hyper figures OFF on input line 6342.
Package hyperref Info: Link nesting OFF on input line 6347.
Package hyperref Info: Hyper index ON on input line 6350.
Package hyperref Info: backreferencing OFF on input line 6357.
Package hyperref Info: Link coloring OFF on input line 6362.
Package hyperref Info: Link coloring with OCG OFF on input line 6367.
Package hyperref Info: PDF/A mode OFF on input line 6372.
LaTeX Info: Redefining \ref on input line 6412.
LaTeX Info: Redefining \pageref on input line 6416.
\Hy@abspage=\count107
\c@Item=\count108
\c@Hfootnote=\count109
)

Package hyperref Message: Driver (autodetected): hxetex.

(/usr/local/texlive/2016/texmf-dist/tex/latex/hyperref/hxetex.def
File: hxetex.def 2016/06/24 v6.83q Hyperref driver for XeTeX

(/usr/local/texlive/2016/texmf-dist/tex/latex/hyperref/puenc.def
File: puenc.def 2016/06/24 v6.83q Hyperref: PDF Unicode definition (HO)
)
(/usr/local/texlive/2016/texmf-dist/tex/generic/oberdiek/stringenc.sty
Package: stringenc 2016/05/16 v1.11 Convert strings between diff. encodings (HO
)
)
\pdfm@box=\box28
\c@Hy@AnnotLevel=\count110
\HyField@AnnotCount=\count111
\Fld@listcount=\count112
\c@bookmark@seq@number=\count113

(/usr/local/texlive/2016/texmf-dist/tex/latex/oberdiek/rerunfilecheck.sty
Package: rerunfilecheck 2016/05/16 v1.8 Rerun checks for auxiliary files (HO)
Package rerunfilecheck Info: Feature \pdfmdfivesum is not available
(rerunfilecheck)             (e.g. pdfTeX or LuaTeX with package `pdftexcmds').

(rerunfilecheck)             Therefore file contents cannot be checked efficien
tly
(rerunfilecheck)             and the loading of the package is aborted.
)
\Hy@SectionHShift=\skip46
)
(/usr/local/texlive/2016/texmf-dist/tex/latex/tools/indentfirst.sty
Package: indentfirst 1995/11/23 v1.03 Indent first paragraph (DPC)
)
(/usr/local/texlive/2016/texmf-dist/tex/latex/xcolor/xcolor.sty
Package: xcolor 2016/05/11 v2.12 LaTeX color extensions (UK)

(/usr/local/texlive/2016/texmf-dist/tex/latex/graphics-cfg/color.cfg
File: color.cfg 2016/01/02 v1.6 sample color configuration
)
Package xcolor Info: Driver file: xetex.def on input line 225.
Package xcolor Info: Model `cmy' substituted by `cmy0' on input line 1348.
Package xcolor Info: Model `RGB' extended on input line 1364.
Package xcolor Info: Model `HTML' substituted by `rgb' on input line 1366.
Package xcolor Info: Model `Hsb' substituted by `hsb' on input line 1367.
Package xcolor Info: Model `tHsb' substituted by `hsb' on input line 1368.
Package xcolor Info: Model `HSB' substituted by `hsb' on input line 1369.
Package xcolor Info: Model `Gray' substituted by `gray' on input line 1370.
Package xcolor Info: Model `wave' substituted by `hsb' on input line 1371.
)
(/usr/local/texlive/2016/texmf-dist/tex/latex/graphics/epsfig.sty
Package: epsfig 1999/02/16 v1.7a (e)psfig emulation (SPQR)
\epsfxsize=\dimen126
\epsfysize=\dimen127
)
(/usr/local/texlive/2016/texmf-dist/tex/latex/listings/listings.sty
\lst@mode=\count114
\lst@gtempboxa=\box29
\lst@token=\toks23
\lst@length=\count115
\lst@currlwidth=\dimen128
\lst@column=\count116
\lst@pos=\count117
\lst@lostspace=\dimen129
\lst@width=\dimen130
\lst@newlines=\count118
\lst@lineno=\count119
\lst@maxwidth=\dimen131

(/usr/local/texlive/2016/texmf-dist/tex/latex/listings/lstmisc.sty
File: lstmisc.sty 2015/06/04 1.6 (Carsten Heinz)
\c@lstnumber=\count120
\lst@skipnumbers=\count121
\lst@framebox=\box30
)
(/usr/local/texlive/2016/texmf-dist/tex/latex/listings/listings.cfg
File: listings.cfg 2015/06/04 1.6 listings configuration
))
Package: listings 2015/06/04 1.6 (Carsten Heinz)

(/usr/local/texlive/2016/texmf-dist/tex/latex/titling/titling.sty
Package: titling 2009/09/04 v2.1d maketitle typesetting
\thanksmarkwidth=\skip47
\thanksmargin=\skip48
\droptitle=\skip49
)
(/usr/local/texlive/2016/texmf-dist/tex/latex/fontspec/fontspec.sty
(/usr/local/texlive/2016/texmf-dist/tex/latex/l3kernel/expl3.sty
Package: expl3 2016/11/21 v6760 L3 programming layer (loader) 

(/usr/local/texlive/2016/texmf-dist/tex/latex/l3kernel/expl3-code.tex
Package: expl3 2016/11/21 v6760 L3 programming layer (code)
L3 Module: l3bootstrap 2016/06/13 v6596 L3 Bootstrap code
L3 Module: l3names 2016/10/13 v6722 L3 Namespace for primitives
L3 Module: l3basics 2016/09/01 v6696 L3 Basic definitions
L3 Module: l3expan 2016/08/19 v6684 L3 Argument expansion
L3 Module: l3tl 2016/08/19 v6692 L3 Token lists
L3 Module: l3str 2016/08/19 v6692 L3 Strings
L3 Module: l3seq 2016/08/19 v6685 L3 Sequences and stacks
L3 Module: l3int 2016/09/07 v6700 L3 Integers
\c_max_int=\count122
\l_tmpa_int=\count123
\l_tmpb_int=\count124
\g_tmpa_int=\count125
\g_tmpb_int=\count126
L3 Module: l3quark 2016/08/19 v6685 L3 Quarks
L3 Module: l3prg 2016/08/18 v6679 L3 Control structures
\g__prg_map_int=\count127
L3 Module: l3clist 2016/08/19 v6685 L3 Comma separated lists
L3 Module: l3token 2016/09/01 v6695 L3 Experimental token manipulation
L3 Module: l3prop 2016/08/19 v6685 L3 Property lists
L3 Module: l3msg 2016/08/19 v6691 L3 Messages
L3 Module: l3file 2016/08/19 v6685 L3 File and I/O operations
\l_iow_line_count_int=\count128
\l__iow_target_count_int=\count129
\l__iow_current_line_int=\count130
\l__iow_current_word_int=\count131
\l__iow_current_indentation_int=\count132
L3 Module: l3skip 2016/08/19 v6692 L3 Dimensions and skips
\c_zero_dim=\dimen132
\c_max_dim=\dimen133
\l_tmpa_dim=\dimen134
\l_tmpb_dim=\dimen135
\g_tmpa_dim=\dimen136
\g_tmpb_dim=\dimen137
\c_zero_skip=\skip50
\c_max_skip=\skip51
\l_tmpa_skip=\skip52
\l_tmpb_skip=\skip53
\g_tmpa_skip=\skip54
\g_tmpb_skip=\skip55
\c_zero_muskip=\muskip12
\c_max_muskip=\muskip13
\l_tmpa_muskip=\muskip14
\l_tmpb_muskip=\muskip15
\g_tmpa_muskip=\muskip16
\g_tmpb_muskip=\muskip17
L3 Module: l3keys 2016/09/21 v6711 L3 Key-value interfaces
\l_keys_choice_int=\count133
L3 Module: l3fp 2016/11/21 v6761 L3 Floating points
\c__fp_leading_shift_int=\count134
\c__fp_middle_shift_int=\count135
\c__fp_trailing_shift_int=\count136
\c__fp_big_leading_shift_int=\count137
\c__fp_big_middle_shift_int=\count138
\c__fp_big_trailing_shift_int=\count139
\c__fp_Bigg_leading_shift_int=\count140
\c__fp_Bigg_middle_shift_int=\count141
\c__fp_Bigg_trailing_shift_int=\count142
L3 Module: l3box 2016/08/19 v6685 L3 Experimental boxes
\c_empty_box=\box31
\l_tmpa_box=\box32
\l_tmpb_box=\box33
\g_tmpa_box=\box34
\g_tmpb_box=\box35
L3 Module: l3coffins 2016/08/19 v6685 L3 Coffin code layer
\l__coffin_internal_box=\box36
\l__coffin_internal_dim=\dimen138
\l__coffin_offset_x_dim=\dimen139
\l__coffin_offset_y_dim=\dimen140
\l__coffin_x_dim=\dimen141
\l__coffin_y_dim=\dimen142
\l__coffin_x_prime_dim=\dimen143
\l__coffin_y_prime_dim=\dimen144
\c_empty_coffin=\box37
\l__coffin_aligned_coffin=\box38
\l__coffin_aligned_internal_coffin=\box39
\l_tmpa_coffin=\box40
\l_tmpb_coffin=\box41
\l__coffin_display_coffin=\box42
\l__coffin_display_coord_coffin=\box43
\l__coffin_display_pole_coffin=\box44
\l__coffin_display_offset_dim=\dimen145
\l__coffin_display_x_dim=\dimen146
\l__coffin_display_y_dim=\dimen147
L3 Module: l3color 2016/06/13 v6596 L3 Experimental color support
L3 Module: l3sys 2015/09/25 v6087 L3 Experimental system/runtime functions
L3 Module: l3candidates 2016/08/19 v6688 L3 Experimental additions to l3kernel
\l__box_top_dim=\dimen148
\l__box_bottom_dim=\dimen149
\l__box_left_dim=\dimen150
\l__box_right_dim=\dimen151
\l__box_top_new_dim=\dimen152
\l__box_bottom_new_dim=\dimen153
\l__box_left_new_dim=\dimen154
\l__box_right_new_dim=\dimen155
\l__box_internal_box=\box45
\l__coffin_bounding_shift_dim=\dimen156
\l__coffin_left_corner_dim=\dimen157
\l__coffin_right_corner_dim=\dimen158
\l__coffin_bottom_corner_dim=\dimen159
\l__coffin_top_corner_dim=\dimen160
\l__coffin_scaled_total_height_dim=\dimen161
\l__coffin_scaled_width_dim=\dimen162
L3 Module: l3luatex 2016/08/18 v6679 L3 Experimental LuaTeX-specific functions
)
(/usr/local/texlive/2016/texmf-dist/tex/latex/l3kernel/l3xdvipdfmx.def
File: l3xdvidpfmx.def 2016/08/18 v6679 L3 Experimental driver: xdvipdfmx
\l__driver_tmp_box=\box46
))
(/usr/local/texlive/2016/texmf-dist/tex/latex/l3packages/xparse/xparse.sty
Package: xparse 2016/11/21 v6760 L3 Experimental document command parser
\l__xparse_current_arg_int=\count143
\l__xparse_m_args_int=\count144
\l__xparse_mandatory_args_int=\count145
\l__xparse_processor_int=\count146
\l__xparse_v_nesting_int=\count147
)
Package: fontspec 2016/02/01 v2.5a Font selection for XeLaTeX and LuaLaTeX

(/usr/local/texlive/2016/texmf-dist/tex/latex/fontspec/fontspec-xetex.sty
Package: fontspec-xetex 2016/02/01 v2.5a Font selection for XeLaTeX and LuaLaTe
X
\l_fontspec_script_int=\count148
\l_fontspec_language_int=\count149
\l_fontspec_strnum_int=\count150
\l__fontspec_tmpa_dim=\dimen163
\l__fontspec_tmpb_dim=\dimen164
\l__fontspec_tmpc_dim=\dimen165
\g__file_internal_ior=\read1

(/usr/local/texlive/2016/texmf-dist/tex/latex/base/fontenc.sty
Package: fontenc 2016/06/19 v1.99m Standard LaTeX package

(/usr/local/texlive/2016/texmf-dist/tex/latex/euenc/eu1enc.def
File: eu1enc.def 2010/05/27 v0.1h Experimental Unicode font encodings
)
LaTeX Font Info:    Try loading font information for EU1+lmr on input line 105.


(/usr/local/texlive/2016/texmf-dist/tex/latex/euenc/eu1lmr.fd
File: eu1lmr.fd 2009/10/30 v1.6 Font defs for Latin Modern
))
(/usr/local/texlive/2016/texmf-dist/tex/xelatex/xunicode/xunicode.sty
File: xunicode.sty 2011/09/09 v0.981 provides access to latin accents and many 
other characters in Unicode lower plane

*** you should *not* be loading the inputenc package
*** XeTeX expects the source to be in UTF8 encoding
*** some features of other encodings may conflict, resulting in poor output.
(/usr/local/texlive/2016/texmf-dist/tex/latex/tipa/t3enc.def
File: t3enc.def 2001/12/31 T3 encoding
LaTeX Font Info:    Try loading font information for EU1+lmss on input line 357
.

(/usr/local/texlive/2016/texmf-dist/tex/latex/euenc/eu1lmss.fd
File: eu1lmss.fd 2009/10/30 v1.6 Font defs for Latin Modern
))
\tipaTiiicode=\count151
\tipasavetokens=\toks24
\tipachecktokens=\toks25
)
.................................................
. LaTeX info: "xparse/define-command"
. 
. Defining command \__fontspec_post_arg:w with sig. 'mmO{}' on line 353.
.................................................
.................................................
. LaTeX info: "xparse/define-command"
. 
. Defining command \fontspec with sig. 'om' on line 355.
.................................................
.................................................
. LaTeX info: "xparse/define-command"
. 
. Defining command \setmainfont with sig. 'om' on line 365.
.................................................
.................................................
. LaTeX info: "xparse/define-command"
. 
. Defining command \setsansfont with sig. 'om' on line 375.
.................................................
.................................................
. LaTeX info: "xparse/define-command"
. 
. Defining command \setmonofont with sig. 'om' on line 385.
.................................................
.................................................
. LaTeX info: "xparse/define-command"
. 
. Defining command \setmathrm with sig. 'om' on line 399.
.................................................
.................................................
. LaTeX info: "xparse/define-command"
. 
. Defining command \setboldmathrm with sig. 'om' on line 407.
.................................................
.................................................
. LaTeX info: "xparse/define-command"
. 
. Defining command \setmathsf with sig. 'om' on line 415.
.................................................
.................................................
. LaTeX info: "xparse/define-command"
. 
. Defining command \setmathtt with sig. 'om' on line 423.
.................................................
.................................................
. LaTeX info: "xparse/define-command"
. 
. Defining command \newfontfamily with sig. 'mom' on line 437.
.................................................
.................................................
. LaTeX info: "xparse/define-command"
. 
. Defining command \newfontface with sig. 'mom' on line 453.
.................................................
.................................................
. LaTeX info: "xparse/define-command"
. 
. Defining command \defaultfontfeatures with sig. 't+om' on line 467.
.................................................
.................................................
. LaTeX info: "xparse/define-command"
. 
. Defining command \addfontfeatures with sig. 'm' on line 529.
.................................................
.................................................
. LaTeX info: "xparse/define-command"
. 
. Defining command \newfontfeature with sig. 'mm' on line 540.
.................................................
.................................................
. LaTeX info: "xparse/define-command"
. 
. Defining command \newAATfeature with sig. 'mmmm' on line 548.
.................................................
.................................................
. LaTeX info: "xparse/define-command"
. 
. Defining command \newopentypefeature with sig. 'mmm' on line 556.
.................................................
.................................................
. LaTeX info: "xparse/define-command"
. 
. Defining command \aliasfontfeature with sig. 'mm' on line 577.
.................................................
.................................................
. LaTeX info: "xparse/define-command"
. 
. Defining command \aliasfontfeatureoption with sig. 'mmm' on line 586.
.................................................
.................................................
. LaTeX info: "xparse/define-command"
. 
. Defining command \newfontscript with sig. 'mm' on line 590.
.................................................
.................................................
. LaTeX info: "xparse/define-command"
. 
. Defining command \newfontlanguage with sig. 'mm' on line 594.
.................................................
.................................................
. LaTeX info: "xparse/define-command"
. 
. Defining command \DeclareFontsExtensions with sig. 'm' on line 599.
.................................................
\l__fontspec_tmp_int=\count152

(/usr/local/texlive/2016/texmf-dist/tex/latex/fontspec/fontspec.cfg)
LaTeX Info: Redefining \itshape on input line 2705.
LaTeX Info: Redefining \slshape on input line 2710.
LaTeX Info: Redefining \scshape on input line 2715.
LaTeX Info: Redefining \upshape on input line 2720.
\l__fontspec_em_int=\count153
\l__fontspec_emdef_int=\count154
LaTeX Info: Redefining \em on input line 2736.
LaTeX Info: Redefining \emph on input line 2742.
LaTeX Info: Redefining \- on input line 2746.
.................................................
. LaTeX info: "xparse/redefine-command"
. 
. Redefining command \oldstylenums with sig. 'm' on line 2841.
.................................................
.................................................
. LaTeX info: "xparse/define-command"
. 
. Defining command \liningnums with sig. 'm' on line 2845.
.................................................
))
.................................................
. fontspec info: "no-scripts"
. 
. Font RomanSerif does not contain any OpenType `Script' information.
.................................................
\g__fontspec_family_RomanSerif_int=\count155
.................................................
. fontspec info: "no-font-shape"
. 
. Could not resolve font RomanSerif/B (it probably doesn't exist).
.................................................
.................................................
. fontspec info: "defining-font"
. 
. Font family 'RomanSerif(0)' created for font 'RomanSerif' with options
. [Ligatures=TeX].
. 
. This font family consists of the following NFSS series/shapes:
. - 'normal' (m/n) with NFSS spec.: <->"RomanSerif/AAT:mapping=tex-text;"
. - 'small caps'  (m/sc) with NFSS spec.: - 'italic' (m/it) with NFSS spec.:
. <->"RomanSerif/I/AAT:mapping=tex-text;"
. - 'italic small caps'  (m/itsc) with NFSS spec.: - 'bold italic' (bx/it)
. with NFSS spec.: <->"RomanSerif/BI/AAT:mapping=tex-text;"
. - 'bold italic small caps'  (bx/itsc) with NFSS spec.: 
.................................................
\g__fontspec_family_Overlock_int=\count156
.................................................
. fontspec info: "no-font-shape"
. 
. Could not resolve font Overlock/BI (it probably doesn't exist).
.................................................
.................................................
. fontspec info: "no-font-shape"
. 
. Could not resolve font Overlock/B (it probably doesn't exist).
.................................................
.................................................
. fontspec info: "no-font-shape"
. 
. Could not resolve font Overlock/I (it probably doesn't exist).
.................................................
.................................................
. fontspec info: "defining-font"
. 
. Font family 'Overlock(0)' created for font 'Overlock' with options
. [Ligatures=TeX].
. 
. This font family consists of the following NFSS series/shapes:
. - 'normal' (m/n) with NFSS spec.:
. <->"Overlock/OT:script=latn;language=DFLT;mapping=tex-text;"
. - 'small caps'  (m/sc) with NFSS spec.: 
.................................................
.................................................
. fontspec info: "no-scripts"
. 
. Font Inconsolata does not contain any OpenType `Script' information.
.................................................
\g__fontspec_family_Inconsolata_int=\count157
.................................................
. fontspec info: "no-font-shape"
. 
. Could not resolve font Inconsolata/BI (it probably doesn't exist).
.................................................
.................................................
. fontspec info: "no-font-shape"
. 
. Could not resolve font Inconsolata/B (it probably doesn't exist).
.................................................
.................................................
. fontspec info: "no-font-shape"
. 
. Could not resolve font Inconsolata/I (it probably doesn't exist).
.................................................
.................................................
. fontspec info: "defining-font"
. 
. Font family 'Inconsolata(0)' created for font 'Inconsolata' with options
. [WordSpace={1,0,0},PunctuationSpace=WordSpace].
. 
. This font family consists of the following NFSS series/shapes:
. - 'normal' (m/n) with NFSS spec.: <->"Inconsolata/AAT:"
. - 'small caps'  (m/sc) with NFSS spec.: 
. and font adjustment code:
. \fontdimen 2\font =1\fontdimen 2\font \fontdimen 3\font =0\fontdimen 3\font
. \fontdimen 4\font =0\fontdimen 4\font \fontdimen 7\font =0\fontdimen 2\font 
.................................................

(/usr/local/texlive/2016/texmf-dist/tex/latex/floatrow/floatrow.sty
Package: floatrow 2008/08/02 v0.3b floatrow: float package extension

(/usr/local/texlive/2016/texmf-dist/tex/latex/caption/caption3.sty
Package: caption3 2016/05/22 v1.7-166 caption3 kernel (AR)
Package caption3 Info: TeX engine: e-TeX on input line 67.
\captionmargin=\dimen166
\captionmargin@=\dimen167
\captionwidth=\dimen168
\caption@tempdima=\dimen169
\caption@indent=\dimen170
\caption@parindent=\dimen171
\caption@hangindent=\dimen172
)
\c@float@type=\count158
\float@exts=\toks26
\float@box=\box47
\@floatcapt=\box48
Package floatrow Info: Modified float package code loaded on input line 455.
Package floatrow Info: Modified rotfloat package code loaded on input line 473.

\FR@everyfloat=\toks27
\flrow@foot=\insert199
\FB@wd=\dimen173
\FBo@wd=\dimen174
\FBc@wd=\dimen175
\FBo@ht=\skip56
\FBc@ht=\skip57
\FBf@ht=\skip58
\FBo@max=\skip59
\FBc@max=\skip60
\FBf@max=\skip61
\c@FBl@b=\count159
\floatbox@depth=\count160
\c@FRobj=\count161
\c@FRsobj=\count162
\Xhsize=\skip62
\sXhsize=\skip63
\Zhsize=\skip64
\sZhsize=\skip65
\flrow@rowbox=\box49
\FR@Zunitlength=\dimen176
\c@FBcnt=\count163
\FPOScnt=\count164
\LTleft=\skip66
\LTright=\skip67
\LTleft=\skip68
\LTright=\skip69
\flrow@types=\toks28
)
(./A_Superdeblending_Manual.aux)
\openout1 = `A_Superdeblending_Manual.aux'.

LaTeX Font Info:    Checking defaults for OML/cmm/m/it on input line 39.
LaTeX Font Info:    ... okay on input line 39.
LaTeX Font Info:    Checking defaults for T1/cmr/m/n on input line 39.
LaTeX Font Info:    ... okay on input line 39.
LaTeX Font Info:    Checking defaults for OT1/cmr/m/n on input line 39.
LaTeX Font Info:    ... okay on input line 39.
LaTeX Font Info:    Checking defaults for OMS/cmsy/m/n on input line 39.
LaTeX Font Info:    ... okay on input line 39.
LaTeX Font Info:    Checking defaults for OMX/cmex/m/n on input line 39.
LaTeX Font Info:    ... okay on input line 39.
LaTeX Font Info:    Checking defaults for U/cmr/m/n on input line 39.
LaTeX Font Info:    ... okay on input line 39.
LaTeX Font Info:    Checking defaults for PD1/pdf/m/n on input line 39.
LaTeX Font Info:    ... okay on input line 39.
LaTeX Font Info:    Checking defaults for PU/pdf/m/n on input line 39.
LaTeX Font Info:    ... okay on input line 39.
LaTeX Font Info:    Checking defaults for EU1/lmr/m/n on input line 39.
LaTeX Font Info:    ... okay on input line 39.
LaTeX Font Info:    Checking defaults for T3/cmr/m/n on input line 39.
LaTeX Font Info:    Try loading font information for T3+cmr on input line 39.

(/usr/local/texlive/2016/texmf-dist/tex/latex/tipa/t3cmr.fd
File: t3cmr.fd 2001/12/31 TIPA font definitions
)
LaTeX Font Info:    ... okay on input line 39.

*geometry* driver: auto-detecting
*geometry* detected driver: xetex
*geometry* verbose mode - [ preamble ] result:
* driver: xetex
* paper: a4paper
* layout: <same size as paper>
* layoutoffset:(h,v)=(0.0pt,0.0pt)
* modes: 
* h-part:(L,W,R)=(85.35826pt, 426.79135pt, 85.35826pt)
* v-part:(T,H,B)=(85.35826pt, 674.33032pt, 85.35826pt)
* \paperwidth=597.50787pt
* \paperheight=845.04684pt
* \textwidth=426.79135pt
* \textheight=674.33032pt
* \oddsidemargin=13.08827pt
* \evensidemargin=13.08827pt
* \topmargin=-23.91173pt
* \headheight=12.0pt
* \headsep=25.0pt
* \topskip=11.0pt
* \footskip=30.0pt
* \marginparwidth=50.0pt
* \marginparsep=10.0pt
* \columnsep=10.0pt
* \skip\footins=10.0pt plus 4.0pt minus 2.0pt
* \hoffset=0.0pt
* \voffset=0.0pt
* \mag=1000
* \@twocolumnfalse
* \@twosidefalse
* \@mparswitchfalse
* \@reversemarginfalse
* (1in=72.27pt=25.4mm, 1cm=28.453pt)

\AtBeginShipoutBox=\box50
Package hyperref Info: Link coloring OFF on input line 39.
(/usr/local/texlive/2016/texmf-dist/tex/latex/hyperref/nameref.sty
Package: nameref 2016/05/21 v2.44 Cross-referencing by name of section

(/usr/local/texlive/2016/texmf-dist/tex/generic/oberdiek/gettitlestring.sty
Package: gettitlestring 2016/05/16 v1.5 Cleanup title references (HO)
)
\c@section@level=\count165
)
LaTeX Info: Redefining \ref on input line 39.
LaTeX Info: Redefining \pageref on input line 39.
LaTeX Info: Redefining \nameref on input line 39.

(./A_Superdeblending_Manual.out) (./A_Superdeblending_Manual.out)
\@outlinefile=\write3
\openout3 = `A_Superdeblending_Manual.out'.

\c@lstlisting=\count166

*** you should *not* be loading the inputenc package
*** XeTeX expects the source to be in UTF8 encoding
*** some features of other encodings may conflict, resulting in poor output.
.................................................
. fontspec info: "setup-math"
. 
. Adjusting the maths setup (use [no-math] to avoid this).
.................................................
\symlegacymaths=\mathgroup6
LaTeX Font Info:    Overwriting symbol font `legacymaths' in version `bold'
(Font)                  OT1/cmr/m/n --> OT1/cmr/bx/n on input line 39.
LaTeX Font Info:    Redeclaring math accent \acute on input line 39.
LaTeX Font Info:    Redeclaring math accent \grave on input line 39.
LaTeX Font Info:    Redeclaring math accent \ddot on input line 39.
LaTeX Font Info:    Redeclaring math accent \tilde on input line 39.
LaTeX Font Info:    Redeclaring math accent \bar on input line 39.
LaTeX Font Info:    Redeclaring math accent \breve on input line 39.
LaTeX Font Info:    Redeclaring math accent \check on input line 39.
LaTeX Font Info:    Redeclaring math accent \hat on input line 39.
LaTeX Font Info:    Redeclaring math accent \dot on input line 39.
LaTeX Font Info:    Redeclaring math accent \mathring on input line 39.
LaTeX Font Info:    Redeclaring math symbol \Gamma on input line 39.
LaTeX Font Info:    Redeclaring math symbol \Delta on input line 39.
LaTeX Font Info:    Redeclaring math symbol \Theta on input line 39.
LaTeX Font Info:    Redeclaring math symbol \Lambda on input line 39.
LaTeX Font Info:    Redeclaring math symbol \Xi on input line 39.
LaTeX Font Info:    Redeclaring math symbol \Pi on input line 39.
LaTeX Font Info:    Redeclaring math symbol \Sigma on input line 39.
LaTeX Font Info:    Redeclaring math symbol \Upsilon on input line 39.
LaTeX Font Info:    Redeclaring math symbol \Phi on input line 39.
LaTeX Font Info:    Redeclaring math symbol \Psi on input line 39.
LaTeX Font Info:    Redeclaring math symbol \Omega on input line 39.
LaTeX Font Info:    Redeclaring math symbol \mathdollar on input line 39.
LaTeX Font Info:    Redeclaring symbol font `operators' on input line 39.
LaTeX Font Info:    Encoding `OT1' has changed to `EU1' for symbol font
(Font)              `operators' in the math version `normal' on input line 39.
LaTeX Font Info:    Overwriting symbol font `operators' in version `normal'
(Font)                  OT1/cmr/m/n --> EU1/RomanSerif(0)/m/n on input line 39.

LaTeX Font Info:    Encoding `OT1' has changed to `EU1' for symbol font
(Font)              `operators' in the math version `bold' on input line 39.
LaTeX Font Info:    Overwriting symbol font `operators' in version `bold'
(Font)                  OT1/cmr/bx/n --> EU1/RomanSerif(0)/m/n on input line 39
.
LaTeX Font Info:    Overwriting symbol font `operators' in version `normal'
(Font)                  EU1/RomanSerif(0)/m/n --> EU1/RomanSerif(0)/m/n on inpu
t line 39.
LaTeX Font Info:    Overwriting math alphabet `\mathit' in version `normal'
(Font)                  OT1/cmr/m/it --> EU1/RomanSerif(0)/m/it on input line 3
9.
LaTeX Font Info:    Overwriting math alphabet `\mathbf' in version `normal'
(Font)                  OT1/cmr/bx/n --> EU1/RomanSerif(0)/bx/n on input line 3
9.
LaTeX Font Info:    Overwriting math alphabet `\mathsf' in version `normal'
(Font)                  OT1/cmss/m/n --> EU1/Overlock(0)/m/n on input line 39.
LaTeX Font Info:    Overwriting math alphabet `\mathtt' in version `normal'
(Font)                  OT1/cmtt/m/n --> EU1/Inconsolata(0)/m/n on input line 3
9.
LaTeX Font Info:    Overwriting symbol font `operators' in version `bold'
(Font)                  EU1/RomanSerif(0)/m/n --> EU1/RomanSerif(0)/bx/n on inp
ut line 39.
LaTeX Font Info:    Overwriting math alphabet `\mathit' in version `bold'
(Font)                  OT1/cmr/bx/it --> EU1/RomanSerif(0)/bx/it on input line
 39.
LaTeX Font Info:    Overwriting math alphabet `\mathsf' in version `bold'
(Font)                  OT1/cmss/bx/n --> EU1/Overlock(0)/bx/n on input line 39
.
LaTeX Font Info:    Overwriting math alphabet `\mathtt' in version `bold'
(Font)                  OT1/cmtt/m/n --> EU1/Inconsolata(0)/bx/n on input line 
39.
Package caption Info: Begin \AtBeginDocument code.
Package caption Info: End \AtBeginDocument code.
LaTeX Font Info:    Try loading font information for U+msa on input line 40.
(/usr/local/texlive/2016/texmf-dist/tex/latex/amsfonts/umsa.fd
File: umsa.fd 2013/01/14 v3.01 AMS symbols A
)
LaTeX Font Info:    Try loading font information for U+msb on input line 40.

(/usr/local/texlive/2016/texmf-dist/tex/latex/amsfonts/umsb.fd
File: umsb.fd 2013/01/14 v3.01 AMS symbols B
)

LaTeX Font Warning: Font shape `EU1/RomanSerif(0)/bx/n' undefined
(Font)              using `EU1/RomanSerif(0)/m/n' instead on input line 41.

(./A_Superdeblending_Manual.toc
(/usr/local/texlive/2016/texmf-dist/tex/generic/oberdiek/se-ascii-print.def
File: se-ascii-print.def 2016/05/16 v1.11 stringenc: Printable ASCII characters

)
[1

] [2])
\tf@toc=\write4
\openout4 = `A_Superdeblending_Manual.toc'.

 [3] [4

]
File: FlowChart_AllBands.pdf Graphic file (type QTm)
 <use  "FlowChart_AllBands.pdf" >
File: FlowChartDiagram.pdf Graphic file (type QTm)

<use  "FlowChartDiagram.pdf" > [5

]

LaTeX Warning: Reference `Band100_final' on page 6 undefined on input line 112.



LaTeX Warning: Reference `Band160_final' on page 6 undefined on input line 114.



LaTeX Warning: Reference `Band250_final' on page 6 undefined on input line 116.



LaTeX Warning: Reference `Band350_final' on page 6 undefined on input line 118.



LaTeX Warning: Reference `Band500_final' on page 6 undefined on input line 120.



LaTeX Warning: Reference `Band1160_final' on page 6 undefined on input line 122
.


LaTeX Warning: Reference `Band850_final' on page 6 undefined on input line 125.



Overfull \hbox (2.78465pt too wide) in paragraph at lines 106--129
 [][] 
 []

[6

]
Overfull \hbox (25.9869pt too wide) in paragraph at lines 141--160
 [][] 
 []

[7

]
Overfull \hbox (0.55786pt too wide) in paragraph at lines 176--177
[]\EU1/RomanSerif(0)/bx/n/10.95 The SED fitting is based on the two-component d
ust SED templates from Draine & Li (2007),
 []


Underfull \hbox (badness 10000) in paragraph at lines 182--190

 []


Underfull \hbox (badness 10000) in paragraph at lines 193--211

 []

(/usr/local/texlive/2016/texmf-dist/tex/latex/listings/lstlang1.sty
File: lstlang1.sty 2015/06/04 1.6 listings language file
)
(/usr/local/texlive/2016/texmf-dist/tex/latex/listings/lstlang1.sty
File: lstlang1.sty 2015/06/04 1.6 listings language file
) [8

]
Underfull \hbox (badness 10000) in paragraph at lines 244--253

 []


Underfull \hbox (badness 10000) in paragraph at lines 281--293

 []

[9]
Overfull \hbox (2.80301pt too wide) in paragraph at lines 306--328
[] $\OMS/cmsy/m/n/10.95 ^^N$ []\EU1/RomanSerif(0)/bx/n/10.95 NOTE: 2015-12: dzl
iu: I’m thinking about a crowdiness-dependent way to flag sources,
 []


Underfull \hbox (badness 10000) in paragraph at lines 306--328

 []

[10]
File: plot_cutting_flux_100.pdf Graphic file (type QTm)
 <use  "plot_cutting_flux_100.pdf" >
Overfull \hbox (32.18079pt too wide) in paragraph at lines 364--378
[] $\OMS/cmsy/m/n/10.95 ^^N$ []\EU1/RomanSerif(0)/bx/n/10.95 NOTE: 2015-12: dzl
iu: If crowdiness is used for the flagging $\OT1/cmr/m/n/10.95 (\OML/cmm/m/it/1
0.95 f[] \OT1/cmr/m/n/10.95 + 2\OML/cmm/m/it/10.95 ^^[[]\OT1/cmr/m/n/10.95 )/\O
ML/cmm/m/it/10.95 crowdiness \OMS/cmsy/m/n/10.95 ^^U
 []


Underfull \hbox (badness 10000) in paragraph at lines 364--378

 []

[11]
Underfull \hbox (badness 10000) in paragraph at lines 410--413

 []

[12]
Underfull \hbox (badness 10000) in paragraph at lines 462--477

 []

[13] [14]
File: galsim_100_fbias_1.pdf Graphic file (type QTm)
 <use  "galsim_100_fbias_1.pdf" >
File: galsim_100_fbias_2.pdf Graphic file (type QTm)
 <use  "galsim_100_fbias_2.pdf" >
File: galsim_100_fbias_3.pdf Graphic file (type QTm)

<use  "galsim_100_fbias_3.pdf" > [15]
Underfull \hbox (badness 10000) in paragraph at lines 549--555

 []

File: galsim_100_hist_flux_1.pdf Graphic file (type QTm)
<use  "galsim_100_hist_flux_1.pdf" >
File: galsim_100_hist_flux_2.pdf Graphic file (type QTm)
 <use  "galsim_100_hist_flux_2.pdf" >
File: galsim_100_hist_flux_3.pdf Graphic file (type QTm)

<use  "galsim_100_hist_flux_3.pdf" > [16]
File: galsim_100_dfcorr_1.pdf Graphic file (type QTm)
 <use  "galsim_100_dfcorr_1.pdf" >
File: galsim_100_dfcorr_2.pdf Graphic file (type QTm)

<use  "galsim_100_dfcorr_2.pdf" >
File: galsim_100_dfcorr_3.pdf Graphic file (type QTm)
 <use  "galsim_100_dfcorr_3.pdf" > [17]
Overfull \hbox (4.78477pt too wide) in paragraph at lines 574--580
[] $\OMS/cmsy/m/n/10.95 ^^N$ []\EU1/RomanSerif(0)/bx/n/10.95 Note: Flux uncerta
inty corrections: Seems performing well. The correlation of $\OML/cmm/m/it/10.9
5 ^^[fcorr:$
 []


Underfull \hbox (badness 10000) in paragraph at lines 574--580

 []

File: galsim_100_hist_uncertainty_1.pdf Graphic file (type QTm)
<use  "galsim_100_hist_uncertainty_1.pdf" >
File: galsim_100_hist_uncertainty_2.pdf Graphic file (type QTm)

<use  "galsim_100_hist_uncertainty_2.pdf" >
File: galsim_100_hist_uncertainty_3.pdf Graphic file (type QTm)

<use  "galsim_100_hist_uncertainty_3.pdf" > [18] [19]
Underfull \hbox (badness 10000) in paragraph at lines 613--623

 []


LaTeX Warning: Reference `Band100_SED' on page 20 undefined on input line 624.


Underfull \hbox (badness 10000) in paragraph at lines 626--632

 []


Underfull \hbox (badness 10000) in paragraph at lines 635--644

 []

File: galsed_160_Plot_SED_407_v20160106.pdf Graphic file (type QTm)
<use  "galsed_160_Plot_SED_407_v20160106.pdf" >
File: galsed_160_Plot_SED_407_v20160309.pdf Graphic file (type QTm)

<use  "galsed_160_Plot_SED_407_v20160309.pdf" > [20

]
Underfull \hbox (badness 10000) in paragraph at lines 653--662

 []

File: plot_cutting_flux_160.pdf Graphic file (type QTm)
<use  "plot_cutting_flux_160.pdf" > [21]
Underfull \hbox (badness 10000) in paragraph at lines 685--688

 []


Underfull \hbox (badness 10000) in paragraph at lines 708--711

 []

[22] [23]
File: galsim_160_fbias_1.pdf Graphic file (type QTm)
 <use  "galsim_160_fbias_1.pdf" >
File: galsim_160_fbias_2.pdf Graphic file (type QTm)
 <use  "galsim_160_fbias_2.pdf" >
File: galsim_160_fbias_3.pdf Graphic file (type QTm)

<use  "galsim_160_fbias_3.pdf" > [24]
File: galsim_160_hist_flux_1.pdf Graphic file (type QTm)
 <use  "galsim_160_hist_flux_1.pdf" >
File: galsim_160_hist_flux_2.pdf Graphic file (type QTm)

<use  "galsim_160_hist_flux_2.pdf" >
File: galsim_160_hist_flux_3.pdf Graphic file (type QTm)
 <use  "galsim_160_hist_flux_3.pdf" >
[25]
File: galsim_160_dfcorr_1.pdf Graphic file (type QTm)
 <use  "galsim_160_dfcorr_1.pdf" >
File: galsim_160_dfcorr_2.pdf Graphic file (type QTm)
 <use  "galsim_160_dfcorr_2.pdf" >
File: galsim_160_dfcorr_3.pdf Graphic file (type QTm)

<use  "galsim_160_dfcorr_3.pdf" > [26]
File: galsim_160_hist_uncertainty_1.pdf Graphic file (type QTm)

<use  "galsim_160_hist_uncertainty_1.pdf" >
File: galsim_160_hist_uncertainty_2.pdf Graphic file (type QTm)

<use  "galsim_160_hist_uncertainty_2.pdf" >
File: galsim_160_hist_uncertainty_3.pdf Graphic file (type QTm)

<use  "galsim_160_hist_uncertainty_3.pdf" > [27] [28] [29]
Underfull \hbox (badness 10000) in paragraph at lines 895--901

 []


Underfull \hbox (badness 10000) in paragraph at lines 904--907

 []

File: plot_cutting_flux_250.pdf Graphic file (type QTm)
<use  "plot_cutting_flux_250.pdf" > [30

]
Underfull \hbox (badness 10000) in paragraph at lines 952--955

 []

[31]
File: galsim_250_fbias_1.pdf Graphic file (type QTm)
 <use  "galsim_250_fbias_1.pdf" >
File: galsim_250_fbias_2.pdf Graphic file (type QTm)
 <use  "galsim_250_fbias_2.pdf" >
File: galsim_250_fbias_3.pdf Graphic file (type QTm)

<use  "galsim_250_fbias_3.pdf" > [32]
File: galsim_250_hist_flux_1.pdf Graphic file (type QTm)
 <use  "galsim_250_hist_flux_1.pdf" >
File: galsim_250_hist_flux_2.pdf Graphic file (type QTm)

<use  "galsim_250_hist_flux_2.pdf" >
File: galsim_250_hist_flux_3.pdf Graphic file (type QTm)
 <use  "galsim_250_hist_flux_3.pdf" >
[33]
File: galsim_250_dfcorr_1.pdf Graphic file (type QTm)
 <use  "galsim_250_dfcorr_1.pdf" >
File: galsim_250_dfcorr_2.pdf Graphic file (type QTm)
 <use  "galsim_250_dfcorr_2.pdf" >
File: galsim_250_dfcorr_3.pdf Graphic file (type QTm)

<use  "galsim_250_dfcorr_3.pdf" > [34]
File: galsim_250_hist_uncertainty_1.pdf Graphic file (type QTm)

<use  "galsim_250_hist_uncertainty_1.pdf" >
File: galsim_250_hist_uncertainty_2.pdf Graphic file (type QTm)

<use  "galsim_250_hist_uncertainty_2.pdf" >
File: galsim_250_hist_uncertainty_3.pdf Graphic file (type QTm)

<use  "galsim_250_hist_uncertainty_3.pdf" > [35] [36] [37]
Underfull \hbox (badness 10000) in paragraph at lines 1127--1136

 []


Underfull \hbox (badness 10000) in paragraph at lines 1139--1142

 []

File: plot_cutting_flux_350.pdf Graphic file (type QTm)
<use  "plot_cutting_flux_350.pdf" > [38

]
Underfull \hbox (badness 10000) in paragraph at lines 1194--1197

 []

[39]
File: galsim_350_fbias_1.pdf Graphic file (type QTm)
 <use  "galsim_350_fbias_1.pdf" >
File: galsim_350_fbias_2.pdf Graphic file (type QTm)
 <use  "galsim_350_fbias_2.pdf" >
File: galsim_350_fbias_3.pdf Graphic file (type QTm)

<use  "galsim_350_fbias_3.pdf" > [40]
File: galsim_350_hist_flux_1.pdf Graphic file (type QTm)
 <use  "galsim_350_hist_flux_1.pdf" >
File: galsim_350_hist_flux_2.pdf Graphic file (type QTm)

<use  "galsim_350_hist_flux_2.pdf" >
File: galsim_350_hist_flux_3.pdf Graphic file (type QTm)
 <use  "galsim_350_hist_flux_3.pdf" >
[41]
File: galsim_350_dfcorr_1.pdf Graphic file (type QTm)
 <use  "galsim_350_dfcorr_1.pdf" >
File: galsim_350_dfcorr_2.pdf Graphic file (type QTm)
 <use  "galsim_350_dfcorr_2.pdf" >
File: galsim_350_dfcorr_3.pdf Graphic file (type QTm)

<use  "galsim_350_dfcorr_3.pdf" > [42]
File: galsim_350_hist_uncertainty_1.pdf Graphic file (type QTm)

<use  "galsim_350_hist_uncertainty_1.pdf" >
File: galsim_350_hist_uncertainty_2.pdf Graphic file (type QTm)

<use  "galsim_350_hist_uncertainty_2.pdf" >
File: galsim_350_hist_uncertainty_3.pdf Graphic file (type QTm)

<use  "galsim_350_hist_uncertainty_3.pdf" > [43] [44]
Underfull \hbox (badness 10000) in paragraph at lines 1331--1340

 []


Overfull \hbox (6.12498pt too wide) in paragraph at lines 1343--1346
[] $\OMS/cmsy/m/n/10.95 ^^O$ \EU1/RomanSerif(0)/bx/n/10.95 Type_FIR: $[] \OMS/c
msy/m/n/10.95 ^^U \OT1/cmr/m/n/10.95 5$\EU1/RomanSerif(0)/bx/n/10.95 : 1092 out
 of 3361 sources
 []


Underfull \hbox (badness 10000) in paragraph at lines 1343--1346

 []

File: plot_cutting_flux_500.pdf Graphic file (type QTm)
<use  "plot_cutting_flux_500.pdf" > [45

]
Underfull \hbox (badness 10000) in paragraph at lines 1389--1392

 []

[46]
File: galsim_500_fbias_1.pdf Graphic file (type QTm)
 <use  "galsim_500_fbias_1.pdf" >
File: galsim_500_fbias_2.pdf Graphic file (type QTm)
 <use  "galsim_500_fbias_2.pdf" >
File: galsim_500_fbias_3.pdf Graphic file (type QTm)

<use  "galsim_500_fbias_3.pdf" > [47]
File: galsim_500_hist_flux_1.pdf Graphic file (type QTm)
 <use  "galsim_500_hist_flux_1.pdf" >
File: galsim_500_hist_flux_2.pdf Graphic file (type QTm)

<use  "galsim_500_hist_flux_2.pdf" >
File: galsim_500_hist_flux_3.pdf Graphic file (type QTm)
 <use  "galsim_500_hist_flux_3.pdf" >
[48]
File: galsim_500_dfcorr_1.pdf Graphic file (type QTm)
 <use  "galsim_500_dfcorr_1.pdf" >
File: galsim_500_dfcorr_2.pdf Graphic file (type QTm)
 <use  "galsim_500_dfcorr_2.pdf" >
File: galsim_500_dfcorr_3.pdf Graphic file (type QTm)

<use  "galsim_500_dfcorr_3.pdf" > [49]
File: galsim_500_hist_dfcorr_1.pdf Graphic file (type QTm)
 <use  "galsim_500_hist_dfcorr_1.pdf" >
File: galsim_500_hist_dfcorr_2.pdf Graphic file (type QTm)

<use  "galsim_500_hist_dfcorr_2.pdf" >
File: galsim_500_hist_dfcorr_3.pdf Graphic file (type QTm)
 <use  "galsim_500_hist_dfcorr_3.pdf" >
[50] [51]
Underfull \hbox (badness 10000) in paragraph at lines 1527--1536

 []


Underfull \hbox (badness 10000) in paragraph at lines 1539--1542

 []

File: plot_cutting_flux_1160.pdf Graphic file (type QTm)
<use  "plot_cutting_flux_1160.pdf" > [52

]
Underfull \hbox (badness 10000) in paragraph at lines 1587--1590

 []

[53]
File: galsim_1160_fbias_1.pdf Graphic file (type QTm)
 <use  "galsim_1160_fbias_1.pdf" >
File: galsim_1160_fbias_2.pdf Graphic file (type QTm)
 <use  "galsim_1160_fbias_2.pdf" >
File: galsim_1160_fbias_3.pdf Graphic file (type QTm)

<use  "galsim_1160_fbias_3.pdf" > [54]
File: galsim_1160_dfcorr_1.pdf Graphic file (type QTm)
 <use  "galsim_1160_dfcorr_1.pdf" >
File: galsim_1160_dfcorr_2.pdf Graphic file (type QTm)

<use  "galsim_1160_dfcorr_2.pdf" >
File: galsim_1160_dfcorr_3.pdf Graphic file (type QTm)
 <use  "galsim_1160_dfcorr_3.pdf" > [55]
File: galsim_1160_hist_flux_1.pdf Graphic file (type QTm)

<use  "galsim_1160_hist_flux_1.pdf" >
File: galsim_1160_hist_flux_2.pdf Graphic file (type QTm)
 <use  "galsim_1160_hist_flux_2.pdf" >
File: galsim_1160_hist_flux_3.pdf Graphic file (type QTm)

<use  "galsim_1160_hist_flux_3.pdf" > [56]
File: galsim_1160_hist_dfcorr_1.pdf Graphic file (type QTm)

<use  "galsim_1160_hist_dfcorr_1.pdf" >
File: galsim_1160_hist_dfcorr_2.pdf Graphic file (type QTm)

<use  "galsim_1160_hist_dfcorr_2.pdf" >
File: galsim_1160_hist_dfcorr_3.pdf Graphic file (type QTm)

<use  "galsim_1160_hist_dfcorr_3.pdf" > [57] [58] [59

]
File: plot_cutting_flux_850.pdf Graphic file (type QTm)

<use  "plot_cutting_flux_850.pdf" >
Overfull \hbox (1341.22647pt too wide) in paragraph at lines 1816--1817
[][][][][][][][][][][][][][][][][][][][][][][][][][][][][][][][][][][][][][][][
][][][][][][][][][][][][][][][][][][][][][][][][][][][][][][] 
 []

File: galfit_850_FIT_goodsn_850_Map_20160719_Galsub.pdf Graphic file (type QTm)

<use  "galfit_850_FIT_goodsn_850_Map_20160719_Galsub.pdf" > [60]
Underfull \hbox (badness 10000) in paragraph at lines 1836--1839

 []


Overfull \hbox (117.21402pt too wide) in paragraph at lines 1871--1872
[][][][][][][][][][][][][][][][][][][][][][][][][][][][][] 
 []


Overfull \hbox (131.61417pt too wide) in paragraph at lines 1872--1873
[][][][][][][][][][][][][][][][][][][][][][][][][][][][][][][] 
 []

[61]
File: galfit_850_FIT_goodsn_850_Map_20160719_vary_without_additional_sources.pd
f Graphic file (type QTm)

<use  "galfit_850_FIT_goodsn_850_Map_20160719_vary_without_additional_sources.p
df" > [62]
File: galfit_850_FIT_goodsn_850_Map_20160719_vary_with_additional_sources.pdf G
raphic file (type QTm)

<use  "galfit_850_FIT_goodsn_850_Map_20160719_vary_with_additional_sources.pdf"
 > [63]
File: galsim_850_fbias_1.pdf Graphic file (type QTm)
 <use  "galsim_850_fbias_1.pdf" >
File: galsim_850_fbias_2.pdf Graphic file (type QTm)
 <use  "galsim_850_fbias_2.pdf" >
[64]
File: galsim_850_hist_flux_1.pdf Graphic file (type QTm)
 <use  "galsim_850_hist_flux_1.pdf" >
File: galsim_850_hist_flux_2.pdf Graphic file (type QTm)
 <use  "galsim_850_hist_flux_2.pdf" >
[65]
File: galsim_850_dfcorr_1.pdf Graphic file (type QTm)
 <use  "galsim_850_dfcorr_1.pdf" >
File: galsim_850_dfcorr_2.pdf Graphic file (type QTm)
 <use  "galsim_850_dfcorr_2.pdf" >
[66]
File: galsim_850_hist_dfcorr_1.pdf Graphic file (type QTm)
 <use  "galsim_850_hist_dfcorr_1.pdf" >
File: galsim_850_hist_dfcorr_2.pdf Graphic file (type QTm)

<use  "galsim_850_hist_dfcorr_2.pdf" > [67] [68] [69

] [70

] [71

] [72

] [73]
File: galsed_plot_cutting_flux_201412.pdf Graphic file (type QTm)

<use  "galsed_plot_cutting_flux_201412.pdf" >
Overfull \hbox (17.0pt too wide) in paragraph at lines 2245--2252
[][] 
 []

[74]
File: galsed_plot_cutting_flux_100_with_crow_201512.pdf Graphic file (type QTm)

 <use  "galsed_plot_cutting_flux_100_with_crow_201512.pdf" > [75]
File: galsed_plot_cutting_flux_160_with_crow_201512.pdf Graphic file (type QTm)


<use  "galsed_plot_cutting_flux_160_with_crow_201512.pdf" >
File: galsed_plot_cutting_flux_250_with_crow_201512.pdf Graphic file (type QTm)


<use  "galsed_plot_cutting_flux_250_with_crow_201512.pdf" >
File: galsed_plot_cutting_flux_350_with_crow_201512.pdf Graphic file (type QTm)


<use  "galsed_plot_cutting_flux_350_with_crow_201512.pdf" > [76]
File: galsed_plot_cutting_flux_500_with_crow_201512.pdf Graphic file (type QTm)


<use  "galsed_plot_cutting_flux_500_with_crow_201512.pdf" >
File: galsed_plot_cutting_flux_1160_with_crow_201512.pdf Graphic file (type QTm
)

<use  "galsed_plot_cutting_flux_1160_with_crow_201512.pdf" > [77]
File: plot_cutting_flux_100.pdf Graphic file (type QTm)

<use  "plot_cutting_flux_100.pdf" >
File: plot_cutting_flux_160.pdf Graphic file (type QTm)
 <use  "plot_cutting_flux_160.pdf" >
File: plot_cutting_flux_250.pdf Graphic file (type QTm)

<use  "plot_cutting_flux_250.pdf" >
File: plot_cutting_flux_350.pdf Graphic file (type QTm)
 <use  "plot_cutting_flux_350.pdf" >
[78]
File: plot_cutting_flux_500.pdf Graphic file (type QTm)
 <use  "plot_cutting_flux_500.pdf" >
File: plot_cutting_flux_850.pdf Graphic file (type QTm)
 <use  "plot_cutting_flux_850.pdf" >
File: plot_cutting_flux_1160.pdf Graphic file (type QTm)

<use  "plot_cutting_flux_1160.pdf" > [79] [80]
Package atveryend Info: Empty hook `BeforeClearDocument' on input line 2339.
 [81]
Package atveryend Info: Empty hook `AfterLastShipout' on input line 2339.

(./A_Superdeblending_Manual.aux)
Package atveryend Info: Empty hook `AtVeryEndDocument' on input line 2339.
Package atveryend Info: Empty hook `AtEndAfterFileList' on input line 2339.


LaTeX Font Warning: Some font shapes were not available, defaults substituted.


LaTeX Warning: There were undefined references.

Package atveryend Info: Empty hook `AtVeryVeryEnd' on input line 2339.
 ) 
Here is how much of TeX's memory you used:
 25278 strings out of 493589
 444305 string characters out of 6143511
 518380 words of memory out of 5000000
 28384 multiletter control sequences out of 15000+600000
 11022 words of font info for 65 fonts, out of 8000000 for 9000
 1347 hyphenation exceptions out of 8191
 37i,10n,63p,10388b,1731s stack positions out of 5000i,500n,10000p,200000b,80000s

Output written on A_Superdeblending_Manual.pdf (81 pages).
