
GALFIT Version 3.0.5 -- Apr. 23, 2013

















#  Input menu file: fit_1.input


================================================================================
# IMAGE and GALFIT CONTROL PARAMETERS
A) image_sci.fits      # Input data image (FITS file)
B) fit_1.fits          # Output data image block
C) image_rms.fits      # Sigma image name (made from data if blank or "none") 
D) image_psf.fits          # Input PSF image and (optional) diffusion kernel
E) 1                   # PSF fine sampling factor relative to data 
F) none                # Bad pixel mask (FITS image or ASCII coord list)
G) fit_1.limit         # File with parameter constraints (ASCII file) 
H) 1    378  1    350  # Image region to fit (xmin xmax ymin ymax)
I) 378    350          # Size of the convolution box (x y)
J) 0.000               # Magnitude photometric zeropoint 
K) 1.000  1.000        # Plate scale (dx dy)   [arcsec per pixel]
O) regular             # Display type (regular, curses, both)
P) 0                   # Choose: 0=optimize, 1=model, 2=imgblock, 3=subcomps

# INITIAL FITTING PARAMETERS
#
#   For component type, the allowed functions are: 
#       sersic, expdisk, edgedisk, devauc, king, nuker, psf, 
#       gaussian, moffat, ferrer, and sky. 
#  
#   Hidden parameters will only appear when they're specified:
#       Bn (n=integer, Bending Modes).
#       C0 (diskyness/boxyness), 
#       Fn (n=integer, Azimuthal Fourier Modes).
#       R0-R10 (coordinate rotation, for creating spiral structures).
#       To, Ti, T0-T10 (truncation function).
# 
# ------------------------------------------------------------------------------
#   par)    par value(s)    fit toggle(s)    # parameter description 
# ------------------------------------------------------------------------------

# Component number: 1
 0) psf                    #  Component type
 1) 240.0790 91.2950  0 0  #  Position x, y 
 3) 30.0000     1          #  Integrated magnitude 
 4) 0.0000      0          #     ----- 
 5) 0.0000      0          #     ----- 
 6) 0.0000      0          #     ----- 
 7) 0.0000      0          #     ----- 
 8) 0.0000      0          #     ----- 
 9) 1.0000      0          #  Axis ratio (b/a)  
10) 0.0000      0          #  Position angle (PA) [deg: Up=0, Left=90]
 Z) 0                      #  Skip this model in output image?  (yes=1, no=0)

# Component number: 2
 0) psf                    #  Component type
 1) 70.3880  105.3980 1 1  #  Position x, y 
 3) 13.0600     1          #  Integrated magnitude 
 4) 0.0000      0          #     ----- 
 5) 0.0000      0          #     ----- 
 6) 0.0000      0          #     ----- 
 7) 0.0000      0          #     ----- 
 8) 0.0000      0          #     ----- 
 9) 1.0000      0          #  Axis ratio (b/a)  
10) 0.0000      0          #  Position angle (PA) [deg: Up=0, Left=90]
 Z) 0                      #  Skip this model in output image?  (yes=1, no=0)

# Component number: 3
 0) psf                    #  Component type
 1) 142.5760 105.3060 1 1  #  Position x, y 
 3) 13.8260     1          #  Integrated magnitude 
 4) 0.0000      0          #     ----- 
 5) 0.0000      0          #     ----- 
 6) 0.0000      0          #     ----- 
 7) 0.0000      0          #     ----- 
 8) 0.0000      0          #     ----- 
 9) 1.0000      0          #  Axis ratio (b/a)  
10) 0.0000      0          #  Position angle (PA) [deg: Up=0, Left=90]
 Z) 0                      #  Skip this model in output image?  (yes=1, no=0)

# Component number: 4
 0) psf                    #  Component type
 1) 240.8600 148.2960 1 1  #  Position x, y 
 3) 12.5350     1          #  Integrated magnitude 
 4) 0.0000      0          #     ----- 
 5) 0.0000      0          #     ----- 
 6) 0.0000      0          #     ----- 
 7) 0.0000      0          #     ----- 
 8) 0.0000      0          #     ----- 
 9) 1.0000      0          #  Axis ratio (b/a)  
10) 0.0000      0          #  Position angle (PA) [deg: Up=0, Left=90]
 Z) 0                      #  Skip this model in output image?  (yes=1, no=0)

# Component number: 5
 0) psf                    #  Component type
 1) 143.9100 151.9980 0 0  #  Position x, y 
 3) 30.0000     1          #  Integrated magnitude 
 4) 0.0000      0          #     ----- 
 5) 0.0000      0          #     ----- 
 6) 0.0000      0          #     ----- 
 7) 0.0000      0          #     ----- 
 8) 0.0000      0          #     ----- 
 9) 1.0000      0          #  Axis ratio (b/a)  
10) 0.0000      0          #  Position angle (PA) [deg: Up=0, Left=90]
 Z) 0                      #  Skip this model in output image?  (yes=1, no=0)

# Component number: 6
 0) psf                    #  Component type
 1) 142.9680 162.8860 1 1  #  Position x, y 
 3) 12.8540     1          #  Integrated magnitude 
 4) 0.0000      0          #     ----- 
 5) 0.0000      0          #     ----- 
 6) 0.0000      0          #     ----- 
 7) 0.0000      0          #     ----- 
 8) 0.0000      0          #     ----- 
 9) 1.0000      0          #  Axis ratio (b/a)  
10) 0.0000      0          #  Position angle (PA) [deg: Up=0, Left=90]
 Z) 0                      #  Skip this model in output image?  (yes=1, no=0)

# Component number: 7
 0) psf                    #  Component type
 1) 234.6610 229.9250 0 0  #  Position x, y 
 3) 30.0000     1          #  Integrated magnitude 
 4) 0.0000      0          #     ----- 
 5) 0.0000      0          #     ----- 
 6) 0.0000      0          #     ----- 
 7) 0.0000      0          #     ----- 
 8) 0.0000      0          #     ----- 
 9) 1.0000      0          #  Axis ratio (b/a)  
10) 0.0000      0          #  Position angle (PA) [deg: Up=0, Left=90]
 Z) 0                      #  Skip this model in output image?  (yes=1, no=0)

# Component number: 8
 0) psf                    #  Component type
 1) 63.9540  229.4310 0 0  #  Position x, y 
 3) 30.0000     1          #  Integrated magnitude 
 4) 0.0000      0          #     ----- 
 5) 0.0000      0          #     ----- 
 6) 0.0000      0          #     ----- 
 7) 0.0000      0          #     ----- 
 8) 0.0000      0          #     ----- 
 9) 1.0000      0          #  Axis ratio (b/a)  
10) 0.0000      0          #  Position angle (PA) [deg: Up=0, Left=90]
 Z) 0                      #  Skip this model in output image?  (yes=1, no=0)

# Component number: 9
 0) psf                    #  Component type
 1) 246.4380 216.7850 1 1  #  Position x, y 
 3) 10.1580     1          #  Integrated magnitude 
 4) 0.0000      0          #     ----- 
 5) 0.0000      0          #     ----- 
 6) 0.0000      0          #     ----- 
 7) 0.0000      0          #     ----- 
 8) 0.0000      0          #     ----- 
 9) 1.0000      0          #  Axis ratio (b/a)  
10) 0.0000      0          #  Position angle (PA) [deg: Up=0, Left=90]
 Z) 0                      #  Skip this model in output image?  (yes=1, no=0)

# Component number: 10
 0) psf                    #  Component type
 1) 358.7280 195.2800 0 0  #  Position x, y 
 3) 30.0000     1          #  Integrated magnitude 
 4) 0.0000      0          #     ----- 
 5) 0.0000      0          #     ----- 
 6) 0.0000      0          #     ----- 
 7) 0.0000      0          #     ----- 
 8) 0.0000      0          #     ----- 
 9) 1.0000      0          #  Axis ratio (b/a)  
10) 0.0000      0          #  Position angle (PA) [deg: Up=0, Left=90]
 Z) 0                      #  Skip this model in output image?  (yes=1, no=0)

# Component number: 11
 0) psf                    #  Component type
 1) 127.7460 290.6930 0 0  #  Position x, y 
 3) 30.0000     1          #  Integrated magnitude 
 4) 0.0000      0          #     ----- 
 5) 0.0000      0          #     ----- 
 6) 0.0000      0          #     ----- 
 7) 0.0000      0          #     ----- 
 8) 0.0000      0          #     ----- 
 9) 1.0000      0          #  Axis ratio (b/a)  
10) 0.0000      0          #  Position angle (PA) [deg: Up=0, Left=90]
 Z) 0                      #  Skip this model in output image?  (yes=1, no=0)

# Component number: 12
 0) psf                    #  Component type
 1) 329.9210 277.9230 0 0  #  Position x, y 
 3) 30.0000     1          #  Integrated magnitude 
 4) 0.0000      0          #     ----- 
 5) 0.0000      0          #     ----- 
 6) 0.0000      0          #     ----- 
 7) 0.0000      0          #     ----- 
 8) 0.0000      0          #     ----- 
 9) 1.0000      0          #  Axis ratio (b/a)  
10) 0.0000      0          #  Position angle (PA) [deg: Up=0, Left=90]
 Z) 0                      #  Skip this model in output image?  (yes=1, no=0)

# Component number: 13
 0) psf                    #  Component type
 1) 116.5680 235.3800 0 0  #  Position x, y 
 3) 30.0000     1          #  Integrated magnitude 
 4) 0.0000      0          #     ----- 
 5) 0.0000      0          #     ----- 
 6) 0.0000      0          #     ----- 
 7) 0.0000      0          #     ----- 
 8) 0.0000      0          #     ----- 
 9) 1.0000      0          #  Axis ratio (b/a)  
10) 0.0000      0          #  Position angle (PA) [deg: Up=0, Left=90]
 Z) 0                      #  Skip this model in output image?  (yes=1, no=0)

# Component number: 14
 0) psf                    #  Component type
 1) 180.6320 238.7940 0 0  #  Position x, y 
 3) 30.0000     1          #  Integrated magnitude 
 4) 0.0000      0          #     ----- 
 5) 0.0000      0          #     ----- 
 6) 0.0000      0          #     ----- 
 7) 0.0000      0          #     ----- 
 8) 0.0000      0          #     ----- 
 9) 1.0000      0          #  Axis ratio (b/a)  
10) 0.0000      0          #  Position angle (PA) [deg: Up=0, Left=90]
 Z) 0                      #  Skip this model in output image?  (yes=1, no=0)

# Component number: 15
 0) sky                    #  Component type
 1) 0.000e+00      0       #  Sky background at center of fitting region [ADUs]
 2) 0.000e+00      0       #  dsky/dx (sky gradient in x)     [ADUs/pix]
 3) 0.000e+00      0       #  dsky/dy (sky gradient in y)     [ADUs/pix]
 Z) 0                      #  Skip this model in output image?  (yes=1, no=0)

================================================================================



-- WARNING: The exposure time header is missing.  Default to 1 second.

-- No CCD charge diffusion kernel found or applied.
-- No bad pixel mask image used.

================================================================================
Initial parameters:
 psf       : ( [240.08],  [91.29])  30.00     ---     ---     ---     ---
 psf       : (   70.39,   105.40)   13.06     ---     ---     ---     ---
 psf       : (  142.58,   105.31)   13.83     ---     ---     ---     ---
 psf       : (  240.86,   148.30)   12.53     ---     ---     ---     ---
 psf       : ( [143.91], [152.00])  30.00     ---     ---     ---     ---
 psf       : (  142.97,   162.89)   12.85     ---     ---     ---     ---
 psf       : ( [234.66], [229.93])  30.00     ---     ---     ---     ---
 psf       : (  [63.95], [229.43])  30.00     ---     ---     ---     ---
 psf       : (  246.44,   216.79)   10.16     ---     ---     ---     ---
 psf       : ( [358.73], [195.28])  30.00     ---     ---     ---     ---
 psf       : ( [127.75], [290.69])  30.00     ---     ---     ---     ---
 psf       : ( [329.92], [277.92])  30.00     ---     ---     ---     ---
 psf       : ( [116.57], [235.38])  30.00     ---     ---     ---     ---
 psf       : ( [180.63], [238.79])  30.00     ---     ---     ---     ---
 sky       : [189.50, 175.50]  [0.00e+00]  [0.00e+00]  [0.00e+00]
================================================================================

Iteration : 1     Chi2nu: 4.067e-09     dChi2/Chi2: -1.86e+30   alamda: 1e-01     
 psf       : ( [240.08],  [91.29])  30.00     ---     ---     ---     ---
 psf       : (   70.39,   105.40)   13.06     ---     ---     ---     ---
 psf       : (  142.58,   105.31)   13.83     ---     ---     ---     ---
 psf       : (  240.86,   148.30)   12.53     ---     ---     ---     ---
 psf       : ( [143.91], [152.00])  30.00     ---     ---     ---     ---
 psf       : (  142.97,   162.89)   12.85     ---     ---     ---     ---
 psf       : ( [234.66], [229.93])  30.00     ---     ---     ---     ---
 psf       : (  [63.95], [229.43])  30.00     ---     ---     ---     ---
 psf       : (  246.44,   216.79)   10.16     ---     ---     ---     ---
 psf       : ( [358.73], [195.28])  30.00     ---     ---     ---     ---
 psf       : ( [127.75], [290.69])  30.00     ---     ---     ---     ---
 psf       : ( [329.92], [277.92])  30.00     ---     ---     ---     ---
 psf       : ( [116.57], [235.38])  30.00     ---     ---     ---     ---
 psf       : ( [180.63], [238.79])  30.00     ---     ---     ---     ---
 sky       : [189.50, 175.50]  [0.00e+00]  [0.00e+00]  [0.00e+00]
COUNTDOWN = 99 

Iteration : 2     Chi2nu: 3.664e-09     dChi2/Chi2: -1.10e-01   alamda: 1e-02     
 psf       : ( [240.08],  [91.29])  30.00     ---     ---     ---     ---
 psf       : (   69.02,   105.13)   13.18     ---     ---     ---     ---
 psf       : (  142.78,   109.86)   13.90     ---     ---     ---     ---
 psf       : (  242.10,   146.29)   12.53     ---     ---     ---     ---
 psf       : ( [143.91], [152.00])  30.00     ---     ---     ---     ---
 psf       : (  145.18,   162.83)   12.74     ---     ---     ---     ---
 psf       : ( [234.66], [229.93])  30.00     ---     ---     ---     ---
 psf       : (  [63.95], [229.43])  30.00     ---     ---     ---     ---
 psf       : (  245.56,   218.15)   10.12     ---     ---     ---     ---
 psf       : ( [358.73], [195.28])  30.00     ---     ---     ---     ---
 psf       : ( [127.75], [290.69])  30.00     ---     ---     ---     ---
 psf       : ( [329.92], [277.92])  30.00     ---     ---     ---     ---
 psf       : ( [116.57], [235.38])  30.00     ---     ---     ---     ---
 psf       : ( [180.63], [238.79])  30.00     ---     ---     ---     ---
 sky       : [189.50, 175.50]  [0.00e+00]  [0.00e+00]  [0.00e+00]
COUNTDOWN = 10 

Iteration : 3     Chi2nu: 3.664e-09     dChi2/Chi2: -1.02e-08   alamda: 1e-01     
 psf       : ( [240.08],  [91.29])  30.00     ---     ---     ---     ---
 psf       : (   69.02,   105.13)   13.18     ---     ---     ---     ---
 psf       : (  142.78,   109.86)   13.90     ---     ---     ---     ---
 psf       : (  242.10,   146.29)   12.53     ---     ---     ---     ---
 psf       : ( [143.91], [152.00])  30.00     ---     ---     ---     ---
 psf       : (  145.18,   162.83)   12.74     ---     ---     ---     ---
 psf       : ( [234.66], [229.93])  30.00     ---     ---     ---     ---
 psf       : (  [63.95], [229.43])  30.00     ---     ---     ---     ---
 psf       : (  245.56,   218.15)   10.12     ---     ---     ---     ---
 psf       : ( [358.73], [195.28])  30.00     ---     ---     ---     ---
 psf       : ( [127.75], [290.69])  30.00     ---     ---     ---     ---
 psf       : ( [329.92], [277.92])  30.00     ---     ---     ---     ---
 psf       : ( [116.57], [235.38])  30.00     ---     ---     ---     ---
 psf       : ( [180.63], [238.79])  30.00     ---     ---     ---     ---
 sky       : [189.50, 175.50]  [0.00e+00]  [0.00e+00]  [0.00e+00]
COUNTDOWN = 9 

Iteration : 4     Chi2nu: 3.664e-09     dChi2/Chi2: -1.02e-08   alamda: 1e+00     
 psf       : ( [240.08],  [91.29])  30.00     ---     ---     ---     ---
 psf       : (   69.02,   105.13)   13.18     ---     ---     ---     ---
 psf       : (  142.78,   109.86)   13.90     ---     ---     ---     ---
 psf       : (  242.10,   146.29)   12.53     ---     ---     ---     ---
 psf       : ( [143.91], [152.00])  30.00     ---     ---     ---     ---
 psf       : (  145.18,   162.83)   12.74     ---     ---     ---     ---
 psf       : ( [234.66], [229.93])  30.00     ---     ---     ---     ---
 psf       : (  [63.95], [229.43])  30.00     ---     ---     ---     ---
 psf       : (  245.56,   218.15)   10.12     ---     ---     ---     ---
 psf       : ( [358.73], [195.28])  30.00     ---     ---     ---     ---
 psf       : ( [127.75], [290.69])  30.00     ---     ---     ---     ---
 psf       : ( [329.92], [277.92])  30.00     ---     ---     ---     ---
 psf       : ( [116.57], [235.38])  30.00     ---     ---     ---     ---
 psf       : ( [180.63], [238.79])  30.00     ---     ---     ---     ---
 sky       : [189.50, 175.50]  [0.00e+00]  [0.00e+00]  [0.00e+00]
COUNTDOWN = 8 

Iteration : 5     Chi2nu: 3.664e-09     dChi2/Chi2: -1.02e-08   alamda: 1e+01     
 psf       : ( [240.08],  [91.29])  30.00     ---     ---     ---     ---
 psf       : (   69.02,   105.13)   13.18     ---     ---     ---     ---
 psf       : (  142.78,   109.86)   13.90     ---     ---     ---     ---
 psf       : (  242.10,   146.29)   12.53     ---     ---     ---     ---
 psf       : ( [143.91], [152.00])  30.00     ---     ---     ---     ---
 psf       : (  145.18,   162.83)   12.74     ---     ---     ---     ---
 psf       : ( [234.66], [229.93])  30.00     ---     ---     ---     ---
 psf       : (  [63.95], [229.43])  30.00     ---     ---     ---     ---
 psf       : (  245.56,   218.15)   10.12     ---     ---     ---     ---
 psf       : ( [358.73], [195.28])  30.00     ---     ---     ---     ---
 psf       : ( [127.75], [290.69])  30.00     ---     ---     ---     ---
 psf       : ( [329.92], [277.92])  30.00     ---     ---     ---     ---
 psf       : ( [116.57], [235.38])  30.00     ---     ---     ---     ---
 psf       : ( [180.63], [238.79])  30.00     ---     ---     ---     ---
 sky       : [189.50, 175.50]  [0.00e+00]  [0.00e+00]  [0.00e+00]
COUNTDOWN = 7 

Iteration : 6     Chi2nu: 3.664e-09     dChi2/Chi2: -1.02e-08   alamda: 1e+02     
 psf       : ( [240.08],  [91.29])  30.00     ---     ---     ---     ---
 psf       : (   69.02,   105.13)   13.18     ---     ---     ---     ---
 psf       : (  142.78,   109.86)   13.90     ---     ---     ---     ---
 psf       : (  242.10,   146.29)   12.53     ---     ---     ---     ---
 psf       : ( [143.91], [152.00])  30.00     ---     ---     ---     ---
 psf       : (  145.18,   162.83)   12.74     ---     ---     ---     ---
 psf       : ( [234.66], [229.93])  30.00     ---     ---     ---     ---
 psf       : (  [63.95], [229.43])  30.00     ---     ---     ---     ---
 psf       : (  245.56,   218.15)   10.12     ---     ---     ---     ---
 psf       : ( [358.73], [195.28])  30.00     ---     ---     ---     ---
 psf       : ( [127.75], [290.69])  30.00     ---     ---     ---     ---
 psf       : ( [329.92], [277.92])  30.00     ---     ---     ---     ---
 psf       : ( [116.57], [235.38])  30.00     ---     ---     ---     ---
 psf       : ( [180.63], [238.79])  30.00     ---     ---     ---     ---
 sky       : [189.50, 175.50]  [0.00e+00]  [0.00e+00]  [0.00e+00]
COUNTDOWN = 6 

Iteration : 7     Chi2nu: 3.664e-09     dChi2/Chi2: -1.02e-08   alamda: 1e+03     
 psf       : ( [240.08],  [91.29])  30.00     ---     ---     ---     ---
 psf       : (   69.02,   105.13)   13.18     ---     ---     ---     ---
 psf       : (  142.78,   109.86)   13.90     ---     ---     ---     ---
 psf       : (  242.10,   146.29)   12.53     ---     ---     ---     ---
 psf       : ( [143.91], [152.00])  30.00     ---     ---     ---     ---
 psf       : (  145.18,   162.83)   12.74     ---     ---     ---     ---
 psf       : ( [234.66], [229.93])  30.00     ---     ---     ---     ---
 psf       : (  [63.95], [229.43])  30.00     ---     ---     ---     ---
 psf       : (  245.56,   218.15)   10.12     ---     ---     ---     ---
 psf       : ( [358.73], [195.28])  30.00     ---     ---     ---     ---
 psf       : ( [127.75], [290.69])  30.00     ---     ---     ---     ---
 psf       : ( [329.92], [277.92])  30.00     ---     ---     ---     ---
 psf       : ( [116.57], [235.38])  30.00     ---     ---     ---     ---
 psf       : ( [180.63], [238.79])  30.00     ---     ---     ---     ---
 sky       : [189.50, 175.50]  [0.00e+00]  [0.00e+00]  [0.00e+00]
COUNTDOWN = 5 

Iteration : 8     Chi2nu: 3.664e-09     dChi2/Chi2: -1.02e-08   alamda: 1e+04     
 psf       : ( [240.08],  [91.29])  30.00     ---     ---     ---     ---
 psf       : (   69.02,   105.13)   13.18     ---     ---     ---     ---
 psf       : (  142.78,   109.86)   13.90     ---     ---     ---     ---
 psf       : (  242.10,   146.29)   12.53     ---     ---     ---     ---
 psf       : ( [143.91], [152.00])  30.00     ---     ---     ---     ---
 psf       : (  145.18,   162.83)   12.74     ---     ---     ---     ---
 psf       : ( [234.66], [229.93])  30.00     ---     ---     ---     ---
 psf       : (  [63.95], [229.43])  30.00     ---     ---     ---     ---
 psf       : (  245.56,   218.15)   10.12     ---     ---     ---     ---
 psf       : ( [358.73], [195.28])  30.00     ---     ---     ---     ---
 psf       : ( [127.75], [290.69])  30.00     ---     ---     ---     ---
 psf       : ( [329.92], [277.92])  30.00     ---     ---     ---     ---
 psf       : ( [116.57], [235.38])  30.00     ---     ---     ---     ---
 psf       : ( [180.63], [238.79])  30.00     ---     ---     ---     ---
 sky       : [189.50, 175.50]  [0.00e+00]  [0.00e+00]  [0.00e+00]
COUNTDOWN = 4 

Iteration : 9     Chi2nu: 3.664e-09     dChi2/Chi2: -1.35e-05   alamda: 1e+03     
 psf       : ( [240.08],  [91.29])  30.00     ---     ---     ---     ---
 psf       : (   69.02,   105.13)   13.18     ---     ---     ---     ---
 psf       : (  142.78,   109.86)   13.90     ---     ---     ---     ---
 psf       : (  242.10,   146.29)   12.53     ---     ---     ---     ---
 psf       : ( [143.91], [152.00])  30.00     ---     ---     ---     ---
 psf       : (  145.18,   162.83)   12.74     ---     ---     ---     ---
 psf       : ( [234.66], [229.93])  30.00     ---     ---     ---     ---
 psf       : (  [63.95], [229.43])  30.00     ---     ---     ---     ---
 psf       : (  245.56,   218.15)   10.12     ---     ---     ---     ---
 psf       : ( [358.73], [195.28])  30.00     ---     ---     ---     ---
 psf       : ( [127.75], [290.69])  30.00     ---     ---     ---     ---
 psf       : ( [329.92], [277.92])  19.47     ---     ---     ---     ---
 psf       : ( [116.57], [235.38])  30.00     ---     ---     ---     ---
 psf       : ( [180.63], [238.79])  30.00     ---     ---     ---     ---
 sky       : [189.50, 175.50]  [0.00e+00]  [0.00e+00]  [0.00e+00]
COUNTDOWN = 3 

Iteration : 10    Chi2nu: 3.664e-09     dChi2/Chi2: -1.36e-04   alamda: 1e+02     
 psf       : ( [240.08],  [91.29])  30.00     ---     ---     ---     ---
 psf       : (   69.02,   105.12)   13.18     ---     ---     ---     ---
 psf       : (  142.79,   109.86)   13.90     ---     ---     ---     ---
 psf       : (  242.09,   146.29)   12.53     ---     ---     ---     ---
 psf       : ( [143.91], [152.00])  30.00     ---     ---     ---     ---
 psf       : (  145.18,   162.83)   12.74     ---     ---     ---     ---
 psf       : ( [234.66], [229.93])  30.00     ---     ---     ---     ---
 psf       : (  [63.95], [229.43])  30.00     ---     ---     ---     ---
 psf       : (  245.56,   218.15)   10.12     ---     ---     ---     ---
 psf       : ( [358.73], [195.28])  30.00     ---     ---     ---     ---
 psf       : ( [127.75], [290.69])  30.00     ---     ---     ---     ---
 psf       : ( [329.92], [277.92])  19.47     ---     ---     ---     ---
 psf       : ( [116.57], [235.38])  30.00     ---     ---     ---     ---
 psf       : ( [180.63], [238.79])  30.00     ---     ---     ---     ---
 sky       : [189.50, 175.50]  [0.00e+00]  [0.00e+00]  [0.00e+00]
COUNTDOWN = 90 

Iteration : 11    Chi2nu: 3.659e-09     dChi2/Chi2: -1.35e-03   alamda: 1e+01     
 psf       : ( [240.08],  [91.29])  30.00     ---     ---     ---     ---
 psf       : (   69.02,   105.12)   13.18     ---     ---     ---     ---
 psf       : (  142.87,   109.78)   13.90     ---     ---     ---     ---
 psf       : (  242.07,   146.28)   12.52     ---     ---     ---     ---
 psf       : ( [143.91], [152.00])  30.00     ---     ---     ---     ---
 psf       : (  145.18,   162.83)   12.73     ---     ---     ---     ---
 psf       : ( [234.66], [229.93])  30.00     ---     ---     ---     ---
 psf       : (  [63.95], [229.43])  30.00     ---     ---     ---     ---
 psf       : (  245.55,   218.16)   10.12     ---     ---     ---     ---
 psf       : ( [358.73], [195.28])  30.00     ---     ---     ---     ---
 psf       : ( [127.75], [290.69])  30.00     ---     ---     ---     ---
 psf       : ( [329.92], [277.92])  19.40     ---     ---     ---     ---
 psf       : ( [116.57], [235.38])  30.00     ---     ---     ---     ---
 psf       : ( [180.63], [238.79])  30.00     ---     ---     ---     ---
 sky       : [189.50, 175.50]  [0.00e+00]  [0.00e+00]  [0.00e+00]
COUNTDOWN = 89 

Iteration : 12    Chi2nu: 3.615e-09     dChi2/Chi2: -1.21e-02   alamda: 1e+00     
 psf       : ( [240.08],  [91.29])  30.00     ---     ---     ---     ---
 psf       : (   69.02,   105.04)   13.17     ---     ---     ---     ---
 psf       : (  143.60,   109.10)   13.89     ---     ---     ---     ---
 psf       : (  241.84,   146.24)   12.45     ---     ---     ---     ---
 psf       : ( [143.91], [152.00])  30.00     ---     ---     ---     ---
 psf       : (  145.24,   162.83)   12.68     ---     ---     ---     ---
 psf       : ( [234.66], [229.93])  30.00     ---     ---     ---     ---
 psf       : (  [63.95], [229.43])  30.00     ---     ---     ---     ---
 psf       : (  245.46,   218.23)   10.06     ---     ---     ---     ---
 psf       : ( [358.73], [195.28])  30.00     ---     ---     ---     ---
 psf       : ( [127.75], [290.69])  30.00     ---     ---     ---     ---
 psf       : ( [329.92], [277.92])  17.93     ---     ---     ---     ---
 psf       : ( [116.57], [235.38])  30.00     ---     ---     ---     ---
 psf       : ( [180.63], [238.79])  30.00     ---     ---     ---     ---
 sky       : [189.50, 175.50]  [0.00e+00]  [0.00e+00]  [0.00e+00]
COUNTDOWN = 88 

Iteration : 13    Chi2nu: 3.615e-09     dChi2/Chi2: -1.80e-08   alamda: 1e+01     
 psf       : ( [240.08],  [91.29])  30.00     ---     ---     ---     ---
 psf       : (   69.02,   105.04)   13.17     ---     ---     ---     ---
 psf       : (  143.60,   109.10)   13.89     ---     ---     ---     ---
 psf       : (  241.84,   146.24)   12.45     ---     ---     ---     ---
 psf       : ( [143.91], [152.00])  30.00     ---     ---     ---     ---
 psf       : (  145.24,   162.83)   12.68     ---     ---     ---     ---
 psf       : ( [234.66], [229.93])  30.00     ---     ---     ---     ---
 psf       : (  [63.95], [229.43])  30.00     ---     ---     ---     ---
 psf       : (  245.46,   218.23)   10.06     ---     ---     ---     ---
 psf       : ( [358.73], [195.28])  30.00     ---     ---     ---     ---
 psf       : ( [127.75], [290.69])  30.00     ---     ---     ---     ---
 psf       : ( [329.92], [277.92])  17.93     ---     ---     ---     ---
 psf       : ( [116.57], [235.38])  30.00     ---     ---     ---     ---
 psf       : ( [180.63], [238.79])  30.00     ---     ---     ---     ---
 sky       : [189.50, 175.50]  [0.00e+00]  [0.00e+00]  [0.00e+00]
COUNTDOWN = 10 

Iteration : 14    Chi2nu: 3.573e-09     dChi2/Chi2: -1.17e-02   alamda: 1e+00     
 psf       : ( [240.08],  [91.29])  30.00     ---     ---     ---     ---
 psf       : (   69.01,   104.97)   13.16     ---     ---     ---     ---
 psf       : (  143.94,   108.58)   13.69     ---     ---     ---     ---
 psf       : (  241.68,   146.21)   12.38     ---     ---     ---     ---
 psf       : ( [143.91], [152.00])  30.00     ---     ---     ---     ---
 psf       : (  145.29,   162.84)   12.63     ---     ---     ---     ---
 psf       : ( [234.66], [229.93])  30.00     ---     ---     ---     ---
 psf       : (  [63.95], [229.43])  30.00     ---     ---     ---     ---
 psf       : (  245.38,   218.32)   10.01     ---     ---     ---     ---
 psf       : ( [358.73], [195.28])  30.00     ---     ---     ---     ---
 psf       : ( [127.75], [290.69])  30.00     ---     ---     ---     ---
 psf       : ( [329.92], [277.92])  17.39     ---     ---     ---     ---
 psf       : ( [116.57], [235.38])  30.00     ---     ---     ---     ---
 psf       : ( [180.63], [238.79])  30.00     ---     ---     ---     ---
 sky       : [189.50, 175.50]  [0.00e+00]  [0.00e+00]  [0.00e+00]
COUNTDOWN = 86 

Iteration : 15    Chi2nu: 3.412e-09     dChi2/Chi2: -4.73e-02   alamda: 1e-01     
 psf       : ( [240.08],  [91.29])  30.00     ---     ---     ---     ---
 psf       : (   68.86,   104.72)   13.12     ---     ---     ---     ---
 psf       : (  144.49,   107.20)   12.55     ---     ---     ---     ---
 psf       : (  240.89,   146.06)   12.08     ---     ---     ---     ---
 psf       : ( [143.91], [152.00])  30.00     ---     ---     ---     ---
 psf       : (  145.50,   162.95)   12.37     ---     ---     ---     ---
 psf       : ( [234.66], [229.93])  30.00     ---     ---     ---     ---
 psf       : (  [63.95], [229.43])  30.00     ---     ---     ---     ---
 psf       : (  245.07,   218.70)    9.76     ---     ---     ---     ---
 psf       : ( [358.73], [195.28])  30.00     ---     ---     ---     ---
 psf       : ( [127.75], [290.69])  30.00     ---     ---     ---     ---
 psf       : ( [329.92], [277.92])  12.10     ---     ---     ---     ---
 psf       : ( [116.57], [235.38])  30.00     ---     ---     ---     ---
 psf       : ( [180.63], [238.79])  30.00     ---     ---     ---     ---
 sky       : [189.50, 175.50]  [0.00e+00]  [0.00e+00]  [0.00e+00]
COUNTDOWN = 85 

Iteration : 16    Chi2nu: 3.324e-09     dChi2/Chi2: -2.62e-02   alamda: 1e-02     
 psf       : ( [240.08],  [91.29])  30.00     ---     ---     ---     ---
 psf       : (   68.60,   104.47)   13.13     ---     ---     ---     ---
 psf       : (  143.51,   108.28)   12.53     ---     ---     ---     ---
 psf       : (  240.57,   145.58)   11.95     ---     ---     ---     ---
 psf       : ( [143.91], [152.00])  30.00     ---     ---     ---     ---
 psf       : (  145.65,   163.50)   12.19     ---     ---     ---     ---
 psf       : ( [234.66], [229.93])  30.00     ---     ---     ---     ---
 psf       : (  [63.95], [229.43])  30.00     ---     ---     ---     ---
 psf       : (  244.59,   218.83)    9.53     ---     ---     ---     ---
 psf       : ( [358.73], [195.28])  30.00     ---     ---     ---     ---
 psf       : ( [127.75], [290.69])  30.00     ---     ---     ---     ---
 psf       : ( [329.92], [277.92])  12.97     ---     ---     ---     ---
 psf       : ( [116.57], [235.38])  30.00     ---     ---     ---     ---
 psf       : ( [180.63], [238.79])  30.00     ---     ---     ---     ---
 sky       : [189.50, 175.50]  [0.00e+00]  [0.00e+00]  [0.00e+00]
COUNTDOWN = 10 

Iteration : 17    Chi2nu: 3.322e-09     dChi2/Chi2: -6.22e-04   alamda: 1e-03     
 psf       : ( [240.08],  [91.29])  30.00     ---     ---     ---     ---
 psf       : (   68.28,   104.37)   13.10     ---     ---     ---     ---
 psf       : (  144.24,   107.81)   12.39     ---     ---     ---     ---
 psf       : (  240.63,   145.40)   11.92     ---     ---     ---     ---
 psf       : ( [143.91], [152.00])  30.00     ---     ---     ---     ---
 psf       : (  145.82,   163.95)   12.12     ---     ---     ---     ---
 psf       : ( [234.66], [229.93])  30.00     ---     ---     ---     ---
 psf       : (  [63.95], [229.43])  30.00     ---     ---     ---     ---
 psf       : (  244.52,   218.82)    9.51     ---     ---     ---     ---
 psf       : ( [358.73], [195.28])  30.00     ---     ---     ---     ---
 psf       : ( [127.75], [290.69])  30.00     ---     ---     ---     ---
 psf       : ( [329.92], [277.92])  13.74     ---     ---     ---     ---
 psf       : ( [116.57], [235.38])  30.00     ---     ---     ---     ---
 psf       : ( [180.63], [238.79])  30.00     ---     ---     ---     ---
 sky       : [189.50, 175.50]  [0.00e+00]  [0.00e+00]  [0.00e+00]
COUNTDOWN = 83 

Iteration : 18    Chi2nu: 3.322e-09     dChi2/Chi2: -1.59e-04   alamda: 1e-04     
 psf       : ( [240.08],  [91.29])  30.00     ---     ---     ---     ---
 psf       : (   67.95,   104.15)   13.10     ---     ---     ---     ---
 psf       : (  143.78,   108.01)   12.38     ---     ---     ---     ---
 psf       : (  240.16,   145.18)   11.92     ---     ---     ---     ---
 psf       : ( [143.91], [152.00])  30.00     ---     ---     ---     ---
 psf       : (  146.01,   164.28)   12.09     ---     ---     ---     ---
 psf       : ( [234.66], [229.93])  30.00     ---     ---     ---     ---
 psf       : (  [63.95], [229.43])  30.00     ---     ---     ---     ---
 psf       : (  244.51,   218.81)    9.51     ---     ---     ---     ---
 psf       : ( [358.73], [195.28])  30.00     ---     ---     ---     ---
 psf       : ( [127.75], [290.69])  30.00     ---     ---     ---     ---
 psf       : ( [329.92], [277.92])  14.20     ---     ---     ---     ---
 psf       : ( [116.57], [235.38])  30.00     ---     ---     ---     ---
 psf       : ( [180.63], [238.79])  30.00     ---     ---     ---     ---
 sky       : [189.50, 175.50]  [0.00e+00]  [0.00e+00]  [0.00e+00]
COUNTDOWN = 10 

Iteration : 19    Chi2nu: 3.321e-09     dChi2/Chi2: -2.26e-04   alamda: 1e-05     
 psf       : ( [240.08],  [91.29])  30.00     ---     ---     ---     ---
 psf       : (   67.29,   104.11)   13.05     ---     ---     ---     ---
 psf       : (  144.07,   107.99)   12.38     ---     ---     ---     ---
 psf       : (  240.19,   144.79)   11.91     ---     ---     ---     ---
 psf       : ( [143.91], [152.00])  30.00     ---     ---     ---     ---
 psf       : (  146.06,   164.50)   12.06     ---     ---     ---     ---
 psf       : ( [234.66], [229.93])  30.00     ---     ---     ---     ---
 psf       : (  [63.95], [229.43])  30.00     ---     ---     ---     ---
 psf       : (  244.50,   218.80)    9.52     ---     ---     ---     ---
 psf       : ( [358.73], [195.28])  30.00     ---     ---     ---     ---
 psf       : ( [127.75], [290.69])  30.00     ---     ---     ---     ---
 psf       : ( [329.92], [277.92])  14.34     ---     ---     ---     ---
 psf       : ( [116.57], [235.38])  30.00     ---     ---     ---     ---
 psf       : ( [180.63], [238.79])  30.00     ---     ---     ---     ---
 sky       : [189.50, 175.50]  [0.00e+00]  [0.00e+00]  [0.00e+00]
COUNTDOWN = 81 

Iteration : 20    Chi2nu: 3.320e-09     dChi2/Chi2: -2.34e-04   alamda: 1e-06     
 psf       : ( [240.08],  [91.29])  30.00     ---     ---     ---     ---
 psf       : (   66.47,   103.87)   12.98     ---     ---     ---     ---
 psf       : (  143.84,   107.94)   12.38     ---     ---     ---     ---
 psf       : (  240.07,   144.48)   11.87     ---     ---     ---     ---
 psf       : ( [143.91], [152.00])  30.00     ---     ---     ---     ---
 psf       : (  146.14,   164.61)   12.06     ---     ---     ---     ---
 psf       : ( [234.66], [229.93])  30.00     ---     ---     ---     ---
 psf       : (  [63.95], [229.43])  30.00     ---     ---     ---     ---
 psf       : (  244.50,   218.80)    9.52     ---     ---     ---     ---
 psf       : ( [358.73], [195.28])  30.00     ---     ---     ---     ---
 psf       : ( [127.75], [290.69])  30.00     ---     ---     ---     ---
 psf       : ( [329.92], [277.92])  14.35     ---     ---     ---     ---
 psf       : ( [116.57], [235.38])  30.00     ---     ---     ---     ---
 psf       : ( [180.63], [238.79])  30.00     ---     ---     ---     ---
 sky       : [189.50, 175.50]  [0.00e+00]  [0.00e+00]  [0.00e+00]
COUNTDOWN = 80 

Iteration : 21    Chi2nu: 3.320e-09     dChi2/Chi2: -1.62e-04   alamda: 1e-07     
 psf       : ( [240.08],  [91.29])  30.00     ---     ---     ---     ---
 psf       : (   65.83,   103.69)   12.82     ---     ---     ---     ---
 psf       : (  144.05,   108.01)   12.38     ---     ---     ---     ---
 psf       : (  239.75,   144.28)   11.87     ---     ---     ---     ---
 psf       : ( [143.91], [152.00])  30.00     ---     ---     ---     ---
 psf       : (  146.17,   164.64)   12.06     ---     ---     ---     ---
 psf       : ( [234.66], [229.93])  30.00     ---     ---     ---     ---
 psf       : (  [63.95], [229.43])  30.00     ---     ---     ---     ---
 psf       : (  244.50,   218.80)    9.52     ---     ---     ---     ---
 psf       : ( [358.73], [195.28])  30.00     ---     ---     ---     ---
 psf       : ( [127.75], [290.69])  30.00     ---     ---     ---     ---
 psf       : ( [329.92], [277.92])  14.35     ---     ---     ---     ---
 psf       : ( [116.57], [235.38])  30.00     ---     ---     ---     ---
 psf       : ( [180.63], [238.79])  30.00     ---     ---     ---     ---
 sky       : [189.50, 175.50]  [0.00e+00]  [0.00e+00]  [0.00e+00]
COUNTDOWN = 10 

Iteration : 22    Chi2nu: 3.320e-09     dChi2/Chi2: -1.85e-05   alamda: 1e-08     
 psf       : ( [240.08],  [91.29])  30.00     ---     ---     ---     ---
 psf       : (   65.83,   103.63)   12.70     ---     ---     ---     ---
 psf       : (  143.86,   107.93)   12.37     ---     ---     ---     ---
 psf       : (  239.88,   144.24)   11.85     ---     ---     ---     ---
 psf       : ( [143.91], [152.00])  30.00     ---     ---     ---     ---
 psf       : (  146.17,   164.65)   12.06     ---     ---     ---     ---
 psf       : ( [234.66], [229.93])  30.00     ---     ---     ---     ---
 psf       : (  [63.95], [229.43])  30.00     ---     ---     ---     ---
 psf       : (  244.50,   218.80)    9.52     ---     ---     ---     ---
 psf       : ( [358.73], [195.28])  30.00     ---     ---     ---     ---
 psf       : ( [127.75], [290.69])  30.00     ---     ---     ---     ---
 psf       : ( [329.92], [277.92])  14.35     ---     ---     ---     ---
 psf       : ( [116.57], [235.38])  30.00     ---     ---     ---     ---
 psf       : ( [180.63], [238.79])  30.00     ---     ---     ---     ---
 sky       : [189.50, 175.50]  [0.00e+00]  [0.00e+00]  [0.00e+00]
COUNTDOWN = 9 

Iteration : 23    Chi2nu: 3.320e-09     dChi2/Chi2: -3.18e-08   alamda: 1e-07     
 psf       : ( [240.08],  [91.29])  30.00     ---     ---     ---     ---
 psf       : (   65.83,   103.63)   12.70     ---     ---     ---     ---
 psf       : (  143.86,   107.93)   12.37     ---     ---     ---     ---
 psf       : (  239.88,   144.24)   11.85     ---     ---     ---     ---
 psf       : ( [143.91], [152.00])  30.00     ---     ---     ---     ---
 psf       : (  146.17,   164.65)   12.06     ---     ---     ---     ---
 psf       : ( [234.66], [229.93])  30.00     ---     ---     ---     ---
 psf       : (  [63.95], [229.43])  30.00     ---     ---     ---     ---
 psf       : (  244.50,   218.80)    9.52     ---     ---     ---     ---
 psf       : ( [358.73], [195.28])  30.00     ---     ---     ---     ---
 psf       : ( [127.75], [290.69])  30.00     ---     ---     ---     ---
 psf       : ( [329.92], [277.92])  14.35     ---     ---     ---     ---
 psf       : ( [116.57], [235.38])  30.00     ---     ---     ---     ---
 psf       : ( [180.63], [238.79])  30.00     ---     ---     ---     ---
 sky       : [189.50, 175.50]  [0.00e+00]  [0.00e+00]  [0.00e+00]
COUNTDOWN = 8 

Iteration : 24    Chi2nu: 3.320e-09     dChi2/Chi2: -3.18e-08   alamda: 1e-06     
 psf       : ( [240.08],  [91.29])  30.00     ---     ---     ---     ---
 psf       : (   65.83,   103.63)   12.70     ---     ---     ---     ---
 psf       : (  143.86,   107.93)   12.37     ---     ---     ---     ---
 psf       : (  239.88,   144.24)   11.85     ---     ---     ---     ---
 psf       : ( [143.91], [152.00])  30.00     ---     ---     ---     ---
 psf       : (  146.17,   164.65)   12.06     ---     ---     ---     ---
 psf       : ( [234.66], [229.93])  30.00     ---     ---     ---     ---
 psf       : (  [63.95], [229.43])  30.00     ---     ---     ---     ---
 psf       : (  244.50,   218.80)    9.52     ---     ---     ---     ---
 psf       : ( [358.73], [195.28])  30.00     ---     ---     ---     ---
 psf       : ( [127.75], [290.69])  30.00     ---     ---     ---     ---
 psf       : ( [329.92], [277.92])  14.35     ---     ---     ---     ---
 psf       : ( [116.57], [235.38])  30.00     ---     ---     ---     ---
 psf       : ( [180.63], [238.79])  30.00     ---     ---     ---     ---
 sky       : [189.50, 175.50]  [0.00e+00]  [0.00e+00]  [0.00e+00]
COUNTDOWN = 7 

Iteration : 25    Chi2nu: 3.320e-09     dChi2/Chi2: -3.18e-08   alamda: 1e-05     
 psf       : ( [240.08],  [91.29])  30.00     ---     ---     ---     ---
 psf       : (   65.83,   103.63)   12.70     ---     ---     ---     ---
 psf       : (  143.86,   107.93)   12.37     ---     ---     ---     ---
 psf       : (  239.88,   144.24)   11.85     ---     ---     ---     ---
 psf       : ( [143.91], [152.00])  30.00     ---     ---     ---     ---
 psf       : (  146.17,   164.65)   12.06     ---     ---     ---     ---
 psf       : ( [234.66], [229.93])  30.00     ---     ---     ---     ---
 psf       : (  [63.95], [229.43])  30.00     ---     ---     ---     ---
 psf       : (  244.50,   218.80)    9.52     ---     ---     ---     ---
 psf       : ( [358.73], [195.28])  30.00     ---     ---     ---     ---
 psf       : ( [127.75], [290.69])  30.00     ---     ---     ---     ---
 psf       : ( [329.92], [277.92])  14.35     ---     ---     ---     ---
 psf       : ( [116.57], [235.38])  30.00     ---     ---     ---     ---
 psf       : ( [180.63], [238.79])  30.00     ---     ---     ---     ---
 sky       : [189.50, 175.50]  [0.00e+00]  [0.00e+00]  [0.00e+00]
COUNTDOWN = 6 

Iteration : 26    Chi2nu: 3.320e-09     dChi2/Chi2: -3.18e-08   alamda: 1e-04     
 psf       : ( [240.08],  [91.29])  30.00     ---     ---     ---     ---
 psf       : (   65.83,   103.63)   12.70     ---     ---     ---     ---
 psf       : (  143.86,   107.93)   12.37     ---     ---     ---     ---
 psf       : (  239.88,   144.24)   11.85     ---     ---     ---     ---
 psf       : ( [143.91], [152.00])  30.00     ---     ---     ---     ---
 psf       : (  146.17,   164.65)   12.06     ---     ---     ---     ---
 psf       : ( [234.66], [229.93])  30.00     ---     ---     ---     ---
 psf       : (  [63.95], [229.43])  30.00     ---     ---     ---     ---
 psf       : (  244.50,   218.80)    9.52     ---     ---     ---     ---
 psf       : ( [358.73], [195.28])  30.00     ---     ---     ---     ---
 psf       : ( [127.75], [290.69])  30.00     ---     ---     ---     ---
 psf       : ( [329.92], [277.92])  14.35     ---     ---     ---     ---
 psf       : ( [116.57], [235.38])  30.00     ---     ---     ---     ---
 psf       : ( [180.63], [238.79])  30.00     ---     ---     ---     ---
 sky       : [189.50, 175.50]  [0.00e+00]  [0.00e+00]  [0.00e+00]
COUNTDOWN = 5 

Iteration : 27    Chi2nu: 3.320e-09     dChi2/Chi2: -3.18e-08   alamda: 1e-03     
 psf       : ( [240.08],  [91.29])  30.00     ---     ---     ---     ---
 psf       : (   65.83,   103.63)   12.70     ---     ---     ---     ---
 psf       : (  143.86,   107.93)   12.37     ---     ---     ---     ---
 psf       : (  239.88,   144.24)   11.85     ---     ---     ---     ---
 psf       : ( [143.91], [152.00])  30.00     ---     ---     ---     ---
 psf       : (  146.17,   164.65)   12.06     ---     ---     ---     ---
 psf       : ( [234.66], [229.93])  30.00     ---     ---     ---     ---
 psf       : (  [63.95], [229.43])  30.00     ---     ---     ---     ---
 psf       : (  244.50,   218.80)    9.52     ---     ---     ---     ---
 psf       : ( [358.73], [195.28])  30.00     ---     ---     ---     ---
 psf       : ( [127.75], [290.69])  30.00     ---     ---     ---     ---
 psf       : ( [329.92], [277.92])  14.35     ---     ---     ---     ---
 psf       : ( [116.57], [235.38])  30.00     ---     ---     ---     ---
 psf       : ( [180.63], [238.79])  30.00     ---     ---     ---     ---
 sky       : [189.50, 175.50]  [0.00e+00]  [0.00e+00]  [0.00e+00]
COUNTDOWN = 4 

Iteration : 28    Chi2nu: 3.320e-09     dChi2/Chi2: -3.18e-08   alamda: 1e-02     
 psf       : ( [240.08],  [91.29])  30.00     ---     ---     ---     ---
 psf       : (   65.83,   103.63)   12.70     ---     ---     ---     ---
 psf       : (  143.86,   107.93)   12.37     ---     ---     ---     ---
 psf       : (  239.88,   144.24)   11.85     ---     ---     ---     ---
 psf       : ( [143.91], [152.00])  30.00     ---     ---     ---     ---
 psf       : (  146.17,   164.65)   12.06     ---     ---     ---     ---
 psf       : ( [234.66], [229.93])  30.00     ---     ---     ---     ---
 psf       : (  [63.95], [229.43])  30.00     ---     ---     ---     ---
 psf       : (  244.50,   218.80)    9.52     ---     ---     ---     ---
 psf       : ( [358.73], [195.28])  30.00     ---     ---     ---     ---
 psf       : ( [127.75], [290.69])  30.00     ---     ---     ---     ---
 psf       : ( [329.92], [277.92])  14.35     ---     ---     ---     ---
 psf       : ( [116.57], [235.38])  30.00     ---     ---     ---     ---
 psf       : ( [180.63], [238.79])  30.00     ---     ---     ---     ---
 sky       : [189.50, 175.50]  [0.00e+00]  [0.00e+00]  [0.00e+00]
COUNTDOWN = 3 

Iteration : 29    Chi2nu: 3.320e-09     dChi2/Chi2: -3.18e-08   alamda: 1e-01     
 psf       : ( [240.08],  [91.29])  30.00     ---     ---     ---     ---
 psf       : (   65.83,   103.63)   12.70     ---     ---     ---     ---
 psf       : (  143.86,   107.93)   12.37     ---     ---     ---     ---
 psf       : (  239.88,   144.24)   11.85     ---     ---     ---     ---
 psf       : ( [143.91], [152.00])  30.00     ---     ---     ---     ---
 psf       : (  146.17,   164.65)   12.06     ---     ---     ---     ---
 psf       : ( [234.66], [229.93])  30.00     ---     ---     ---     ---
 psf       : (  [63.95], [229.43])  30.00     ---     ---     ---     ---
 psf       : (  244.50,   218.80)    9.52     ---     ---     ---     ---
 psf       : ( [358.73], [195.28])  30.00     ---     ---     ---     ---
 psf       : ( [127.75], [290.69])  30.00     ---     ---     ---     ---
 psf       : ( [329.92], [277.92])  14.35     ---     ---     ---     ---
 psf       : ( [116.57], [235.38])  30.00     ---     ---     ---     ---
 psf       : ( [180.63], [238.79])  30.00     ---     ---     ---     ---
 sky       : [189.50, 175.50]  [0.00e+00]  [0.00e+00]  [0.00e+00]
COUNTDOWN = 2 

Iteration : 30    Chi2nu: 3.320e-09     dChi2/Chi2: -3.18e-08   alamda: 1e+00     
 psf       : ( [240.08],  [91.29])  30.00     ---     ---     ---     ---
 psf       : (   65.83,   103.63)   12.70     ---     ---     ---     ---
 psf       : (  143.86,   107.93)   12.37     ---     ---     ---     ---
 psf       : (  239.88,   144.24)   11.85     ---     ---     ---     ---
 psf       : ( [143.91], [152.00])  30.00     ---     ---     ---     ---
 psf       : (  146.17,   164.65)   12.06     ---     ---     ---     ---
 psf       : ( [234.66], [229.93])  30.00     ---     ---     ---     ---
 psf       : (  [63.95], [229.43])  30.00     ---     ---     ---     ---
 psf       : (  244.50,   218.80)    9.52     ---     ---     ---     ---
 psf       : ( [358.73], [195.28])  30.00     ---     ---     ---     ---
 psf       : ( [127.75], [290.69])  30.00     ---     ---     ---     ---
 psf       : ( [329.92], [277.92])  14.35     ---     ---     ---     ---
 psf       : ( [116.57], [235.38])  30.00     ---     ---     ---     ---
 psf       : ( [180.63], [238.79])  30.00     ---     ---     ---     ---
 sky       : [189.50, 175.50]  [0.00e+00]  [0.00e+00]  [0.00e+00]
COUNTDOWN = 1 

Iteration : 31    Chi2nu: 3.320e-09     dChi2/Chi2: -7.66e-06   alamda: 1e-01     
 psf       : ( [240.08],  [91.29])  30.00     ---     ---     ---     ---
 psf       : (   65.83,   103.69)   12.71     ---     ---     ---     ---
 psf       : (  143.93,   107.96)   12.38     ---     ---     ---     ---
 psf       : (  239.85,   144.23)   11.85     ---     ---     ---     ---
 psf       : ( [143.91], [152.00])  30.00     ---     ---     ---     ---
 psf       : (  146.17,   164.66)   12.06     ---     ---     ---     ---
 psf       : ( [234.66], [229.93])  30.00     ---     ---     ---     ---
 psf       : (  [63.95], [229.43])  30.00     ---     ---     ---     ---
 psf       : (  244.50,   218.80)    9.52     ---     ---     ---     ---
 psf       : ( [358.73], [195.28])  30.00     ---     ---     ---     ---
 psf       : ( [127.75], [290.69])  30.00     ---     ---     ---     ---
 psf       : ( [329.92], [277.92])  14.34     ---     ---     ---     ---
 psf       : ( [116.57], [235.38])  30.00     ---     ---     ---     ---
 psf       : ( [180.63], [238.79])  30.00     ---     ---     ---     ---
 sky       : [189.50, 175.50]  [0.00e+00]  [0.00e+00]  [0.00e+00]
COUNTDOWN = 0 


Fit summary is now being saved into `fit.log'.

