-----------------------------------------------------------------------------

Input image     : image_sci.fits[1:378,1:350] 
Init. par. file : fit_0.input 
Restart file    : galfit.02 
Output image    : fit_0.fits 

 psf       : ( [348.15],   [2.30])  15.38
             (   [0.00],   [0.00])   1.53
 psf       : (  [20.02],  [14.53])  16.80
             (   [0.00],   [0.00])   5.46
 psf       : ( [235.06],  [32.44])  30.00
             (   [0.00],   [0.00]) 878465.50
 psf       : ( [320.95],  [43.01])  15.72
             (   [0.00],   [0.00])   1.87
 psf       : ( [295.41],   [1.83])  15.30
             (   [0.00],   [0.00])   1.42
 psf       : (  [25.39],  [57.02])  23.36
             (   [0.00],   [0.00]) 2166.90
 psf       : ( [188.89],  [54.22])  30.00
             (   [0.00],   [0.00]) 729749.00
 psf       : ( [321.65],  [72.07])  17.38
             (   [0.00],   [0.00])   8.51
 psf       : ( [180.36],  [13.87])  30.00
             (   [0.00],   [0.00]) 925021.88
 psf       : (  [27.54],  [75.25])  30.00
             (   [0.00],   [0.00]) 794060.94
 psf       : (  [90.53],  [85.47])  13.21
             (   [0.00],   [0.00])   0.18
 psf       : ( [240.08],  [91.29])  30.00
             (   [0.00],   [0.00]) 524737.56
 psf       : ( [363.75],  [90.94])  16.59
             (   [0.00],   [0.00])   4.25
 psf       : (  [70.39], [105.40])  13.09
             (   [0.00],   [0.00])   0.16
 psf       : (  [99.64], [112.95])  15.86
             (   [0.00],   [0.00])   2.05
 psf       : ( [142.58], [105.31])  13.76
             (   [0.00],   [0.00])   0.29
 psf       : (   [5.59], [129.19])  30.00
             (   [0.00],   [0.00]) 838422.00
 psf       : ( [240.86], [148.30])  12.52
             (   [0.00],   [0.00])   0.09
 psf       : ( [143.91], [152.00])  30.00
             (   [0.00],   [0.00]) 453613.31
 psf       : ( [142.97], [162.89])  12.81
             (   [0.00],   [0.00])   0.12
 psf       : ( [124.45], [150.33])  13.47
             (   [0.00],   [0.00])   0.23
 psf       : ( [135.00], [134.55])  12.69
             (   [0.00],   [0.00])   0.11
 psf       : (  [73.81], [177.56])  12.86
             (   [0.00],   [0.00])   0.12
 psf       : (   [9.97], [178.79])  30.00
             (   [0.00],   [0.00]) 770957.19
 psf       : (  [89.25], [172.00])  30.00
             (   [0.00],   [0.00]) 507090.69
 psf       : ( [140.21], [184.08])  30.00
             (   [0.00],   [0.00]) 530835.88
 psf       : (  [25.65], [187.62])  16.32
             (   [0.00],   [0.00])   3.20
 psf       : ( [247.64], [195.62])  30.00
             (   [0.00],   [0.00]) 510475.62
 psf       : ( [283.49], [196.88])  30.00
             (   [0.00],   [0.00]) 521550.69
 psf       : ( [368.18], [162.52])  30.00
             (   [0.00],   [0.00]) 590486.94
 psf       : ( [169.29], [190.34])  30.00
             (   [0.00],   [0.00]) 511051.25
 psf       : ( [344.81], [218.12])  30.00
             (   [0.00],   [0.00]) 665933.94
 psf       : ( [327.00], [212.47])  14.18
             (   [0.00],   [0.00])   0.44
 psf       : ( [234.66], [229.93])  30.00
             (   [0.00],   [0.00]) 576096.56
 psf       : ( [260.76], [226.63])  30.00
             (   [0.00],   [0.00]) 395738.66
 psf       : ( [191.88], [189.31])  11.85
             (   [0.00],   [0.00])   0.05
 psf       : ( [165.19], [169.77])  16.68
             (   [0.00],   [0.00])   4.34
 psf       : (  [63.95], [229.43])  30.00
             (   [0.00],   [0.00]) 490081.97
 psf       : ( [369.21], [141.09])  30.00
             (   [0.00],   [0.00]) 726268.50
 psf       : ( [246.44], [216.79])  10.17
             (   [0.00],   [0.00])   0.01
 psf       : ( [358.73], [195.28])  30.00
             (   [0.00],   [0.00]) 553733.19
 psf       : ( [233.59], [297.21])  30.00
             (   [0.00],   [0.00]) 522759.94
 psf       : (  [70.52], [293.17])  15.48
             (   [0.00],   [0.00])   1.47
 psf       : (  [95.94], [299.42])  14.11
             (   [0.00],   [0.00])   0.39
 psf       : ( [127.75], [290.69])  30.00
             (   [0.00],   [0.00]) 600614.38
 psf       : (  [78.97], [282.89])  20.15
             (   [0.00],   [0.00]) 108.48
 psf       : (  [93.31], [309.92])  15.32
             (   [0.00],   [0.00])   1.28
 psf       : ( [308.21], [271.01])  30.00
             (   [0.00],   [0.00]) 484722.31
 psf       : ( [329.92], [277.92])  30.00
             (   [0.00],   [0.00]) 524670.81
 psf       : ( [116.57], [235.38])  30.00
             (   [0.00],   [0.00]) 710882.19
 psf       : (  [98.90], [329.37])  13.99
             (   [0.00],   [0.00])   0.35
 psf       : ( [314.57], [336.39])  30.00
             (   [0.00],   [0.00]) 952539.25
 psf       : (  [78.92], [338.12])  15.08
             (   [0.00],   [0.00])   1.10
 psf       : ( [127.93], [334.67])  15.71
             (   [0.00],   [0.00])   1.94
 psf       : ( [291.26], [286.54])  14.79
             (   [0.00],   [0.00])   0.77
 psf       : ( [180.63], [238.79])  30.00
             (   [0.00],   [0.00]) 370764.97
 psf       : (  [13.82], [292.09])  17.23
             (   [0.00],   [0.00])   7.80
 sky       : [189.50, 175.50]  [0.00e+00]  [0.00e+00]  [0.00e+00]
                                [0.00e+00]  [0.00e+00]  [0.00e+00]
 Chi^2 = 0.00053,  ndof = 132243
 Chi^2/nu = 0.000 

-----------------------------------------------------------------------------
