
GALFIT Version 3.0.5 -- Apr. 23, 2013

















#  Input menu file: fit_0.input


================================================================================
# IMAGE and GALFIT CONTROL PARAMETERS
A) image_sci.fits      # Input data image (FITS file)
B) fit_0.fits          # Output data image block
C) image_rms.fits      # Sigma image name (made from data if blank or "none") 
D) image_psf.fits          # Input PSF image and (optional) diffusion kernel
E) 1                   # PSF fine sampling factor relative to data 
F) none                # Bad pixel mask (FITS image or ASCII coord list)
G) fit_0.limit         # File with parameter constraints (ASCII file) 
H) 1    378  1    350  # Image region to fit (xmin xmax ymin ymax)
I) 378    350          # Size of the convolution box (x y)
J) 0.000               # Magnitude photometric zeropoint 
K) 1.000  1.000        # Plate scale (dx dy)   [arcsec per pixel]
O) regular             # Display type (regular, curses, both)
P) 0                   # Choose: 0=optimize, 1=model, 2=imgblock, 3=subcomps

# INITIAL FITTING PARAMETERS
#
#   For component type, the allowed functions are: 
#       sersic, expdisk, edgedisk, devauc, king, nuker, psf, 
#       gaussian, moffat, ferrer, and sky. 
#  
#   Hidden parameters will only appear when they're specified:
#       Bn (n=integer, Bending Modes).
#       C0 (diskyness/boxyness), 
#       Fn (n=integer, Azimuthal Fourier Modes).
#       R0-R10 (coordinate rotation, for creating spiral structures).
#       To, Ti, T0-T10 (truncation function).
# 
# ------------------------------------------------------------------------------
#   par)    par value(s)    fit toggle(s)    # parameter description 
# ------------------------------------------------------------------------------

# Component number: 1
 0) psf                    #  Component type
 1) 240.0790 91.2950  0 0  #  Position x, y 
 3) 8.0000      1          #  Integrated magnitude 
 4) 0.0000      0          #     ----- 
 5) 0.0000      0          #     ----- 
 6) 0.0000      0          #     ----- 
 7) 0.0000      0          #     ----- 
 8) 0.0000      0          #     ----- 
 9) 1.0000      0          #  Axis ratio (b/a)  
10) 0.0000      0          #  Position angle (PA) [deg: Up=0, Left=90]
 Z) 0                      #  Skip this model in output image?  (yes=1, no=0)

# Component number: 2
 0) psf                    #  Component type
 1) 70.3880  105.3980 0 0  #  Position x, y 
 3) 8.0000      1          #  Integrated magnitude 
 4) 0.0000      0          #     ----- 
 5) 0.0000      0          #     ----- 
 6) 0.0000      0          #     ----- 
 7) 0.0000      0          #     ----- 
 8) 0.0000      0          #     ----- 
 9) 1.0000      0          #  Axis ratio (b/a)  
10) 0.0000      0          #  Position angle (PA) [deg: Up=0, Left=90]
 Z) 0                      #  Skip this model in output image?  (yes=1, no=0)

# Component number: 3
 0) psf                    #  Component type
 1) 142.5760 105.3060 0 0  #  Position x, y 
 3) 8.0000      1          #  Integrated magnitude 
 4) 0.0000      0          #     ----- 
 5) 0.0000      0          #     ----- 
 6) 0.0000      0          #     ----- 
 7) 0.0000      0          #     ----- 
 8) 0.0000      0          #     ----- 
 9) 1.0000      0          #  Axis ratio (b/a)  
10) 0.0000      0          #  Position angle (PA) [deg: Up=0, Left=90]
 Z) 0                      #  Skip this model in output image?  (yes=1, no=0)

# Component number: 4
 0) psf                    #  Component type
 1) 240.8600 148.2960 0 0  #  Position x, y 
 3) 8.0000      1          #  Integrated magnitude 
 4) 0.0000      0          #     ----- 
 5) 0.0000      0          #     ----- 
 6) 0.0000      0          #     ----- 
 7) 0.0000      0          #     ----- 
 8) 0.0000      0          #     ----- 
 9) 1.0000      0          #  Axis ratio (b/a)  
10) 0.0000      0          #  Position angle (PA) [deg: Up=0, Left=90]
 Z) 0                      #  Skip this model in output image?  (yes=1, no=0)

# Component number: 5
 0) psf                    #  Component type
 1) 143.9100 151.9980 0 0  #  Position x, y 
 3) 8.0000      1          #  Integrated magnitude 
 4) 0.0000      0          #     ----- 
 5) 0.0000      0          #     ----- 
 6) 0.0000      0          #     ----- 
 7) 0.0000      0          #     ----- 
 8) 0.0000      0          #     ----- 
 9) 1.0000      0          #  Axis ratio (b/a)  
10) 0.0000      0          #  Position angle (PA) [deg: Up=0, Left=90]
 Z) 0                      #  Skip this model in output image?  (yes=1, no=0)

# Component number: 6
 0) psf                    #  Component type
 1) 142.9680 162.8860 0 0  #  Position x, y 
 3) 8.0000      1          #  Integrated magnitude 
 4) 0.0000      0          #     ----- 
 5) 0.0000      0          #     ----- 
 6) 0.0000      0          #     ----- 
 7) 0.0000      0          #     ----- 
 8) 0.0000      0          #     ----- 
 9) 1.0000      0          #  Axis ratio (b/a)  
10) 0.0000      0          #  Position angle (PA) [deg: Up=0, Left=90]
 Z) 0                      #  Skip this model in output image?  (yes=1, no=0)

# Component number: 7
 0) psf                    #  Component type
 1) 234.6610 229.9250 0 0  #  Position x, y 
 3) 8.0000      1          #  Integrated magnitude 
 4) 0.0000      0          #     ----- 
 5) 0.0000      0          #     ----- 
 6) 0.0000      0          #     ----- 
 7) 0.0000      0          #     ----- 
 8) 0.0000      0          #     ----- 
 9) 1.0000      0          #  Axis ratio (b/a)  
10) 0.0000      0          #  Position angle (PA) [deg: Up=0, Left=90]
 Z) 0                      #  Skip this model in output image?  (yes=1, no=0)

# Component number: 8
 0) psf                    #  Component type
 1) 63.9540  229.4310 0 0  #  Position x, y 
 3) 8.0000      1          #  Integrated magnitude 
 4) 0.0000      0          #     ----- 
 5) 0.0000      0          #     ----- 
 6) 0.0000      0          #     ----- 
 7) 0.0000      0          #     ----- 
 8) 0.0000      0          #     ----- 
 9) 1.0000      0          #  Axis ratio (b/a)  
10) 0.0000      0          #  Position angle (PA) [deg: Up=0, Left=90]
 Z) 0                      #  Skip this model in output image?  (yes=1, no=0)

# Component number: 9
 0) psf                    #  Component type
 1) 246.4380 216.7850 0 0  #  Position x, y 
 3) 8.0000      1          #  Integrated magnitude 
 4) 0.0000      0          #     ----- 
 5) 0.0000      0          #     ----- 
 6) 0.0000      0          #     ----- 
 7) 0.0000      0          #     ----- 
 8) 0.0000      0          #     ----- 
 9) 1.0000      0          #  Axis ratio (b/a)  
10) 0.0000      0          #  Position angle (PA) [deg: Up=0, Left=90]
 Z) 0                      #  Skip this model in output image?  (yes=1, no=0)

# Component number: 10
 0) psf                    #  Component type
 1) 358.7280 195.2800 0 0  #  Position x, y 
 3) 8.0000      1          #  Integrated magnitude 
 4) 0.0000      0          #     ----- 
 5) 0.0000      0          #     ----- 
 6) 0.0000      0          #     ----- 
 7) 0.0000      0          #     ----- 
 8) 0.0000      0          #     ----- 
 9) 1.0000      0          #  Axis ratio (b/a)  
10) 0.0000      0          #  Position angle (PA) [deg: Up=0, Left=90]
 Z) 0                      #  Skip this model in output image?  (yes=1, no=0)

# Component number: 11
 0) psf                    #  Component type
 1) 127.7460 290.6930 0 0  #  Position x, y 
 3) 8.0000      1          #  Integrated magnitude 
 4) 0.0000      0          #     ----- 
 5) 0.0000      0          #     ----- 
 6) 0.0000      0          #     ----- 
 7) 0.0000      0          #     ----- 
 8) 0.0000      0          #     ----- 
 9) 1.0000      0          #  Axis ratio (b/a)  
10) 0.0000      0          #  Position angle (PA) [deg: Up=0, Left=90]
 Z) 0                      #  Skip this model in output image?  (yes=1, no=0)

# Component number: 12
 0) psf                    #  Component type
 1) 329.9210 277.9230 0 0  #  Position x, y 
 3) 8.0000      1          #  Integrated magnitude 
 4) 0.0000      0          #     ----- 
 5) 0.0000      0          #     ----- 
 6) 0.0000      0          #     ----- 
 7) 0.0000      0          #     ----- 
 8) 0.0000      0          #     ----- 
 9) 1.0000      0          #  Axis ratio (b/a)  
10) 0.0000      0          #  Position angle (PA) [deg: Up=0, Left=90]
 Z) 0                      #  Skip this model in output image?  (yes=1, no=0)

# Component number: 13
 0) psf                    #  Component type
 1) 116.5680 235.3800 0 0  #  Position x, y 
 3) 8.0000      1          #  Integrated magnitude 
 4) 0.0000      0          #     ----- 
 5) 0.0000      0          #     ----- 
 6) 0.0000      0          #     ----- 
 7) 0.0000      0          #     ----- 
 8) 0.0000      0          #     ----- 
 9) 1.0000      0          #  Axis ratio (b/a)  
10) 0.0000      0          #  Position angle (PA) [deg: Up=0, Left=90]
 Z) 0                      #  Skip this model in output image?  (yes=1, no=0)

# Component number: 14
 0) psf                    #  Component type
 1) 180.6320 238.7940 0 0  #  Position x, y 
 3) 8.0000      1          #  Integrated magnitude 
 4) 0.0000      0          #     ----- 
 5) 0.0000      0          #     ----- 
 6) 0.0000      0          #     ----- 
 7) 0.0000      0          #     ----- 
 8) 0.0000      0          #     ----- 
 9) 1.0000      0          #  Axis ratio (b/a)  
10) 0.0000      0          #  Position angle (PA) [deg: Up=0, Left=90]
 Z) 0                      #  Skip this model in output image?  (yes=1, no=0)

# Component number: 15
 0) sky                    #  Component type
 1) 0.000e+00      0       #  Sky background at center of fitting region [ADUs]
 2) 0.000e+00      0       #  dsky/dx (sky gradient in x)     [ADUs/pix]
 3) 0.000e+00      0       #  dsky/dy (sky gradient in y)     [ADUs/pix]
 Z) 0                      #  Skip this model in output image?  (yes=1, no=0)

================================================================================



-- WARNING: The exposure time header is missing.  Default to 1 second.

-- No CCD charge diffusion kernel found or applied.
-- No bad pixel mask image used.

================================================================================
Initial parameters:
 psf       : ( [240.08],  [91.29])   8.00     ---     ---     ---     ---
 psf       : (  [70.39], [105.40])   8.00     ---     ---     ---     ---
 psf       : ( [142.58], [105.31])   8.00     ---     ---     ---     ---
 psf       : ( [240.86], [148.30])   8.00     ---     ---     ---     ---
 psf       : ( [143.91], [152.00])   8.00     ---     ---     ---     ---
 psf       : ( [142.97], [162.89])   8.00     ---     ---     ---     ---
 psf       : ( [234.66], [229.93])   8.00     ---     ---     ---     ---
 psf       : (  [63.95], [229.43])   8.00     ---     ---     ---     ---
 psf       : ( [246.44], [216.79])   8.00     ---     ---     ---     ---
 psf       : ( [358.73], [195.28])   8.00     ---     ---     ---     ---
 psf       : ( [127.75], [290.69])   8.00     ---     ---     ---     ---
 psf       : ( [329.92], [277.92])   8.00     ---     ---     ---     ---
 psf       : ( [116.57], [235.38])   8.00     ---     ---     ---     ---
 psf       : ( [180.63], [238.79])   8.00     ---     ---     ---     ---
 sky       : [189.50, 175.50]  [0.00e+00]  [0.00e+00]  [0.00e+00]
================================================================================

Iteration : 1     Chi2nu: 3.506e-08     dChi2/Chi2: -2.16e+29   alamda: 1e-03     
 psf       : ( [240.08],  [91.29])   9.08     ---     ---     ---     ---
 psf       : (  [70.39], [105.40])   9.07     ---     ---     ---     ---
 psf       : ( [142.58], [105.31])   9.07     ---     ---     ---     ---
 psf       : ( [240.86], [148.30])   9.06     ---     ---     ---     ---
 psf       : ( [143.91], [152.00])   9.08     ---     ---     ---     ---
 psf       : ( [142.97], [162.89])   9.06     ---     ---     ---     ---
 psf       : ( [234.66], [229.93])   9.09     ---     ---     ---     ---
 psf       : (  [63.95], [229.43])   9.08     ---     ---     ---     ---
 psf       : ( [246.44], [216.79])   8.93     ---     ---     ---     ---
 psf       : ( [358.73], [195.28])   9.08     ---     ---     ---     ---
 psf       : ( [127.75], [290.69])   9.08     ---     ---     ---     ---
 psf       : ( [329.92], [277.92])   9.08     ---     ---     ---     ---
 psf       : ( [116.57], [235.38])   9.08     ---     ---     ---     ---
 psf       : ( [180.63], [238.79])   9.09     ---     ---     ---     ---
 sky       : [189.50, 175.50]  [0.00e+00]  [0.00e+00]  [0.00e+00]
COUNTDOWN = 99 

Iteration : 2     Chi2nu: 8.183e-09     dChi2/Chi2: -3.28e+00   alamda: 1e-04     
 psf       : ( [240.08],  [91.29])  10.17     ---     ---     ---     ---
 psf       : (  [70.39], [105.40])  10.12     ---     ---     ---     ---
 psf       : ( [142.58], [105.31])  10.14     ---     ---     ---     ---
 psf       : ( [240.86], [148.30])  10.10     ---     ---     ---     ---
 psf       : ( [143.91], [152.00])  10.18     ---     ---     ---     ---
 psf       : ( [142.97], [162.89])  10.11     ---     ---     ---     ---
 psf       : ( [234.66], [229.93])  10.20     ---     ---     ---     ---
 psf       : (  [63.95], [229.43])  10.17     ---     ---     ---     ---
 psf       : ( [246.44], [216.79])   9.66     ---     ---     ---     ---
 psf       : ( [358.73], [195.28])  10.17     ---     ---     ---     ---
 psf       : ( [127.75], [290.69])  10.17     ---     ---     ---     ---
 psf       : ( [329.92], [277.92])  10.17     ---     ---     ---     ---
 psf       : ( [116.57], [235.38])  10.17     ---     ---     ---     ---
 psf       : ( [180.63], [238.79])  10.20     ---     ---     ---     ---
 sky       : [189.50, 175.50]  [0.00e+00]  [0.00e+00]  [0.00e+00]
COUNTDOWN = 98 

Iteration : 3     Chi2nu: 4.612e-09     dChi2/Chi2: -7.74e-01   alamda: 1e-05     
 psf       : ( [240.08],  [91.29])  11.28     ---     ---     ---     ---
 psf       : (  [70.39], [105.40])  11.14     ---     ---     ---     ---
 psf       : ( [142.58], [105.31])  11.19     ---     ---     ---     ---
 psf       : ( [240.86], [148.30])  11.07     ---     ---     ---     ---
 psf       : ( [143.91], [152.00])  11.32     ---     ---     ---     ---
 psf       : ( [142.97], [162.89])  11.11     ---     ---     ---     ---
 psf       : ( [234.66], [229.93])  11.38     ---     ---     ---     ---
 psf       : (  [63.95], [229.43])  11.27     ---     ---     ---     ---
 psf       : ( [246.44], [216.79])  10.06     ---     ---     ---     ---
 psf       : ( [358.73], [195.28])  11.27     ---     ---     ---     ---
 psf       : ( [127.75], [290.69])  11.27     ---     ---     ---     ---
 psf       : ( [329.92], [277.92])  11.28     ---     ---     ---     ---
 psf       : ( [116.57], [235.38])  11.29     ---     ---     ---     ---
 psf       : ( [180.63], [238.79])  11.37     ---     ---     ---     ---
 sky       : [189.50, 175.50]  [0.00e+00]  [0.00e+00]  [0.00e+00]
COUNTDOWN = 97 

Iteration : 4     Chi2nu: 4.139e-09     dChi2/Chi2: -1.14e-01   alamda: 1e-06     
 psf       : ( [240.08],  [91.29])  12.43     ---     ---     ---     ---
 psf       : (  [70.39], [105.40])  12.04     ---     ---     ---     ---
 psf       : ( [142.58], [105.31])  12.18     ---     ---     ---     ---
 psf       : ( [240.86], [148.30])  11.87     ---     ---     ---     ---
 psf       : ( [143.91], [152.00])  12.53     ---     ---     ---     ---
 psf       : ( [142.97], [162.89])  11.98     ---     ---     ---     ---
 psf       : ( [234.66], [229.93])  12.72     ---     ---     ---     ---
 psf       : (  [63.95], [229.43])  12.41     ---     ---     ---     ---
 psf       : ( [246.44], [216.79])  10.15     ---     ---     ---     ---
 psf       : ( [358.73], [195.28])  12.41     ---     ---     ---     ---
 psf       : ( [127.75], [290.69])  12.39     ---     ---     ---     ---
 psf       : ( [329.92], [277.92])  12.43     ---     ---     ---     ---
 psf       : ( [116.57], [235.38])  12.46     ---     ---     ---     ---
 psf       : ( [180.63], [238.79])  12.69     ---     ---     ---     ---
 sky       : [189.50, 175.50]  [0.00e+00]  [0.00e+00]  [0.00e+00]
COUNTDOWN = 96 

Iteration : 5     Chi2nu: 4.076e-09     dChi2/Chi2: -1.56e-02   alamda: 1e-07     
 psf       : ( [240.08],  [91.29])  13.71     ---     ---     ---     ---
 psf       : (  [70.39], [105.40])  12.70     ---     ---     ---     ---
 psf       : ( [142.58], [105.31])  13.03     ---     ---     ---     ---
 psf       : ( [240.86], [148.30])  12.37     ---     ---     ---     ---
 psf       : ( [143.91], [152.00])  14.03     ---     ---     ---     ---
 psf       : ( [142.97], [162.89])  12.58     ---     ---     ---     ---
 psf       : ( [234.66], [229.93])  14.71     ---     ---     ---     ---
 psf       : (  [63.95], [229.43])  13.64     ---     ---     ---     ---
 psf       : ( [246.44], [216.79])  10.16     ---     ---     ---     ---
 psf       : ( [358.73], [195.28])  13.65     ---     ---     ---     ---
 psf       : ( [127.75], [290.69])  13.58     ---     ---     ---     ---
 psf       : ( [329.92], [277.92])  13.71     ---     ---     ---     ---
 psf       : ( [116.57], [235.38])  13.80     ---     ---     ---     ---
 psf       : ( [180.63], [238.79])  14.57     ---     ---     ---     ---
 sky       : [189.50, 175.50]  [0.00e+00]  [0.00e+00]  [0.00e+00]
COUNTDOWN = 95 

Iteration : 6     Chi2nu: 4.067e-09     dChi2/Chi2: -2.05e-03   alamda: 1e-08     
 psf       : ( [240.08],  [91.29])  15.40     ---     ---     ---     ---
 psf       : (  [70.39], [105.40])  13.01     ---     ---     ---     ---
 psf       : ( [142.58], [105.31])  13.59     ---     ---     ---     ---
 psf       : ( [240.86], [148.30])  12.52     ---     ---     ---     ---
 psf       : ( [143.91], [152.00])  16.73     ---     ---     ---     ---
 psf       : ( [142.97], [162.89])  12.82     ---     ---     ---     ---
 psf       : ( [234.66], [229.93])  21.43     ---     ---     ---     ---
 psf       : (  [63.95], [229.43])  15.18     ---     ---     ---     ---
 psf       : ( [246.44], [216.79])  10.16     ---     ---     ---     ---
 psf       : ( [358.73], [195.28])  15.20     ---     ---     ---     ---
 psf       : ( [127.75], [290.69])  14.98     ---     ---     ---     ---
 psf       : ( [329.92], [277.92])  15.41     ---     ---     ---     ---
 psf       : ( [116.57], [235.38])  15.74     ---     ---     ---     ---
 psf       : ( [180.63], [238.79])  20.19     ---     ---     ---     ---
 sky       : [189.50, 175.50]  [0.00e+00]  [0.00e+00]  [0.00e+00]
COUNTDOWN = 94 

Iteration : 7     Chi2nu: 4.067e-09     dChi2/Chi2: -1.99e-04   alamda: 1e-09     
 psf       : ( [240.08],  [91.29])  19.39     ---     ---     ---     ---
 psf       : (  [70.39], [105.40])  13.06     ---     ---     ---     ---
 psf       : ( [142.58], [105.31])  13.80     ---     ---     ---     ---
 psf       : ( [240.86], [148.30])  12.54     ---     ---     ---     ---
 psf       : ( [143.91], [152.00])  30.00     ---     ---     ---     ---
 psf       : ( [142.97], [162.89])  12.85     ---     ---     ---     ---
 psf       : ( [234.66], [229.93])  30.00     ---     ---     ---     ---
 psf       : (  [63.95], [229.43])  18.13     ---     ---     ---     ---
 psf       : ( [246.44], [216.79])  10.16     ---     ---     ---     ---
 psf       : ( [358.73], [195.28])  18.22     ---     ---     ---     ---
 psf       : ( [127.75], [290.69])  17.19     ---     ---     ---     ---
 psf       : ( [329.92], [277.92])  19.47     ---     ---     ---     ---
 psf       : ( [116.57], [235.38])  21.99     ---     ---     ---     ---
 psf       : ( [180.63], [238.79])  30.00     ---     ---     ---     ---
 sky       : [189.50, 175.50]  [0.00e+00]  [0.00e+00]  [0.00e+00]
COUNTDOWN = 93 

Iteration : 8     Chi2nu: 4.067e-09     dChi2/Chi2: -7.42e-06   alamda: 1e-10     
 psf       : ( [240.08],  [91.29])  30.00     ---     ---     ---     ---
 psf       : (  [70.39], [105.40])  13.06     ---     ---     ---     ---
 psf       : ( [142.58], [105.31])  13.83     ---     ---     ---     ---
 psf       : ( [240.86], [148.30])  12.54     ---     ---     ---     ---
 psf       : ( [143.91], [152.00])  30.00     ---     ---     ---     ---
 psf       : ( [142.97], [162.89])  12.85     ---     ---     ---     ---
 psf       : ( [234.66], [229.93])  30.00     ---     ---     ---     ---
 psf       : (  [63.95], [229.43])  30.00     ---     ---     ---     ---
 psf       : ( [246.44], [216.79])  10.16     ---     ---     ---     ---
 psf       : ( [358.73], [195.28])  30.00     ---     ---     ---     ---
 psf       : ( [127.75], [290.69])  27.01     ---     ---     ---     ---
 psf       : ( [329.92], [277.92])  30.00     ---     ---     ---     ---
 psf       : ( [116.57], [235.38])  30.00     ---     ---     ---     ---
 psf       : ( [180.63], [238.79])  30.00     ---     ---     ---     ---
 sky       : [189.50, 175.50]  [0.00e+00]  [0.00e+00]  [0.00e+00]
COUNTDOWN = 10 

Iteration : 9     Chi2nu: 4.067e-09     dChi2/Chi2: 4.19e-08    alamda: 1e-09     
 psf       : ( [240.08],  [91.29])  30.00     ---     ---     ---     ---
 psf       : (  [70.39], [105.40])  13.06     ---     ---     ---     ---
 psf       : ( [142.58], [105.31])  13.83     ---     ---     ---     ---
 psf       : ( [240.86], [148.30])  12.54     ---     ---     ---     ---
 psf       : ( [143.91], [152.00])  30.00     ---     ---     ---     ---
 psf       : ( [142.97], [162.89])  12.85     ---     ---     ---     ---
 psf       : ( [234.66], [229.93])  30.00     ---     ---     ---     ---
 psf       : (  [63.95], [229.43])  30.00     ---     ---     ---     ---
 psf       : ( [246.44], [216.79])  10.16     ---     ---     ---     ---
 psf       : ( [358.73], [195.28])  30.00     ---     ---     ---     ---
 psf       : ( [127.75], [290.69])  27.01     ---     ---     ---     ---
 psf       : ( [329.92], [277.92])  30.00     ---     ---     ---     ---
 psf       : ( [116.57], [235.38])  30.00     ---     ---     ---     ---
 psf       : ( [180.63], [238.79])  30.00     ---     ---     ---     ---
 sky       : [189.50, 175.50]  [0.00e+00]  [0.00e+00]  [0.00e+00]
COUNTDOWN = 9 

Iteration : 10    Chi2nu: 4.067e-09     dChi2/Chi2: 4.19e-08    alamda: 1e-08     
 psf       : ( [240.08],  [91.29])  30.00     ---     ---     ---     ---
 psf       : (  [70.39], [105.40])  13.06     ---     ---     ---     ---
 psf       : ( [142.58], [105.31])  13.83     ---     ---     ---     ---
 psf       : ( [240.86], [148.30])  12.54     ---     ---     ---     ---
 psf       : ( [143.91], [152.00])  30.00     ---     ---     ---     ---
 psf       : ( [142.97], [162.89])  12.85     ---     ---     ---     ---
 psf       : ( [234.66], [229.93])  30.00     ---     ---     ---     ---
 psf       : (  [63.95], [229.43])  30.00     ---     ---     ---     ---
 psf       : ( [246.44], [216.79])  10.16     ---     ---     ---     ---
 psf       : ( [358.73], [195.28])  30.00     ---     ---     ---     ---
 psf       : ( [127.75], [290.69])  27.01     ---     ---     ---     ---
 psf       : ( [329.92], [277.92])  30.00     ---     ---     ---     ---
 psf       : ( [116.57], [235.38])  30.00     ---     ---     ---     ---
 psf       : ( [180.63], [238.79])  30.00     ---     ---     ---     ---
 sky       : [189.50, 175.50]  [0.00e+00]  [0.00e+00]  [0.00e+00]
COUNTDOWN = 8 

Iteration : 11    Chi2nu: 4.067e-09     dChi2/Chi2: 4.19e-08    alamda: 1e-07     
 psf       : ( [240.08],  [91.29])  30.00     ---     ---     ---     ---
 psf       : (  [70.39], [105.40])  13.06     ---     ---     ---     ---
 psf       : ( [142.58], [105.31])  13.83     ---     ---     ---     ---
 psf       : ( [240.86], [148.30])  12.54     ---     ---     ---     ---
 psf       : ( [143.91], [152.00])  30.00     ---     ---     ---     ---
 psf       : ( [142.97], [162.89])  12.85     ---     ---     ---     ---
 psf       : ( [234.66], [229.93])  30.00     ---     ---     ---     ---
 psf       : (  [63.95], [229.43])  30.00     ---     ---     ---     ---
 psf       : ( [246.44], [216.79])  10.16     ---     ---     ---     ---
 psf       : ( [358.73], [195.28])  30.00     ---     ---     ---     ---
 psf       : ( [127.75], [290.69])  27.01     ---     ---     ---     ---
 psf       : ( [329.92], [277.92])  30.00     ---     ---     ---     ---
 psf       : ( [116.57], [235.38])  30.00     ---     ---     ---     ---
 psf       : ( [180.63], [238.79])  30.00     ---     ---     ---     ---
 sky       : [189.50, 175.50]  [0.00e+00]  [0.00e+00]  [0.00e+00]
COUNTDOWN = 7 

Iteration : 12    Chi2nu: 4.067e-09     dChi2/Chi2: 4.19e-08    alamda: 1e-06     
 psf       : ( [240.08],  [91.29])  30.00     ---     ---     ---     ---
 psf       : (  [70.39], [105.40])  13.06     ---     ---     ---     ---
 psf       : ( [142.58], [105.31])  13.83     ---     ---     ---     ---
 psf       : ( [240.86], [148.30])  12.54     ---     ---     ---     ---
 psf       : ( [143.91], [152.00])  30.00     ---     ---     ---     ---
 psf       : ( [142.97], [162.89])  12.85     ---     ---     ---     ---
 psf       : ( [234.66], [229.93])  30.00     ---     ---     ---     ---
 psf       : (  [63.95], [229.43])  30.00     ---     ---     ---     ---
 psf       : ( [246.44], [216.79])  10.16     ---     ---     ---     ---
 psf       : ( [358.73], [195.28])  30.00     ---     ---     ---     ---
 psf       : ( [127.75], [290.69])  27.01     ---     ---     ---     ---
 psf       : ( [329.92], [277.92])  30.00     ---     ---     ---     ---
 psf       : ( [116.57], [235.38])  30.00     ---     ---     ---     ---
 psf       : ( [180.63], [238.79])  30.00     ---     ---     ---     ---
 sky       : [189.50, 175.50]  [0.00e+00]  [0.00e+00]  [0.00e+00]
COUNTDOWN = 6 

Iteration : 13    Chi2nu: 4.067e-09     dChi2/Chi2: 4.19e-08    alamda: 1e-05     
 psf       : ( [240.08],  [91.29])  30.00     ---     ---     ---     ---
 psf       : (  [70.39], [105.40])  13.06     ---     ---     ---     ---
 psf       : ( [142.58], [105.31])  13.83     ---     ---     ---     ---
 psf       : ( [240.86], [148.30])  12.54     ---     ---     ---     ---
 psf       : ( [143.91], [152.00])  30.00     ---     ---     ---     ---
 psf       : ( [142.97], [162.89])  12.85     ---     ---     ---     ---
 psf       : ( [234.66], [229.93])  30.00     ---     ---     ---     ---
 psf       : (  [63.95], [229.43])  30.00     ---     ---     ---     ---
 psf       : ( [246.44], [216.79])  10.16     ---     ---     ---     ---
 psf       : ( [358.73], [195.28])  30.00     ---     ---     ---     ---
 psf       : ( [127.75], [290.69])  27.01     ---     ---     ---     ---
 psf       : ( [329.92], [277.92])  30.00     ---     ---     ---     ---
 psf       : ( [116.57], [235.38])  30.00     ---     ---     ---     ---
 psf       : ( [180.63], [238.79])  30.00     ---     ---     ---     ---
 sky       : [189.50, 175.50]  [0.00e+00]  [0.00e+00]  [0.00e+00]
COUNTDOWN = 5 

Iteration : 14    Chi2nu: 4.067e-09     dChi2/Chi2: 4.19e-08    alamda: 1e-04     
 psf       : ( [240.08],  [91.29])  30.00     ---     ---     ---     ---
 psf       : (  [70.39], [105.40])  13.06     ---     ---     ---     ---
 psf       : ( [142.58], [105.31])  13.83     ---     ---     ---     ---
 psf       : ( [240.86], [148.30])  12.54     ---     ---     ---     ---
 psf       : ( [143.91], [152.00])  30.00     ---     ---     ---     ---
 psf       : ( [142.97], [162.89])  12.85     ---     ---     ---     ---
 psf       : ( [234.66], [229.93])  30.00     ---     ---     ---     ---
 psf       : (  [63.95], [229.43])  30.00     ---     ---     ---     ---
 psf       : ( [246.44], [216.79])  10.16     ---     ---     ---     ---
 psf       : ( [358.73], [195.28])  30.00     ---     ---     ---     ---
 psf       : ( [127.75], [290.69])  27.01     ---     ---     ---     ---
 psf       : ( [329.92], [277.92])  30.00     ---     ---     ---     ---
 psf       : ( [116.57], [235.38])  30.00     ---     ---     ---     ---
 psf       : ( [180.63], [238.79])  30.00     ---     ---     ---     ---
 sky       : [189.50, 175.50]  [0.00e+00]  [0.00e+00]  [0.00e+00]
COUNTDOWN = 4 

Iteration : 15    Chi2nu: 4.067e-09     dChi2/Chi2: 4.19e-08    alamda: 1e-03     
 psf       : ( [240.08],  [91.29])  30.00     ---     ---     ---     ---
 psf       : (  [70.39], [105.40])  13.06     ---     ---     ---     ---
 psf       : ( [142.58], [105.31])  13.83     ---     ---     ---     ---
 psf       : ( [240.86], [148.30])  12.54     ---     ---     ---     ---
 psf       : ( [143.91], [152.00])  30.00     ---     ---     ---     ---
 psf       : ( [142.97], [162.89])  12.85     ---     ---     ---     ---
 psf       : ( [234.66], [229.93])  30.00     ---     ---     ---     ---
 psf       : (  [63.95], [229.43])  30.00     ---     ---     ---     ---
 psf       : ( [246.44], [216.79])  10.16     ---     ---     ---     ---
 psf       : ( [358.73], [195.28])  30.00     ---     ---     ---     ---
 psf       : ( [127.75], [290.69])  27.01     ---     ---     ---     ---
 psf       : ( [329.92], [277.92])  30.00     ---     ---     ---     ---
 psf       : ( [116.57], [235.38])  30.00     ---     ---     ---     ---
 psf       : ( [180.63], [238.79])  30.00     ---     ---     ---     ---
 sky       : [189.50, 175.50]  [0.00e+00]  [0.00e+00]  [0.00e+00]
COUNTDOWN = 3 

Iteration : 16    Chi2nu: 4.067e-09     dChi2/Chi2: 4.19e-08    alamda: 1e-02     
 psf       : ( [240.08],  [91.29])  30.00     ---     ---     ---     ---
 psf       : (  [70.39], [105.40])  13.06     ---     ---     ---     ---
 psf       : ( [142.58], [105.31])  13.83     ---     ---     ---     ---
 psf       : ( [240.86], [148.30])  12.54     ---     ---     ---     ---
 psf       : ( [143.91], [152.00])  30.00     ---     ---     ---     ---
 psf       : ( [142.97], [162.89])  12.85     ---     ---     ---     ---
 psf       : ( [234.66], [229.93])  30.00     ---     ---     ---     ---
 psf       : (  [63.95], [229.43])  30.00     ---     ---     ---     ---
 psf       : ( [246.44], [216.79])  10.16     ---     ---     ---     ---
 psf       : ( [358.73], [195.28])  30.00     ---     ---     ---     ---
 psf       : ( [127.75], [290.69])  27.01     ---     ---     ---     ---
 psf       : ( [329.92], [277.92])  30.00     ---     ---     ---     ---
 psf       : ( [116.57], [235.38])  30.00     ---     ---     ---     ---
 psf       : ( [180.63], [238.79])  30.00     ---     ---     ---     ---
 sky       : [189.50, 175.50]  [0.00e+00]  [0.00e+00]  [0.00e+00]
COUNTDOWN = 2 

Iteration : 17    Chi2nu: 4.067e-09     dChi2/Chi2: 3.75e-08    alamda: 1e-03     
 psf       : ( [240.08],  [91.29])  30.00     ---     ---     ---     ---
 psf       : (  [70.39], [105.40])  13.06     ---     ---     ---     ---
 psf       : ( [142.58], [105.31])  13.83     ---     ---     ---     ---
 psf       : ( [240.86], [148.30])  12.54     ---     ---     ---     ---
 psf       : ( [143.91], [152.00])  30.00     ---     ---     ---     ---
 psf       : ( [142.97], [162.89])  12.85     ---     ---     ---     ---
 psf       : ( [234.66], [229.93])  30.00     ---     ---     ---     ---
 psf       : (  [63.95], [229.43])  30.00     ---     ---     ---     ---
 psf       : ( [246.44], [216.79])  10.16     ---     ---     ---     ---
 psf       : ( [358.73], [195.28])  30.00     ---     ---     ---     ---
 psf       : ( [127.75], [290.69])  30.00     ---     ---     ---     ---
 psf       : ( [329.92], [277.92])  30.00     ---     ---     ---     ---
 psf       : ( [116.57], [235.38])  30.00     ---     ---     ---     ---
 psf       : ( [180.63], [238.79])  30.00     ---     ---     ---     ---
 sky       : [189.50, 175.50]  [0.00e+00]  [0.00e+00]  [0.00e+00]
COUNTDOWN = 1 

Iteration : 18    Chi2nu: 4.067e-09     dChi2/Chi2: 3.75e-08    alamda: 1e-02     
 psf       : ( [240.08],  [91.29])  30.00     ---     ---     ---     ---
 psf       : (  [70.39], [105.40])  13.06     ---     ---     ---     ---
 psf       : ( [142.58], [105.31])  13.83     ---     ---     ---     ---
 psf       : ( [240.86], [148.30])  12.54     ---     ---     ---     ---
 psf       : ( [143.91], [152.00])  30.00     ---     ---     ---     ---
 psf       : ( [142.97], [162.89])  12.85     ---     ---     ---     ---
 psf       : ( [234.66], [229.93])  30.00     ---     ---     ---     ---
 psf       : (  [63.95], [229.43])  30.00     ---     ---     ---     ---
 psf       : ( [246.44], [216.79])  10.16     ---     ---     ---     ---
 psf       : ( [358.73], [195.28])  30.00     ---     ---     ---     ---
 psf       : ( [127.75], [290.69])  30.00     ---     ---     ---     ---
 psf       : ( [329.92], [277.92])  30.00     ---     ---     ---     ---
 psf       : ( [116.57], [235.38])  30.00     ---     ---     ---     ---
 psf       : ( [180.63], [238.79])  30.00     ---     ---     ---     ---
 sky       : [189.50, 175.50]  [0.00e+00]  [0.00e+00]  [0.00e+00]
COUNTDOWN = 0 


Fit summary is now being saved into `fit.log'.

