-----------------------------------------------------------------------------

Input image     : image_sci.fits[1:378,1:350] 
Init. par. file : fit_1.input 
Restart file    : galfit.03 
Output image    : fit_1.fits 

 psf       : ( [348.15],   [2.30])  15.38
             (   [0.00],   [0.00])   1.03
 psf       : (  [20.02],  [14.53])  16.45
             (   [0.00],   [0.00])   3.67
 psf       : ( [235.06],  [32.44])  30.00
             (   [0.00],   [0.00]) 812915.25
 psf       : ( [320.95],  [43.01])  15.97
             (   [0.00],   [0.00])   2.17
 psf       : ( [295.41],   [1.83])  15.37
             (   [0.00],   [0.00])   1.01
 psf       : (  [25.39],  [57.02])  17.87
             (   [0.00],   [0.00])  12.71
 psf       : ( [188.89],  [54.22])  30.00
             (   [0.00],   [0.00]) 673720.25
 psf       : ( [321.65],  [72.07])  17.16
             (   [0.00],   [0.00])   6.37
 psf       : ( [180.36],  [13.87])  30.00
             (   [0.00],   [0.00]) 863476.56
 psf       : (  [27.54],  [75.25])  30.00
             (   [0.00],   [0.00]) 617070.19
 psf       : (   91.52,    85.22)   13.08
             (    0.26,     0.17)    0.12
 psf       : ( [240.08],  [91.29])  30.00
             (   [0.00],   [0.00]) 466702.06
 psf       : ( [363.75],  [90.94])  16.55
             (   [0.00],   [0.00])   3.78
 psf       : (   69.47,   105.20)   13.10
             (    0.25,     0.19)    0.13
 psf       : (  [99.64], [112.95])  14.90
             (   [0.00],   [0.00])   0.78
 psf       : (  143.61,   107.58)   12.80
             (    0.22,     0.16)    0.10
 psf       : (   [5.59], [129.19])  30.00
             (   [0.00],   [0.00]) 783005.12
 psf       : (  241.56,   146.65)   12.10
             (    0.12,     0.08)    0.06
 psf       : ( [143.91], [152.00])  30.00
             (   [0.00],   [0.00]) 456586.91
 psf       : (  144.78,   162.30)   12.39
             (    0.15,     0.09)    0.07
 psf       : (  121.81,   149.41)   12.86
             (    0.26,     0.18)    0.11
 psf       : (  134.78,   132.87)   12.37
             (    0.14,     0.09)    0.06
 psf       : (   72.21,   177.58)   12.73
             (    0.17,     0.16)    0.09
 psf       : (   [9.97], [178.79])  30.00
             (   [0.00],   [0.00]) 759689.12
 psf       : (  [89.25], [172.00])  20.96
             (   [0.00],   [0.00]) 208.57
 psf       : ( [140.21], [184.08])  15.11
             (   [0.00],   [0.00])   0.96
 psf       : (  [25.65], [187.62])  15.92
             (   [0.00],   [0.00])   2.05
 psf       : ( [247.64], [195.62])  14.66
             (   [0.00],   [0.00])   0.60
 psf       : ( [283.49], [196.88])  30.00
             (   [0.00],   [0.00]) 414122.44
 psf       : ( [368.18], [162.52])  30.00
             (   [0.00],   [0.00]) 705599.81
 psf       : ( [169.29], [190.34])  30.00
             (   [0.00],   [0.00]) 488954.19
 psf       : ( [344.81], [218.12])  30.00
             (   [0.00],   [0.00]) 540953.38
 psf       : (  322.44,   211.77)   13.65
             (    0.50,     0.36)    0.25
 psf       : ( [234.66], [229.93])  30.00
             (   [0.00],   [0.00]) 543232.62
 psf       : ( [260.76], [226.63])  30.00
             (   [0.00],   [0.00]) 559623.62
 psf       : (  192.05,   189.24)   11.91
             (    0.11,     0.08)    0.05
 psf       : ( [165.19], [169.77])  15.64
             (   [0.00],   [0.00])   1.54
 psf       : (  [63.95], [229.43])  30.00
             (   [0.00],   [0.00]) 509907.28
 psf       : ( [369.21], [141.09])  30.00
             (   [0.00],   [0.00]) 814761.81
 psf       : (  245.15,   218.31)    9.83
             (    0.02,     0.01)    0.01
 psf       : ( [358.73], [195.28])  30.00
             (   [0.00],   [0.00]) 604217.50
 psf       : ( [233.59], [297.21])  30.00
             (   [0.00],   [0.00]) 494228.94
 psf       : (  [70.52], [293.17])  15.46
             (   [0.00],   [0.00])   1.08
 psf       : (   96.01,   298.24)   13.91
             (    0.73,     0.51)    0.32
 psf       : ( [127.75], [290.69])  30.00
             (   [0.00],   [0.00]) 516616.22
 psf       : (  [78.97], [282.89])  30.00
             (   [0.00],   [0.00]) 544004.00
 psf       : (  [93.31], [309.92])  15.46
             (   [0.00],   [0.00])   1.13
 psf       : ( [308.21], [271.01])  16.27
             (   [0.00],   [0.00])   2.78
 psf       : ( [329.92], [277.92])  14.54
             (   [0.00],   [0.00])   0.57
 psf       : ( [116.57], [235.38])  30.00
             (   [0.00],   [0.00]) 405476.47
 psf       : (  100.39,   328.47)   13.65
             (    0.51,     0.42)    0.20
 psf       : ( [314.57], [336.39])  30.00
             (   [0.00],   [0.00]) 886918.81
 psf       : (  [78.92], [338.12])  15.15
             (   [0.00],   [0.00])   1.09
 psf       : ( [127.93], [334.67])  15.30
             (   [0.00],   [0.00])   1.21
 psf       : ( [291.26], [286.54])  14.77
             (   [0.00],   [0.00])   0.70
 psf       : ( [180.63], [238.79])  30.00
             (   [0.00],   [0.00]) 653447.00
 psf       : (  [13.82], [292.09])  16.82
             (   [0.00],   [0.00])   4.97
 sky       : [189.50, 175.50]  [0.00e+00]  [0.00e+00]  [0.00e+00]
                                [0.00e+00]  [0.00e+00]  [0.00e+00]
 Chi^2 = 0.00046,  ndof = 132217
 Chi^2/nu = 0.000 

-----------------------------------------------------------------------------
