-----------------------------------------------------------------------------

Input image     : image_negative.fits[1:378,1:350] 
Init. par. file : fit_n1.input 
Restart file    : galfit.01 
Output image    : fit_n1.fits 

 psf       : ( [348.15],   [2.30])  30.00
             (   [0.00],   [0.00]) 888789.94
 psf       : (  [20.02],  [14.53])  30.00
             (   [0.00],   [0.00]) 1047559.94
 psf       : ( [235.06],  [32.44])  16.10
             (   [0.00],   [0.00])   2.80
 psf       : ( [320.95],  [43.01])  30.00
             (   [0.00],   [0.00]) 907844.56
 psf       : ( [295.41],   [1.83])  30.00
             (   [0.00],   [0.00]) 928730.19
 psf       : (  [25.39],  [57.02])  18.80
             (   [0.00],   [0.00])  33.54
 psf       : ( [188.89],  [54.22])  13.93
             (   [0.00],   [0.00])   0.37
 psf       : ( [321.65],  [72.07])  24.37
             (   [0.00],   [0.00]) 5517.70
 psf       : ( [180.36],  [13.87])  14.98
             (   [0.00],   [0.00])   1.04
 psf       : (  [27.54],  [75.25])  16.65
             (   [0.00],   [0.00])   4.59
 psf       : (  [90.53],  [85.47])  30.00
             (   [0.00],   [0.00]) 419097.88
 psf       : ( [240.08],  [91.29])  14.62
             (   [0.00],   [0.00])   0.68
 psf       : ( [363.75],  [90.94])  30.00
             (   [0.00],   [0.00]) 943226.56
 psf       : (  [70.39], [105.40])  30.00
             (   [0.00],   [0.00]) 429861.06
 psf       : (  [99.64], [112.95])  30.00
             (   [0.00],   [0.00]) 574440.81
 psf       : ( [142.58], [105.31])  30.00
             (   [0.00],   [0.00]) 484569.78
 psf       : (   [5.59], [129.19])  15.19
             (   [0.00],   [0.00])   1.25
 psf       : ( [240.86], [148.30])  30.00
             (   [0.00],   [0.00]) 534585.62
 psf       : ( [143.91], [152.00])  13.80
             (   [0.00],   [0.00])   0.32
 psf       : ( [142.97], [162.89])  30.00
             (   [0.00],   [0.00]) 503153.09
 psf       : ( [124.45], [150.33])  30.00
             (   [0.00],   [0.00]) 689220.69
 psf       : ( [135.00], [134.55])  30.00
             (   [0.00],   [0.00]) 558728.88
 psf       : (  [73.81], [177.56])  30.00
             (   [0.00],   [0.00]) 544567.75
 psf       : (   [9.97], [178.79])  15.81
             (   [0.00],   [0.00])   2.17
 psf       : (  [89.25], [172.00])  18.12
             (   [0.00],   [0.00])  17.03
 psf       : ( [140.21], [184.08])  15.69
             (   [0.00],   [0.00])   1.80
 psf       : (  [25.65], [187.62])  30.00
             (   [0.00],   [0.00]) 876832.81
 psf       : ( [247.64], [195.62])  14.33
             (   [0.00],   [0.00])   0.52
 psf       : ( [283.49], [196.88])  13.23
             (   [0.00],   [0.00])   0.19
 psf       : ( [368.18], [162.52])  14.86
             (   [0.00],   [0.00])   0.90
 psf       : ( [169.29], [190.34])  12.87
             (   [0.00],   [0.00])   0.13
 psf       : ( [344.81], [218.12])  18.69
             (   [0.00],   [0.00])  29.68
 psf       : ( [327.00], [212.47])  30.00
             (   [0.00],   [0.00]) 802496.25
 psf       : ( [234.66], [229.93])  12.84
             (   [0.00],   [0.00])   0.13
 psf       : ( [260.76], [226.63])  12.26
             (   [0.00],   [0.00])   0.08
 psf       : ( [191.88], [189.31])  30.00
             (   [0.00],   [0.00]) 663838.19
 psf       : ( [165.19], [169.77])  30.00
             (   [0.00],   [0.00]) 465725.47
 psf       : (  [63.95], [229.43])  14.72
             (   [0.00],   [0.00])   0.73
 psf       : ( [369.21], [141.09])  16.54
             (   [0.00],   [0.00])   4.28
 psf       : ( [246.44], [216.79])  30.00
             (   [0.00],   [0.00]) 627683.62
 psf       : ( [358.73], [195.28])  14.36
             (   [0.00],   [0.00])   0.55
 psf       : ( [233.59], [297.21])  13.64
             (   [0.00],   [0.00])   0.28
 psf       : (  [70.52], [293.17])  30.00
             (   [0.00],   [0.00]) 528795.44
 psf       : (  [95.94], [299.42])  30.00
             (   [0.00],   [0.00]) 598720.25
 psf       : ( [127.75], [290.69])  14.77
             (   [0.00],   [0.00])   0.78
 psf       : (  [78.97], [282.89])  19.04
             (   [0.00],   [0.00])  40.30
 psf       : (  [93.31], [309.92])  30.00
             (   [0.00],   [0.00]) 477680.50
 psf       : ( [308.21], [271.01])  14.96
             (   [0.00],   [0.00])   0.93
 psf       : ( [329.92], [277.92])  14.48
             (   [0.00],   [0.00])   0.60
 psf       : ( [116.57], [235.38])  14.17
             (   [0.00],   [0.00])   0.45
 psf       : (  [98.90], [329.37])  30.00
             (   [0.00],   [0.00]) 659615.06
 psf       : ( [314.57], [336.39])  14.68
             (   [0.00],   [0.00])   0.78
 psf       : (  [78.92], [338.12])  30.00
             (   [0.00],   [0.00]) 663717.50
 psf       : ( [127.93], [334.67])  30.00
             (   [0.00],   [0.00]) 870789.75
 psf       : ( [291.26], [286.54])  30.00
             (   [0.00],   [0.00]) 838780.75
 psf       : ( [180.63], [238.79])  13.12
             (   [0.00],   [0.00])   0.17
 psf       : (  [13.82], [292.09])  26.50
             (   [0.00],   [0.00]) 41600.18
 sky       : [189.50, 175.50]  [0.00e+00]  [0.00e+00]  [0.00e+00]
                                [0.00e+00]  [0.00e+00]  [0.00e+00]
 Chi^2 = 0.00058,  ndof = 132243
 Chi^2/nu = 0.000 

-----------------------------------------------------------------------------
