
GALFIT Version 3.0.5 -- Apr. 23, 2013

















#  Input menu file: fit_2.input


================================================================================
# IMAGE and GALFIT CONTROL PARAMETERS
A) image_sci.fits      # Input data image (FITS file)
B) fit_2.fits          # Output data image block
C) image_rms.fits      # Sigma image name (made from data if blank or "none") 
D) image_psf.fits          # Input PSF image and (optional) diffusion kernel
E) 1                   # PSF fine sampling factor relative to data 
F) none                # Bad pixel mask (FITS image or ASCII coord list)
G) fit_2.limit         # File with parameter constraints (ASCII file) 
H) 1    378  1    350  # Image region to fit (xmin xmax ymin ymax)
I) 378    350          # Size of the convolution box (x y)
J) 0.000               # Magnitude photometric zeropoint 
K) 1.000  1.000        # Plate scale (dx dy)   [arcsec per pixel]
O) regular             # Display type (regular, curses, both)
P) 0                   # Choose: 0=optimize, 1=model, 2=imgblock, 3=subcomps

# INITIAL FITTING PARAMETERS
#
#   For component type, the allowed functions are: 
#       sersic, expdisk, edgedisk, devauc, king, nuker, psf, 
#       gaussian, moffat, ferrer, and sky. 
#  
#   Hidden parameters will only appear when they're specified:
#       Bn (n=integer, Bending Modes).
#       C0 (diskyness/boxyness), 
#       Fn (n=integer, Azimuthal Fourier Modes).
#       R0-R10 (coordinate rotation, for creating spiral structures).
#       To, Ti, T0-T10 (truncation function).
# 
# ------------------------------------------------------------------------------
#   par)    par value(s)    fit toggle(s)    # parameter description 
# ------------------------------------------------------------------------------

# Component number: 1
 0) psf                    #  Component type
 1) 240.0790 91.2950  0 0  #  Position x, y 
 3) 30.0000     1          #  Integrated magnitude 
 4) 0.0000      0          #     ----- 
 5) 0.0000      0          #     ----- 
 6) 0.0000      0          #     ----- 
 7) 0.0000      0          #     ----- 
 8) 0.0000      0          #     ----- 
 9) 1.0000      0          #  Axis ratio (b/a)  
10) 0.0000      0          #  Position angle (PA) [deg: Up=0, Left=90]
 Z) 0                      #  Skip this model in output image?  (yes=1, no=0)

# Component number: 2
 0) gaussian               #  Component type
 1) 65.8300  103.6940 1 1  #  Position x, y 
 3) 12.7100     1          #  Integrated magnitude 
 4) 4.5580      1          #     FWHM       [pix]
 5) 0.0000      0          #     ----- 
 6) 0.0000      0          #     ----- 
 7) 0.0000      0          #     ----- 
 8) 0.0000      0          #     ----- 
 9) 1.0000      1          #  Axis ratio (b/a)  
10) 0.0000      1          #  Position angle (PA) [deg: Up=0, Left=90]
 Z) 0                      #  Skip this model in output image?  (yes=1, no=0)

# Component number: 3
 0) gaussian               #  Component type
 1) 143.9290 107.9630 1 1  #  Position x, y 
 3) 12.3770     1          #  Integrated magnitude 
 4) 4.5580      1          #     FWHM       [pix]
 5) 0.0000      0          #     ----- 
 6) 0.0000      0          #     ----- 
 7) 0.0000      0          #     ----- 
 8) 0.0000      0          #     ----- 
 9) 1.0000      1          #  Axis ratio (b/a)  
10) 0.0000      1          #  Position angle (PA) [deg: Up=0, Left=90]
 Z) 0                      #  Skip this model in output image?  (yes=1, no=0)

# Component number: 4
 0) gaussian               #  Component type
 1) 239.8500 144.2310 1 1  #  Position x, y 
 3) 11.8490     1          #  Integrated magnitude 
 4) 4.5580      1          #     FWHM       [pix]
 5) 0.0000      0          #     ----- 
 6) 0.0000      0          #     ----- 
 7) 0.0000      0          #     ----- 
 8) 0.0000      0          #     ----- 
 9) 1.0000      1          #  Axis ratio (b/a)  
10) 0.0000      1          #  Position angle (PA) [deg: Up=0, Left=90]
 Z) 0                      #  Skip this model in output image?  (yes=1, no=0)

# Component number: 5
 0) psf                    #  Component type
 1) 143.9100 151.9980 0 0  #  Position x, y 
 3) 30.0000     1          #  Integrated magnitude 
 4) 0.0000      0          #     ----- 
 5) 0.0000      0          #     ----- 
 6) 0.0000      0          #     ----- 
 7) 0.0000      0          #     ----- 
 8) 0.0000      0          #     ----- 
 9) 1.0000      0          #  Axis ratio (b/a)  
10) 0.0000      0          #  Position angle (PA) [deg: Up=0, Left=90]
 Z) 0                      #  Skip this model in output image?  (yes=1, no=0)

# Component number: 6
 0) gaussian               #  Component type
 1) 146.1690 164.6580 1 1  #  Position x, y 
 3) 12.0580     1          #  Integrated magnitude 
 4) 4.5580      1          #     FWHM       [pix]
 5) 0.0000      0          #     ----- 
 6) 0.0000      0          #     ----- 
 7) 0.0000      0          #     ----- 
 8) 0.0000      0          #     ----- 
 9) 1.0000      1          #  Axis ratio (b/a)  
10) 0.0000      1          #  Position angle (PA) [deg: Up=0, Left=90]
 Z) 0                      #  Skip this model in output image?  (yes=1, no=0)

# Component number: 7
 0) psf                    #  Component type
 1) 234.6610 229.9250 0 0  #  Position x, y 
 3) 30.0000     1          #  Integrated magnitude 
 4) 0.0000      0          #     ----- 
 5) 0.0000      0          #     ----- 
 6) 0.0000      0          #     ----- 
 7) 0.0000      0          #     ----- 
 8) 0.0000      0          #     ----- 
 9) 1.0000      0          #  Axis ratio (b/a)  
10) 0.0000      0          #  Position angle (PA) [deg: Up=0, Left=90]
 Z) 0                      #  Skip this model in output image?  (yes=1, no=0)

# Component number: 8
 0) psf                    #  Component type
 1) 63.9540  229.4310 0 0  #  Position x, y 
 3) 30.0000     1          #  Integrated magnitude 
 4) 0.0000      0          #     ----- 
 5) 0.0000      0          #     ----- 
 6) 0.0000      0          #     ----- 
 7) 0.0000      0          #     ----- 
 8) 0.0000      0          #     ----- 
 9) 1.0000      0          #  Axis ratio (b/a)  
10) 0.0000      0          #  Position angle (PA) [deg: Up=0, Left=90]
 Z) 0                      #  Skip this model in output image?  (yes=1, no=0)

# Component number: 9
 0) gaussian               #  Component type
 1) 244.5040 218.7980 1 1  #  Position x, y 
 3) 9.5160      1          #  Integrated magnitude 
 4) 4.5580      1          #     FWHM       [pix]
 5) 0.0000      0          #     ----- 
 6) 0.0000      0          #     ----- 
 7) 0.0000      0          #     ----- 
 8) 0.0000      0          #     ----- 
 9) 1.0000      1          #  Axis ratio (b/a)  
10) 0.0000      1          #  Position angle (PA) [deg: Up=0, Left=90]
 Z) 0                      #  Skip this model in output image?  (yes=1, no=0)

# Component number: 10
 0) psf                    #  Component type
 1) 358.7280 195.2800 0 0  #  Position x, y 
 3) 30.0000     1          #  Integrated magnitude 
 4) 0.0000      0          #     ----- 
 5) 0.0000      0          #     ----- 
 6) 0.0000      0          #     ----- 
 7) 0.0000      0          #     ----- 
 8) 0.0000      0          #     ----- 
 9) 1.0000      0          #  Axis ratio (b/a)  
10) 0.0000      0          #  Position angle (PA) [deg: Up=0, Left=90]
 Z) 0                      #  Skip this model in output image?  (yes=1, no=0)

# Component number: 11
 0) psf                    #  Component type
 1) 127.7460 290.6930 0 0  #  Position x, y 
 3) 30.0000     1          #  Integrated magnitude 
 4) 0.0000      0          #     ----- 
 5) 0.0000      0          #     ----- 
 6) 0.0000      0          #     ----- 
 7) 0.0000      0          #     ----- 
 8) 0.0000      0          #     ----- 
 9) 1.0000      0          #  Axis ratio (b/a)  
10) 0.0000      0          #  Position angle (PA) [deg: Up=0, Left=90]
 Z) 0                      #  Skip this model in output image?  (yes=1, no=0)

# Component number: 12
 0) psf                    #  Component type
 1) 329.9210 277.9230 0 0  #  Position x, y 
 3) 14.3400     1          #  Integrated magnitude 
 4) 0.0000      0          #     ----- 
 5) 0.0000      0          #     ----- 
 6) 0.0000      0          #     ----- 
 7) 0.0000      0          #     ----- 
 8) 0.0000      0          #     ----- 
 9) 1.0000      0          #  Axis ratio (b/a)  
10) 0.0000      0          #  Position angle (PA) [deg: Up=0, Left=90]
 Z) 0                      #  Skip this model in output image?  (yes=1, no=0)

# Component number: 13
 0) psf                    #  Component type
 1) 116.5680 235.3800 0 0  #  Position x, y 
 3) 30.0000     1          #  Integrated magnitude 
 4) 0.0000      0          #     ----- 
 5) 0.0000      0          #     ----- 
 6) 0.0000      0          #     ----- 
 7) 0.0000      0          #     ----- 
 8) 0.0000      0          #     ----- 
 9) 1.0000      0          #  Axis ratio (b/a)  
10) 0.0000      0          #  Position angle (PA) [deg: Up=0, Left=90]
 Z) 0                      #  Skip this model in output image?  (yes=1, no=0)

# Component number: 14
 0) psf                    #  Component type
 1) 180.6320 238.7940 0 0  #  Position x, y 
 3) 30.0000     1          #  Integrated magnitude 
 4) 0.0000      0          #     ----- 
 5) 0.0000      0          #     ----- 
 6) 0.0000      0          #     ----- 
 7) 0.0000      0          #     ----- 
 8) 0.0000      0          #     ----- 
 9) 1.0000      0          #  Axis ratio (b/a)  
10) 0.0000      0          #  Position angle (PA) [deg: Up=0, Left=90]
 Z) 0                      #  Skip this model in output image?  (yes=1, no=0)

# Component number: 15
 0) sky                    #  Component type
 1) 0.000e+00      0       #  Sky background at center of fitting region [ADUs]
 2) 0.000e+00      0       #  dsky/dx (sky gradient in x)     [ADUs/pix]
 3) 0.000e+00      0       #  dsky/dy (sky gradient in y)     [ADUs/pix]
 Z) 0                      #  Skip this model in output image?  (yes=1, no=0)

================================================================================



-- WARNING: The exposure time header is missing.  Default to 1 second.

-- No CCD charge diffusion kernel found or applied.
-- No bad pixel mask image used.

================================================================================
Initial parameters:
 psf       : ( [240.08],  [91.29])  30.00     ---     ---     ---     ---
 gaussian  : (   65.83,   103.69)   12.71      4.56     ---    1.00     0.00
 gaussian  : (  143.93,   107.96)   12.38      4.56     ---    1.00     0.00
 gaussian  : (  239.85,   144.23)   11.85      4.56     ---    1.00     0.00
 psf       : ( [143.91], [152.00])  30.00     ---     ---     ---     ---
 gaussian  : (  146.17,   164.66)   12.06      4.56     ---    1.00     0.00
 psf       : ( [234.66], [229.93])  30.00     ---     ---     ---     ---
 psf       : (  [63.95], [229.43])  30.00     ---     ---     ---     ---
 gaussian  : (  244.50,   218.80)    9.52      4.56     ---    1.00     0.00
 psf       : ( [358.73], [195.28])  30.00     ---     ---     ---     ---
 psf       : ( [127.75], [290.69])  30.00     ---     ---     ---     ---
 psf       : ( [329.92], [277.92])  14.34     ---     ---     ---     ---
 psf       : ( [116.57], [235.38])  30.00     ---     ---     ---     ---
 psf       : ( [180.63], [238.79])  30.00     ---     ---     ---     ---
 sky       : [189.50, 175.50]  [0.00e+00]  [0.00e+00]  [0.00e+00]
================================================================================

Iteration : 1     Chi2nu: 3.257e-09     dChi2/Chi2: -2.32e+30   alamda: 1e-03     
 psf       : ( [240.08],  [91.29])  30.00     ---     ---     ---     ---
 gaussian  : (   62.30,   105.22)   10.98      0.54     ---    0.21     0.00
 gaussian  : (  142.73,   107.65)   15.53     *0.25*    ---    0.10     0.00
 gaussian  : (  239.60,   144.45)   11.91      7.21     ---    0.10    36.00
 psf       : ( [143.91], [152.00])  30.00     ---     ---     ---     ---
 gaussian  : (  144.44,   163.69)   10.01     14.36     ---    0.10     0.00
 psf       : ( [234.66], [229.93])  30.00     ---     ---     ---     ---
 psf       : (  [63.95], [229.43])  30.00     ---     ---     ---     ---
 gaussian  : (  244.69,   218.91)    8.72      4.60     ---    0.94     0.00
 psf       : ( [358.73], [195.28])  30.00     ---     ---     ---     ---
 psf       : ( [127.75], [290.69])  30.00     ---     ---     ---     ---
 psf       : ( [329.92], [277.92])  14.60     ---     ---     ---     ---
 psf       : ( [116.57], [235.38])  30.00     ---     ---     ---     ---
 psf       : ( [180.63], [238.79])  30.00     ---     ---     ---     ---
 sky       : [189.50, 175.50]  [0.00e+00]  [0.00e+00]  [0.00e+00]
COUNTDOWN = 99 

Iteration : 2     Chi2nu: 3.257e-09     dChi2/Chi2: 2.64e-08    alamda: 1e-02     
 psf       : ( [240.08],  [91.29])  30.00     ---     ---     ---     ---
 gaussian  : (   62.30,   105.22)   10.98      0.54     ---    0.21     0.00
 gaussian  : (  142.73,   107.65)   15.53     *0.25*    ---    0.10     0.00
 gaussian  : (  239.60,   144.45)   11.91      7.21     ---    0.10    36.00
 psf       : ( [143.91], [152.00])  30.00     ---     ---     ---     ---
 gaussian  : (  144.44,   163.69)   10.01     14.36     ---    0.10     0.00
 psf       : ( [234.66], [229.93])  30.00     ---     ---     ---     ---
 psf       : (  [63.95], [229.43])  30.00     ---     ---     ---     ---
 gaussian  : (  244.69,   218.91)    8.72      4.60     ---    0.94     0.00
 psf       : ( [358.73], [195.28])  30.00     ---     ---     ---     ---
 psf       : ( [127.75], [290.69])  30.00     ---     ---     ---     ---
 psf       : ( [329.92], [277.92])  14.60     ---     ---     ---     ---
 psf       : ( [116.57], [235.38])  30.00     ---     ---     ---     ---
 psf       : ( [180.63], [238.79])  30.00     ---     ---     ---     ---
 sky       : [189.50, 175.50]  [0.00e+00]  [0.00e+00]  [0.00e+00]
COUNTDOWN = 10 

Iteration : 3     Chi2nu: 3.257e-09     dChi2/Chi2: 2.64e-08    alamda: 1e-01     
 psf       : ( [240.08],  [91.29])  30.00     ---     ---     ---     ---
 gaussian  : (   62.30,   105.22)   10.98      0.54     ---    0.21     0.00
 gaussian  : (  142.73,   107.65)   15.53     *0.25*    ---    0.10     0.00
 gaussian  : (  239.60,   144.45)   11.91      7.21     ---    0.10    36.00
 psf       : ( [143.91], [152.00])  30.00     ---     ---     ---     ---
 gaussian  : (  144.44,   163.69)   10.01     14.36     ---    0.10     0.00
 psf       : ( [234.66], [229.93])  30.00     ---     ---     ---     ---
 psf       : (  [63.95], [229.43])  30.00     ---     ---     ---     ---
 gaussian  : (  244.69,   218.91)    8.72      4.60     ---    0.94     0.00
 psf       : ( [358.73], [195.28])  30.00     ---     ---     ---     ---
 psf       : ( [127.75], [290.69])  30.00     ---     ---     ---     ---
 psf       : ( [329.92], [277.92])  14.60     ---     ---     ---     ---
 psf       : ( [116.57], [235.38])  30.00     ---     ---     ---     ---
 psf       : ( [180.63], [238.79])  30.00     ---     ---     ---     ---
 sky       : [189.50, 175.50]  [0.00e+00]  [0.00e+00]  [0.00e+00]
COUNTDOWN = 9 

Iteration : 4     Chi2nu: 3.153e-09     dChi2/Chi2: -3.28e-02   alamda: 1e-02     
 psf       : ( [240.08],  [91.29])  30.00     ---     ---     ---     ---
 gaussian  : (   61.27,   105.19)   11.22      7.38     ---    0.10    11.50
 gaussian  : (  139.37,   103.40)   10.30     27.35     ---    0.10    36.00
 gaussian  : (  238.87,   144.98)   11.45      6.00     ---    0.91    49.52
 psf       : ( [143.91], [152.00])  30.00     ---     ---     ---     ---
 gaussian  : (  144.89,   162.93)   10.63     14.36     ---    0.29     0.00
 psf       : ( [234.66], [229.93])  30.00     ---     ---     ---     ---
 psf       : (  [63.95], [229.43])  30.00     ---     ---     ---     ---
 gaussian  : (  244.62,   218.88)    8.86      4.74     ---    0.94    44.82
 psf       : ( [358.73], [195.28])  30.00     ---     ---     ---     ---
 psf       : ( [127.75], [290.69])  30.00     ---     ---     ---     ---
 psf       : ( [329.92], [277.92])  14.60     ---     ---     ---     ---
 psf       : ( [116.57], [235.38])  30.00     ---     ---     ---     ---
 psf       : ( [180.63], [238.79])  30.00     ---     ---     ---     ---
 sky       : [189.50, 175.50]  [0.00e+00]  [0.00e+00]  [0.00e+00]
COUNTDOWN = 96 

Iteration : 5     Chi2nu: 3.130e-09     dChi2/Chi2: -7.53e-03   alamda: 1e-03     
 psf       : ( [240.08],  [91.29])  30.00     ---     ---     ---     ---
 gaussian  : (   61.67,   104.51)   11.11      9.60     ---    0.68     1.41
 gaussian  : (  141.28,   103.40)   11.38     27.35     ---    0.10    36.63
 gaussian  : (  239.29,   144.71)   11.55      6.88     ---    0.77     0.00
 psf       : ( [143.91], [152.00])  30.00     ---     ---     ---     ---
 gaussian  : (  145.39,   163.75)   10.64     11.17     ---    0.35     0.00
 psf       : ( [234.66], [229.93])  30.00     ---     ---     ---     ---
 psf       : (  [63.95], [229.43])  30.00     ---     ---     ---     ---
 gaussian  : (  244.60,   218.86)    8.92      4.85     ---    0.88    20.73
 psf       : ( [358.73], [195.28])  30.00     ---     ---     ---     ---
 psf       : ( [127.75], [290.69])  30.00     ---     ---     ---     ---
 psf       : ( [329.92], [277.92])  14.64     ---     ---     ---     ---
 psf       : ( [116.57], [235.38])  30.00     ---     ---     ---     ---
 psf       : ( [180.63], [238.79])  30.00     ---     ---     ---     ---
 sky       : [189.50, 175.50]  [0.00e+00]  [0.00e+00]  [0.00e+00]
COUNTDOWN = 10 

Iteration : 6     Chi2nu: 3.130e-09     dChi2/Chi2: -1.68e-09   alamda: 1e-02     
 psf       : ( [240.08],  [91.29])  30.00     ---     ---     ---     ---
 gaussian  : (   61.67,   104.51)   11.11      9.60     ---    0.68     1.41
 gaussian  : (  141.28,   103.40)   11.38     27.35     ---    0.10    36.63
 gaussian  : (  239.29,   144.71)   11.55      6.88     ---    0.77     0.00
 psf       : ( [143.91], [152.00])  30.00     ---     ---     ---     ---
 gaussian  : (  145.39,   163.75)   10.64     11.17     ---    0.35     0.00
 psf       : ( [234.66], [229.93])  30.00     ---     ---     ---     ---
 psf       : (  [63.95], [229.43])  30.00     ---     ---     ---     ---
 gaussian  : (  244.60,   218.86)    8.92      4.85     ---    0.88    20.73
 psf       : ( [358.73], [195.28])  30.00     ---     ---     ---     ---
 psf       : ( [127.75], [290.69])  30.00     ---     ---     ---     ---
 psf       : ( [329.92], [277.92])  14.64     ---     ---     ---     ---
 psf       : ( [116.57], [235.38])  30.00     ---     ---     ---     ---
 psf       : ( [180.63], [238.79])  30.00     ---     ---     ---     ---
 sky       : [189.50, 175.50]  [0.00e+00]  [0.00e+00]  [0.00e+00]
COUNTDOWN = 9 

Iteration : 7     Chi2nu: 3.130e-09     dChi2/Chi2: -1.68e-09   alamda: 1e-01     
 psf       : ( [240.08],  [91.29])  30.00     ---     ---     ---     ---
 gaussian  : (   61.67,   104.51)   11.11      9.60     ---    0.68     1.41
 gaussian  : (  141.28,   103.40)   11.38     27.35     ---    0.10    36.63
 gaussian  : (  239.29,   144.71)   11.55      6.88     ---    0.77     0.00
 psf       : ( [143.91], [152.00])  30.00     ---     ---     ---     ---
 gaussian  : (  145.39,   163.75)   10.64     11.17     ---    0.35     0.00
 psf       : ( [234.66], [229.93])  30.00     ---     ---     ---     ---
 psf       : (  [63.95], [229.43])  30.00     ---     ---     ---     ---
 gaussian  : (  244.60,   218.86)    8.92      4.85     ---    0.88    20.73
 psf       : ( [358.73], [195.28])  30.00     ---     ---     ---     ---
 psf       : ( [127.75], [290.69])  30.00     ---     ---     ---     ---
 psf       : ( [329.92], [277.92])  14.64     ---     ---     ---     ---
 psf       : ( [116.57], [235.38])  30.00     ---     ---     ---     ---
 psf       : ( [180.63], [238.79])  30.00     ---     ---     ---     ---
 sky       : [189.50, 175.50]  [0.00e+00]  [0.00e+00]  [0.00e+00]
COUNTDOWN = 8 

Iteration : 8     Chi2nu: 3.130e-09     dChi2/Chi2: -1.68e-09   alamda: 1e+00     
 psf       : ( [240.08],  [91.29])  30.00     ---     ---     ---     ---
 gaussian  : (   61.67,   104.51)   11.11      9.60     ---    0.68     1.41
 gaussian  : (  141.28,   103.40)   11.38     27.35     ---    0.10    36.63
 gaussian  : (  239.29,   144.71)   11.55      6.88     ---    0.77     0.00
 psf       : ( [143.91], [152.00])  30.00     ---     ---     ---     ---
 gaussian  : (  145.39,   163.75)   10.64     11.17     ---    0.35     0.00
 psf       : ( [234.66], [229.93])  30.00     ---     ---     ---     ---
 psf       : (  [63.95], [229.43])  30.00     ---     ---     ---     ---
 gaussian  : (  244.60,   218.86)    8.92      4.85     ---    0.88    20.73
 psf       : ( [358.73], [195.28])  30.00     ---     ---     ---     ---
 psf       : ( [127.75], [290.69])  30.00     ---     ---     ---     ---
 psf       : ( [329.92], [277.92])  14.64     ---     ---     ---     ---
 psf       : ( [116.57], [235.38])  30.00     ---     ---     ---     ---
 psf       : ( [180.63], [238.79])  30.00     ---     ---     ---     ---
 sky       : [189.50, 175.50]  [0.00e+00]  [0.00e+00]  [0.00e+00]
COUNTDOWN = 7 

Iteration : 9     Chi2nu: 3.127e-09     dChi2/Chi2: -7.61e-04   alamda: 1e-01     
 psf       : ( [240.08],  [91.29])  30.00     ---     ---     ---     ---
 gaussian  : (   62.17,   104.31)   10.95      8.63     ---    0.79     0.00
 gaussian  : (  140.97,   103.40)   11.75     27.35     ---    0.16    38.74
 gaussian  : (  239.34,   144.39)   11.50      6.58     ---    0.62     0.00
 psf       : ( [143.91], [152.00])  30.00     ---     ---     ---     ---
 gaussian  : (  145.46,   163.67)   10.63     11.19     ---    0.34     0.00
 psf       : ( [234.66], [229.93])  30.00     ---     ---     ---     ---
 psf       : (  [63.95], [229.43])  30.00     ---     ---     ---     ---
 gaussian  : (  244.61,   218.86)    8.92      4.84     ---    0.88    27.39
 psf       : ( [358.73], [195.28])  30.00     ---     ---     ---     ---
 psf       : ( [127.75], [290.69])  30.00     ---     ---     ---     ---
 psf       : ( [329.92], [277.92])  14.63     ---     ---     ---     ---
 psf       : ( [116.57], [235.38])  30.00     ---     ---     ---     ---
 psf       : ( [180.63], [238.79])  30.00     ---     ---     ---     ---
 sky       : [189.50, 175.50]  [0.00e+00]  [0.00e+00]  [0.00e+00]
COUNTDOWN = 91 

Iteration : 10    Chi2nu: 3.127e-09     dChi2/Chi2: -2.39e-04   alamda: 1e-02     
 psf       : ( [240.08],  [91.29])  30.00     ---     ---     ---     ---
 gaussian  : (   62.38,   104.39)   11.02      8.14     ---    0.99     0.00
 gaussian  : (  144.59,   103.40)   12.88     27.35     ---    0.10    35.22
 gaussian  : (  239.73,   143.90)   11.55      6.60     ---    0.56     0.00
 psf       : ( [143.91], [152.00])  30.00     ---     ---     ---     ---
 gaussian  : (  145.49,   163.62)   10.56     11.69     ---    0.31     0.00
 psf       : ( [234.66], [229.93])  30.00     ---     ---     ---     ---
 psf       : (  [63.95], [229.43])  30.00     ---     ---     ---     ---
 gaussian  : (  244.62,   218.86)    8.91      4.86     ---    0.87    32.64
 psf       : ( [358.73], [195.28])  30.00     ---     ---     ---     ---
 psf       : ( [127.75], [290.69])  30.00     ---     ---     ---     ---
 psf       : ( [329.92], [277.92])  14.64     ---     ---     ---     ---
 psf       : ( [116.57], [235.38])  30.00     ---     ---     ---     ---
 psf       : ( [180.63], [238.79])  30.00     ---     ---     ---     ---
 sky       : [189.50, 175.50]  [0.00e+00]  [0.00e+00]  [0.00e+00]
COUNTDOWN = 10 

Iteration : 11    Chi2nu: 3.127e-09     dChi2/Chi2: 2.66e-08    alamda: 1e-01     
 psf       : ( [240.08],  [91.29])  30.00     ---     ---     ---     ---
 gaussian  : (   62.38,   104.39)   11.02      8.14     ---    0.99     0.00
 gaussian  : (  144.59,   103.40)   12.88     27.35     ---    0.10    35.22
 gaussian  : (  239.73,   143.90)   11.55      6.60     ---    0.56     0.00
 psf       : ( [143.91], [152.00])  30.00     ---     ---     ---     ---
 gaussian  : (  145.49,   163.62)   10.56     11.69     ---    0.31     0.00
 psf       : ( [234.66], [229.93])  30.00     ---     ---     ---     ---
 psf       : (  [63.95], [229.43])  30.00     ---     ---     ---     ---
 gaussian  : (  244.62,   218.86)    8.91      4.86     ---    0.87    32.64
 psf       : ( [358.73], [195.28])  30.00     ---     ---     ---     ---
 psf       : ( [127.75], [290.69])  30.00     ---     ---     ---     ---
 psf       : ( [329.92], [277.92])  14.64     ---     ---     ---     ---
 psf       : ( [116.57], [235.38])  30.00     ---     ---     ---     ---
 psf       : ( [180.63], [238.79])  30.00     ---     ---     ---     ---
 sky       : [189.50, 175.50]  [0.00e+00]  [0.00e+00]  [0.00e+00]
COUNTDOWN = 9 

Iteration : 12    Chi2nu: 3.127e-09     dChi2/Chi2: 2.66e-08    alamda: 1e+00     
 psf       : ( [240.08],  [91.29])  30.00     ---     ---     ---     ---
 gaussian  : (   62.38,   104.39)   11.02      8.14     ---    0.99     0.00
 gaussian  : (  144.59,   103.40)   12.88     27.35     ---    0.10    35.22
 gaussian  : (  239.73,   143.90)   11.55      6.60     ---    0.56     0.00
 psf       : ( [143.91], [152.00])  30.00     ---     ---     ---     ---
 gaussian  : (  145.49,   163.62)   10.56     11.69     ---    0.31     0.00
 psf       : ( [234.66], [229.93])  30.00     ---     ---     ---     ---
 psf       : (  [63.95], [229.43])  30.00     ---     ---     ---     ---
 gaussian  : (  244.62,   218.86)    8.91      4.86     ---    0.87    32.64
 psf       : ( [358.73], [195.28])  30.00     ---     ---     ---     ---
 psf       : ( [127.75], [290.69])  30.00     ---     ---     ---     ---
 psf       : ( [329.92], [277.92])  14.64     ---     ---     ---     ---
 psf       : ( [116.57], [235.38])  30.00     ---     ---     ---     ---
 psf       : ( [180.63], [238.79])  30.00     ---     ---     ---     ---
 sky       : [189.50, 175.50]  [0.00e+00]  [0.00e+00]  [0.00e+00]
COUNTDOWN = 8 

Iteration : 13    Chi2nu: 3.127e-09     dChi2/Chi2: 2.66e-08    alamda: 1e+01     
 psf       : ( [240.08],  [91.29])  30.00     ---     ---     ---     ---
 gaussian  : (   62.38,   104.39)   11.02      8.14     ---    0.99     0.00
 gaussian  : (  144.59,   103.40)   12.88     27.35     ---    0.10    35.22
 gaussian  : (  239.73,   143.90)   11.55      6.60     ---    0.56     0.00
 psf       : ( [143.91], [152.00])  30.00     ---     ---     ---     ---
 gaussian  : (  145.49,   163.62)   10.56     11.69     ---    0.31     0.00
 psf       : ( [234.66], [229.93])  30.00     ---     ---     ---     ---
 psf       : (  [63.95], [229.43])  30.00     ---     ---     ---     ---
 gaussian  : (  244.62,   218.86)    8.91      4.86     ---    0.87    32.64
 psf       : ( [358.73], [195.28])  30.00     ---     ---     ---     ---
 psf       : ( [127.75], [290.69])  30.00     ---     ---     ---     ---
 psf       : ( [329.92], [277.92])  14.64     ---     ---     ---     ---
 psf       : ( [116.57], [235.38])  30.00     ---     ---     ---     ---
 psf       : ( [180.63], [238.79])  30.00     ---     ---     ---     ---
 sky       : [189.50, 175.50]  [0.00e+00]  [0.00e+00]  [0.00e+00]
COUNTDOWN = 7 

Iteration : 14    Chi2nu: 3.126e-09     dChi2/Chi2: -9.55e-05   alamda: 1e+00     
 psf       : ( [240.08],  [91.29])  30.00     ---     ---     ---     ---
 gaussian  : (   62.38,   104.39)   11.03      8.15     ---    1.00    80.19
 gaussian  : (  144.70,   103.40)   13.01     24.85     ---    0.13    31.46
 gaussian  : (  239.72,   143.92)   11.56      6.55     ---    0.54     0.00
 psf       : ( [143.91], [152.00])  30.00     ---     ---     ---     ---
 gaussian  : (  145.49,   163.63)   10.56     11.62     ---    0.30     0.00
 psf       : ( [234.66], [229.93])  30.00     ---     ---     ---     ---
 psf       : (  [63.95], [229.43])  30.00     ---     ---     ---     ---
 gaussian  : (  244.62,   218.86)    8.91      4.86     ---    0.87    32.80
 psf       : ( [358.73], [195.28])  30.00     ---     ---     ---     ---
 psf       : ( [127.75], [290.69])  30.00     ---     ---     ---     ---
 psf       : ( [329.92], [277.92])  14.64     ---     ---     ---     ---
 psf       : ( [116.57], [235.38])  30.00     ---     ---     ---     ---
 psf       : ( [180.63], [238.79])  30.00     ---     ---     ---     ---
 sky       : [189.50, 175.50]  [0.00e+00]  [0.00e+00]  [0.00e+00]
COUNTDOWN = 6 

Iteration : 15    Chi2nu: 3.126e-09     dChi2/Chi2: 4.76e-09    alamda: 1e+01     
 psf       : ( [240.08],  [91.29])  30.00     ---     ---     ---     ---
 gaussian  : (   62.38,   104.39)   11.03      8.15     ---    1.00    80.19
 gaussian  : (  144.70,   103.40)   13.01     24.85     ---    0.13    31.46
 gaussian  : (  239.72,   143.92)   11.56      6.55     ---    0.54     0.00
 psf       : ( [143.91], [152.00])  30.00     ---     ---     ---     ---
 gaussian  : (  145.49,   163.63)   10.56     11.62     ---    0.30     0.00
 psf       : ( [234.66], [229.93])  30.00     ---     ---     ---     ---
 psf       : (  [63.95], [229.43])  30.00     ---     ---     ---     ---
 gaussian  : (  244.62,   218.86)    8.91      4.86     ---    0.87    32.80
 psf       : ( [358.73], [195.28])  30.00     ---     ---     ---     ---
 psf       : ( [127.75], [290.69])  30.00     ---     ---     ---     ---
 psf       : ( [329.92], [277.92])  14.64     ---     ---     ---     ---
 psf       : ( [116.57], [235.38])  30.00     ---     ---     ---     ---
 psf       : ( [180.63], [238.79])  30.00     ---     ---     ---     ---
 sky       : [189.50, 175.50]  [0.00e+00]  [0.00e+00]  [0.00e+00]
COUNTDOWN = 5 

Iteration : 16    Chi2nu: 3.126e-09     dChi2/Chi2: -9.29e-05   alamda: 1e+00     
 psf       : ( [240.08],  [91.29])  30.00     ---     ---     ---     ---
 gaussian  : (   62.38,   104.39)   11.03      8.16     ---    1.00     0.00
 gaussian  : (  144.78,   103.40)   13.09     22.68     ---    0.11    24.75
 gaussian  : (  239.71,   143.93)   11.57      6.51     ---    0.53     0.00
 psf       : ( [143.91], [152.00])  30.00     ---     ---     ---     ---
 gaussian  : (  145.49,   163.63)   10.55     11.57     ---    0.30     0.00
 psf       : ( [234.66], [229.93])  30.00     ---     ---     ---     ---
 psf       : (  [63.95], [229.43])  30.00     ---     ---     ---     ---
 gaussian  : (  244.62,   218.86)    8.91      4.86     ---    0.87    32.93
 psf       : ( [358.73], [195.28])  30.00     ---     ---     ---     ---
 psf       : ( [127.75], [290.69])  30.00     ---     ---     ---     ---
 psf       : ( [329.92], [277.92])  14.63     ---     ---     ---     ---
 psf       : ( [116.57], [235.38])  30.00     ---     ---     ---     ---
 psf       : ( [180.63], [238.79])  30.00     ---     ---     ---     ---
 sky       : [189.50, 175.50]  [0.00e+00]  [0.00e+00]  [0.00e+00]
COUNTDOWN = 4 

Iteration : 17    Chi2nu: 3.126e-09     dChi2/Chi2: -2.14e-08   alamda: 1e+01     
 psf       : ( [240.08],  [91.29])  30.00     ---     ---     ---     ---
 gaussian  : (   62.38,   104.39)   11.03      8.16     ---    1.00     0.00
 gaussian  : (  144.78,   103.40)   13.09     22.68     ---    0.11    24.75
 gaussian  : (  239.71,   143.93)   11.57      6.51     ---    0.53     0.00
 psf       : ( [143.91], [152.00])  30.00     ---     ---     ---     ---
 gaussian  : (  145.49,   163.63)   10.55     11.57     ---    0.30     0.00
 psf       : ( [234.66], [229.93])  30.00     ---     ---     ---     ---
 psf       : (  [63.95], [229.43])  30.00     ---     ---     ---     ---
 gaussian  : (  244.62,   218.86)    8.91      4.86     ---    0.87    32.93
 psf       : ( [358.73], [195.28])  30.00     ---     ---     ---     ---
 psf       : ( [127.75], [290.69])  30.00     ---     ---     ---     ---
 psf       : ( [329.92], [277.92])  14.63     ---     ---     ---     ---
 psf       : ( [116.57], [235.38])  30.00     ---     ---     ---     ---
 psf       : ( [180.63], [238.79])  30.00     ---     ---     ---     ---
 sky       : [189.50, 175.50]  [0.00e+00]  [0.00e+00]  [0.00e+00]
COUNTDOWN = 3 

Iteration : 18    Chi2nu: 3.126e-09     dChi2/Chi2: -7.39e-05   alamda: 1e+00     
 psf       : ( [240.08],  [91.29])  30.00     ---     ---     ---     ---
 gaussian  : (   62.38,   104.40)   11.03      8.16     ---    0.99     0.00
 gaussian  : (  145.03,   103.40)   13.04     22.46     ---    0.10    17.90
 gaussian  : (  239.70,   143.94)   11.58      6.48     ---    0.52     0.00
 psf       : ( [143.91], [152.00])  30.00     ---     ---     ---     ---
 gaussian  : (  145.49,   163.64)   10.55     11.53     ---    0.30     0.00
 psf       : ( [234.66], [229.93])  30.00     ---     ---     ---     ---
 psf       : (  [63.95], [229.43])  30.00     ---     ---     ---     ---
 gaussian  : (  244.62,   218.86)    8.91      4.85     ---    0.87    33.04
 psf       : ( [358.73], [195.28])  30.00     ---     ---     ---     ---
 psf       : ( [127.75], [290.69])  30.00     ---     ---     ---     ---
 psf       : ( [329.92], [277.92])  14.63     ---     ---     ---     ---
 psf       : ( [116.57], [235.38])  30.00     ---     ---     ---     ---
 psf       : ( [180.63], [238.79])  30.00     ---     ---     ---     ---
 sky       : [189.50, 175.50]  [0.00e+00]  [0.00e+00]  [0.00e+00]
COUNTDOWN = 2 

Iteration : 19    Chi2nu: 3.126e-09     dChi2/Chi2: 2.61e-08    alamda: 1e+01     
 psf       : ( [240.08],  [91.29])  30.00     ---     ---     ---     ---
 gaussian  : (   62.38,   104.40)   11.03      8.16     ---    0.99     0.00
 gaussian  : (  145.03,   103.40)   13.04     22.46     ---    0.10    17.90
 gaussian  : (  239.70,   143.94)   11.58      6.48     ---    0.52     0.00
 psf       : ( [143.91], [152.00])  30.00     ---     ---     ---     ---
 gaussian  : (  145.49,   163.64)   10.55     11.53     ---    0.30     0.00
 psf       : ( [234.66], [229.93])  30.00     ---     ---     ---     ---
 psf       : (  [63.95], [229.43])  30.00     ---     ---     ---     ---
 gaussian  : (  244.62,   218.86)    8.91      4.85     ---    0.87    33.04
 psf       : ( [358.73], [195.28])  30.00     ---     ---     ---     ---
 psf       : ( [127.75], [290.69])  30.00     ---     ---     ---     ---
 psf       : ( [329.92], [277.92])  14.63     ---     ---     ---     ---
 psf       : ( [116.57], [235.38])  30.00     ---     ---     ---     ---
 psf       : ( [180.63], [238.79])  30.00     ---     ---     ---     ---
 sky       : [189.50, 175.50]  [0.00e+00]  [0.00e+00]  [0.00e+00]
COUNTDOWN = 1 

Iteration : 20    Chi2nu: 3.126e-09     dChi2/Chi2: -6.00e-05   alamda: 1e+00     
 psf       : ( [240.08],  [91.29])  30.00     ---     ---     ---     ---
 gaussian  : (   62.38,   104.40)   11.03      8.16     ---    1.00    45.74
 gaussian  : (  145.20,   103.40)   12.90     25.36     ---    0.10    12.83
 gaussian  : (  239.70,   143.95)   11.59      6.46     ---    0.50     0.00
 psf       : ( [143.91], [152.00])  30.00     ---     ---     ---     ---
 gaussian  : (  145.49,   163.64)   10.55     11.51     ---    0.30     0.00
 psf       : ( [234.66], [229.93])  30.00     ---     ---     ---     ---
 psf       : (  [63.95], [229.43])  30.00     ---     ---     ---     ---
 gaussian  : (  244.62,   218.86)    8.91      4.85     ---    0.87    33.14
 psf       : ( [358.73], [195.28])  30.00     ---     ---     ---     ---
 psf       : ( [127.75], [290.69])  30.00     ---     ---     ---     ---
 psf       : ( [329.92], [277.92])  14.63     ---     ---     ---     ---
 psf       : ( [116.57], [235.38])  30.00     ---     ---     ---     ---
 psf       : ( [180.63], [238.79])  30.00     ---     ---     ---     ---
 sky       : [189.50, 175.50]  [0.00e+00]  [0.00e+00]  [0.00e+00]
COUNTDOWN = 0 


Fit summary is now being saved into `fit.log'.

