-----------------------------------------------------------------------------

Input image     : image_sci.fits[1:378,1:350] 
Init. par. file : fit_2.input 
Restart file    : galfit.04 
Output image    : fit_2.fits 

 psf       : ( [348.15],   [2.30])  15.34
             (   [0.00],   [0.00])   0.02
 psf       : (  [20.02],  [14.53])  16.69
             (   [0.00],   [0.00])   0.05
 psf       : ( [235.06],  [32.44])  16.76
             (   [0.00],   [0.00])   0.06
 psf       : ( [320.95],  [43.01])  15.47
             (   [0.00],   [0.00])   0.04
 psf       : ( [295.41],   [1.83])  15.32
             (   [0.00],   [0.00])   0.01
 psf       : (  [25.39],  [57.02])  30.00
             (   [0.00],   [0.00]) 358169.38
 psf       : ( [188.89],  [54.22])  30.00
             (   [0.00],   [0.00]) 223638.22
 psf       : ( [321.65],  [72.07])  30.00
             (   [0.00],   [0.00]) 490899.56
 psf       : ( [180.36],  [13.87])  30.00
             (   [0.00],   [0.00]) 154145.59
 psf       : (  [27.54],  [75.25])  30.00
             (   [0.00],   [0.00]) 405821.03
 gaussian  : (   92.57,    80.67)   10.84     *0.25*   0.10    32.30
             (    0.00,     0.00)    0.06     *0.00*   0.00     0.19
 psf       : ( [240.08],  [91.29])  30.00
             (   [0.00],   [0.00]) 471283.06
 psf       : ( [363.75],  [90.94])  15.73
             (   [0.00],   [0.00])   0.09
 gaussian  : (   64.92,   103.65)    6.08      4.32    0.97     0.00
             (    0.00,     0.00)    0.00      0.00    0.00     2.20
 psf       : (  [99.64], [112.95])  16.00
             (   [0.00],   [0.00])   0.10
 gaussian  : (  143.79,   107.77)    6.74      2.89    0.95     0.00
             (    0.00,     0.00)    0.00      0.00    0.00     0.32
 psf       : (   [5.59], [129.19])  30.00
             (   [0.00],   [0.00]) 49714.21
 gaussian  : (  239.99,   143.21)    4.99      5.86    0.98     0.00
             (    0.00,     0.00)    0.00      0.00    0.00     0.99
 psf       : ( [143.91], [152.00])  30.00
             (   [0.00],   [0.00]) 343713.81
 gaussian  : (  144.68,   160.85)    5.79      6.35    0.67     0.00
             (    0.00,     0.01)    0.00      0.04    0.01     0.10
 gaussian  : (  126.37,   144.86)    8.30     16.32    0.10    37.53
             (    0.07,     0.08)    0.02      0.21    0.00     0.03
 gaussian  : (  134.43,   132.02)    6.03      4.26    0.75     0.00
             (    0.00,     0.00)    0.00      0.01    0.00     0.12
 gaussian  : (   71.89,   177.59)    7.02      2.98    0.99     0.00
             (    0.00,     0.00)    0.00      0.01    0.00     9.65
 psf       : (   [9.97], [178.79])  30.00
             (   [0.00],   [0.00]) 163457.02
 psf       : (  [89.25], [172.00])  30.00
             (   [0.00],   [0.00]) 318708.16
 psf       : ( [140.21], [184.08])  15.36
             (   [0.00],   [0.00])   0.19
 psf       : (  [25.65], [187.62])  15.90
             (   [0.00],   [0.00])   0.07
 psf       : ( [247.64], [195.62])  13.79
             (   [0.00],   [0.00])   0.02
 psf       : ( [283.49], [196.88])  30.00
             (   [0.00],   [0.00]) 320526.41
 psf       : ( [368.18], [162.52])  30.00
             (   [0.00],   [0.00]) 716431.88
 psf       : ( [169.29], [190.34])  30.00
             (   [0.00],   [0.00]) 220981.70
 psf       : ( [344.81], [218.12])  30.00
             (   [0.00],   [0.00]) 334293.19
 gaussian  : (  320.26,   211.22)    7.27      2.57    1.00     0.00
             (    0.01,     0.00)    0.00      0.01    0.00    55.42
 psf       : ( [234.66], [229.93])  30.00
             (   [0.00],   [0.00]) 361844.47
 psf       : ( [260.76], [226.63])  30.00
             (   [0.00],   [0.00]) 295388.03
 gaussian  : (  196.58,   193.54)   10.10      0.64    0.11     4.03
             (    0.05,     1.61)    4.60      3.02    1.47    65.40
 psf       : ( [165.19], [169.77])  30.00
             (   [0.00],   [0.00]) 318307.19
 psf       : (  [63.95], [229.43])  30.00
             (   [0.00],   [0.00]) 398198.72
 psf       : ( [369.21], [141.09])  30.00
             (   [0.00],   [0.00]) 814572.06
 gaussian  : (  244.74,   218.80)    2.57      4.87    1.00    11.67
             (    0.01,     0.01)    0.01      0.03    0.01 13645.45
 psf       : ( [358.73], [195.28])  30.00
             (   [0.00],   [0.00]) 304570.88
 psf       : ( [233.59], [297.21])  30.00
             (   [0.00],   [0.00]) 612372.56
 psf       : (  [70.52], [293.17])  15.37
             (   [0.00],   [0.00])   0.86
 psf       : (  [95.94], [299.42])  14.25
             (   [0.00],   [0.00])   0.42
 psf       : ( [127.75], [290.69])  30.00
             (   [0.00],   [0.00]) 224415.88
 psf       : (  [78.97], [282.89])  30.00
             (   [0.00],   [0.00]) 404988.72
 psf       : (  [93.31], [309.92])  15.27
             (   [0.00],   [0.00])   1.04
 psf       : ( [308.21], [271.01])  14.68
             (   [0.00],   [0.00])   0.53
 psf       : ( [329.92], [277.92])  15.18
             (   [0.00],   [0.00])   0.97
 psf       : ( [116.57], [235.38])  30.00
             (   [0.00],   [0.00]) 456621.34
 gaussian  : (   98.64,   329.17)   11.22      3.53    0.98    13.24
             (   19.11,    19.40)   10.97     47.83   14.06 36252.55
 psf       : ( [314.57], [336.39])  30.00
             (   [0.00],   [0.00]) 840099.94
 psf       : (  [78.92], [338.12])  15.03
             (   [0.00],   [0.00])   0.92
 psf       : ( [127.93], [334.67])  15.30
             (   [0.00],   [0.00])   0.81
 psf       : ( [291.26], [286.54])  14.70
             (   [0.00],   [0.00])   0.56
 psf       : ( [180.63], [238.79])  30.00
             (   [0.00],   [0.00]) 262734.56
 psf       : (  [13.82], [292.09])  18.27
             (   [0.00],   [0.00])  17.90
 sky       : [189.50, 175.50]  [0.00e+00]  [0.00e+00]  [0.00e+00]
                                [0.00e+00]  [0.00e+00]  [0.00e+00]
 Chi^2 = 0.00041,  ndof = 132183
 Chi^2/nu = 0.000 

-----------------------------------------------------------------------------
