# CrabPhotAperPhot: version 2017-02-28
# CrabPhotAperPhot: readFitsHeader image_sci.fits extension=0 headersize=8640
# 
#          x           y      radius         npix          sum          min          max         mean          rms     npix_int      sum_int     mean_int   median_int   stddev_int      rms_int   sumabs_int
# 
   348.15300     2.30400    13.67500       343.14            0            0            0            0            0          340            0            0            0            0            0            0
    20.02500    14.53400    13.67500       588.36            0            0            0            0            0          585            0            0            0            0            0            0
   235.06400    32.44500    13.67500       588.29   0.00052299  -8.7475e-06   0.00012604   8.8899e-07   7.9921e-06          584   0.00049252   8.4336e-07            0   8.4531e-06   8.4951e-06    0.0005879
   320.95100    43.00600    13.67500        586.8            0            0            0            0            0          593            0            0            0            0            0            0
   295.41400     1.82600    13.67500       330.17            0            0            0            0            0          333            0            0            0            0            0            0
    25.38700    57.02400    13.67500       588.12            0            0            0            0            0          584            0            0            0            0            0            0
   188.88700    54.21900    13.67500       587.53   -0.0051725  -0.00017325   0.00015614  -8.8037e-06   5.7314e-05          586   -0.0052746   -9.001e-06  -6.5356e-06   5.7235e-05   5.7938e-05     0.026727
   321.65400    72.06800    13.67500       587.99            0            0            0            0            0          587            0            0            0            0            0            0
   180.36300    13.87200    13.67500       586.71    0.0012931  -6.6233e-05   9.6376e-05    2.204e-06   1.3315e-05          587    0.0013606   2.3179e-06            0   1.3189e-05   1.3391e-05    0.0018607
    27.53900    75.25300    13.67500       587.73            0            0            0            0            0          588            0            0            0            0            0            0
    90.53000    85.47300    13.67500       587.14    0.0035442  -0.00019838   0.00013115   6.0363e-06    6.061e-05          590    0.0035461   6.0103e-06   7.5531e-06   6.0796e-05   6.1092e-05     0.028381
   240.07900    91.29500    13.67500       587.85    0.0045646  -0.00023902   0.00018602   7.7649e-06   7.7934e-05          585    0.0046655   7.9752e-06   1.1883e-05    7.899e-05   7.9391e-05     0.036855
   363.75000    90.93600    13.67500       587.48            0            0            0            0            0          587            0            0            0            0            0            0
    70.38800   105.39800    13.67500        587.4    0.0022316  -0.00013991   0.00017115   3.7992e-06   6.2257e-05          591    0.0025147   4.2549e-06   3.8831e-06   6.3016e-05   6.3159e-05     0.030762
    99.63600   112.94800    13.67500       587.73    -0.002936  -0.00019135   0.00018624  -4.9954e-06   6.2565e-05          586   -0.0028714  -4.8999e-06  -2.9559e-06   6.3284e-05   6.3474e-05     0.029122
   142.57600   105.30600    13.67500       587.65    0.0048189  -0.00014678   0.00016798   8.2004e-06   6.2032e-05          588    0.0046092   7.8388e-06    1.059e-05   6.2428e-05   6.2918e-05     0.029828
     5.59100   129.19400    13.67500       429.95            0            0            0            0            0          430            0            0            0            0            0            0
   240.86000   148.29600    13.67500       587.76     0.018519  -0.00022516   0.00027783   3.1508e-05   0.00010157          586     0.018118   3.0918e-05   4.2673e-05   9.8352e-05    0.0001031     0.049725
   143.91000   151.99800    13.67500       586.56    0.0042723  -0.00014736   0.00017802   7.2837e-06   5.9024e-05          590    0.0045976   7.7925e-06   1.0027e-05   6.0057e-05    6.056e-05     0.028143
   142.96800   162.88600    13.67500       586.85    0.0090513  -0.00014736   0.00019388   1.5424e-05   6.4692e-05          588    0.0090443   1.5381e-05   1.1016e-05   6.3221e-05   6.5065e-05     0.030255
   124.45000   150.33200    13.67500       587.52   -0.0036876  -0.00019215   0.00017259  -6.2765e-06   6.3286e-05          590   -0.0037942  -6.4309e-06   -5.195e-06   6.3345e-05    6.367e-05     0.030922
   135.00100   134.54800    13.67500       588.35   0.00088871  -0.00019801   0.00021894   1.5105e-06   6.7549e-05          586   0.00088599   1.5119e-06   2.7483e-06   6.8406e-05   6.8423e-05     0.030286
    73.80800   177.56100    13.67500       587.99  -0.00070176  -0.00016775   0.00013958  -1.1935e-06   5.8848e-05          588  -0.00047298  -8.0438e-07   5.7972e-07   5.9467e-05   5.9472e-05     0.027921
     9.97300   178.78500    13.67500       530.06            0            0            0            0            0          529            0            0            0            0            0            0
    89.25500   172.00100    13.67500       587.78  -0.00025931  -0.00017426    0.0001444  -4.4117e-07   6.2388e-05          587  -0.00027034  -4.6055e-07  -2.2558e-06   6.2775e-05   6.2777e-05     0.029812
   140.21500   184.08400    13.67500       587.67   -0.0029803  -0.00016667    0.0001602  -5.0713e-06    5.774e-05          588   -0.0027953   -4.754e-06  -7.0401e-06   5.8647e-05    5.884e-05     0.027541
    25.64900   187.62500    13.67500       587.57     0.001483  -5.2183e-05   7.1607e-05    2.524e-06   1.1308e-05          589     0.001477   2.5077e-06            0   1.1253e-05   1.1529e-05    0.0018808
   247.64100   195.61700    13.67500       587.52     -0.00921  -0.00029087   0.00029338  -1.5676e-05   9.4552e-05          588   -0.0095914  -1.6312e-05  -1.7012e-05   9.3759e-05   9.5168e-05     0.045372
   283.49300   196.88300    13.67500        588.2   0.00070611  -0.00024113   0.00027695   1.2005e-06   9.0588e-05          588   0.00090961    1.547e-06  -7.3676e-06    9.123e-05   9.1243e-05     0.042862
   368.18300   162.52300    13.67500       546.57            0            0            0            0            0          548            0            0            0            0            0            0
   169.29300   190.34400    13.67500       587.77   -0.0016987  -0.00014731   0.00014395    -2.89e-06   5.4579e-05          586   -0.0014353  -2.4493e-06   2.5917e-05   5.5274e-05   5.5328e-05     0.026743
   344.80700   218.11700    13.67500       587.58   0.00079949  -0.00019469   0.00014213   1.3607e-06   5.4862e-05          587    0.0011098   1.8906e-06            0   5.5174e-05   5.5207e-05     0.021748
   327.00200   212.47100    13.67500       588.38    0.0004108  -0.00020017   0.00013564   6.9819e-07   6.3862e-05          586   0.00038569   6.5817e-07    7.938e-06   6.5272e-05   6.5275e-05     0.030673
   234.66100   229.92500    13.67500       587.74     0.027227  -0.00024969    0.0019258   4.6324e-05    0.0002291          587      0.02837    4.833e-05   8.4841e-06   0.00025004   0.00025467     0.075941
   260.76400   226.63200    13.67500       587.87   0.00012174  -0.00025146   0.00031617   2.0708e-07   0.00010997          588  -0.00019855  -3.3767e-07  -1.2114e-05   0.00011275   0.00011275     0.054266
   191.88200   189.30700    13.67500       587.77    -0.002981  -0.00019783   0.00021417  -5.0717e-06   7.2659e-05          586   -0.0029387  -5.0148e-06   -7.576e-06   7.3392e-05   7.3563e-05     0.035201
   165.18700   169.77500    13.67500        587.6    -0.003971  -0.00015728   0.00014578   -6.758e-06    5.812e-05          586   -0.0035525  -6.0622e-06   -8.484e-06   5.8777e-05   5.9089e-05     0.028227
    63.95400   229.43100    13.67500       587.94    0.0056745  -0.00011068   0.00013986   9.6515e-06   4.1755e-05          585    0.0057003   9.7442e-06            0   4.0885e-05    4.203e-05     0.017206
   369.21000   141.09000    13.67500       526.77            0            0            0            0            0          529            0            0            0            0            0            0
   246.43800   216.78500    13.67500       587.91     0.088157  -0.00027963    0.0033334   0.00014995   0.00054479          587     0.088014   0.00014994   3.0511e-06   0.00052472   0.00054572      0.14231
   358.72800   195.28000    13.67500       587.76    0.0020239  -5.8763e-05   0.00018138   3.4435e-06   2.2098e-05          586    0.0018334   3.1286e-06            0   2.2319e-05   2.2537e-05    0.0035049
   233.58900   297.21500    13.67500       587.93   -0.0013155  -0.00022187   0.00027324  -2.2376e-06   9.1953e-05          587   -0.0016789  -2.8601e-06  -1.1246e-05   9.2856e-05     9.29e-05     0.044189
    70.51900   293.17400    13.67500       588.11            0            0            0            0            0          588            0            0            0            0            0            0
    95.93800   299.41500    13.67500       587.93            0            0            0            0            0          586            0            0            0            0            0            0
   127.74600   290.69300    13.67500       587.81    0.0050073  -0.00017237   0.00015683   8.5185e-06   5.2786e-05          585     0.005197   8.8838e-06            0   5.2676e-05    5.342e-05     0.020042
    78.96700   282.89100    13.67500       586.82            0            0            0            0            0          589            0            0            0            0            0            0
    93.30600   309.92300    13.67500       587.68            0            0            0            0            0          588            0            0            0            0            0            0
   308.20900   271.00700    13.67500       587.71   -0.0057593  -0.00019255   0.00020576  -9.7996e-06   7.4557e-05          587   -0.0058699  -9.9999e-06  -1.5517e-05   7.4749e-05   7.5415e-05     0.035521
   329.92100   277.92300    13.67500       586.85    0.0030934   -0.0001226   0.00023042   5.2713e-06   4.9769e-05          589    0.0029892    5.075e-06            0   4.9929e-05   5.0186e-05     0.014772
   116.56800   235.38000    13.67500       587.36    0.0042127  -0.00016085   0.00014198   7.1722e-06   6.1982e-05          593    0.0045225   7.6264e-06   9.0517e-06   6.2764e-05   6.3225e-05     0.030187
    98.89700   329.37300    13.67500       587.88            0            0            0            0            0          587            0            0            0            0            0            0
   314.56500   336.38700    13.67500       587.33            0            0            0            0            0          593            0            0            0            0            0            0
    78.92100   338.11800    13.67500       577.06            0            0            0            0            0          579            0            0            0            0            0            0
   127.92900   334.66500    13.67500       587.73            0            0            0            0            0          587            0            0            0            0            0            0
   291.26400   286.53600    13.67500        587.7   -0.0096221  -0.00022357   0.00017487  -1.6373e-05   7.0883e-05          589    -0.009339  -1.5856e-05  -1.6882e-05   7.0199e-05   7.1967e-05     0.033867
   180.63200   238.79400    13.67500       587.92    0.0016695  -0.00018991   0.00023094   2.8397e-06   6.4185e-05          588    0.0014188    2.413e-06   8.7343e-06   6.4794e-05   6.4839e-05     0.030251
    13.81800   292.08700    13.67500       586.06            0            0            0            0            0          587            0            0            0            0            0            0

