CrabFitsImageArithmetic: image_sci_input.fits extension=0
CrabFitsImageArithmetic: readFitsHeader image_sci_input.fits extension=0 headersize=8640
CrabFitsImageArithmetic: readFitsImage image_sci_input.fits extension=0 imagesize=378x350 bitpix=-64
CrabFitsImageArithmetic: computing image_sci_input.fits extension=0 multiplies 1 
CrabFitsImageArithmetic: File has been saved to image_sci.fits
CrabFitsImageArithmetic: image_sci_input.fits extension=0
CrabFitsImageArithmetic: readFitsHeader image_sci_input.fits extension=0 headersize=8640
CrabFitsImageArithmetic: readFitsImage image_sci_input.fits extension=0 imagesize=378x350 bitpix=-64
CrabFitsImageArithmetic: computing image_sci_input.fits extension=0 multiplies -1 
CrabFitsImageArithmetic: File has been saved to image_negative.fits
CrabFitsImageArithmetic: image_sci.fits extension=0
CrabFitsImageArithmetic: readFitsHeader image_sci.fits extension=0 headersize=8640
CrabFitsImageArithmetic: readFitsImage image_sci.fits extension=0 imagesize=378x350 bitpix=-64
CrabFitsImageArithmetic: computing image_sci.fits extension=0 multiplies 0 
CrabFitsImageArithmetic: File has been saved to image_zero.fits
CrabFitsImageArithmetic: image_zero.fits extension=0
CrabFitsImageArithmetic: readFitsHeader image_zero.fits extension=0 headersize=8640
CrabFitsImageArithmetic: readFitsImage image_zero.fits extension=0 imagesize=378x350 bitpix=-64
CrabFitsImageArithmetic: computing image_zero.fits extension=0 adds 1 
CrabFitsImageArithmetic: File has been saved to image_rms.fits
CrabFitsImageArithmetic: image_psf_input.fits extension=0
CrabFitsImageArithmetic: readFitsHeader image_psf_input.fits extension=0 headersize=8640
CrabFitsImageArithmetic: readFitsImage image_psf_input.fits extension=0 imagesize=378x350 bitpix=-64
CrabFitsImageArithmetic: computing image_psf_input.fits extension=0 multiplies 1 
CrabFitsImageArithmetic: File has been saved to image_psf.fits
